{
  "D:\\fluentui\\packages\\react-charting\\lib-commonjs\\index.js": {
    "path": "D:\\fluentui\\packages\\react-charting\\lib-commonjs\\index.js",
    "statementMap": {
      "0": { "start": { "line": 2, "column": 0 }, "end": { "line": 2, "column": 62 } },
      "1": { "start": { "line": 3, "column": 14 }, "end": { "line": 3, "column": 30 } },
      "2": { "start": { "line": 4, "column": 0 }, "end": { "line": 4, "column": 63 } },
      "3": { "start": { "line": 5, "column": 0 }, "end": { "line": 5, "column": 55 } },
      "4": { "start": { "line": 6, "column": 0 }, "end": { "line": 6, "column": 52 } },
      "5": { "start": { "line": 7, "column": 0 }, "end": { "line": 7, "column": 54 } },
      "6": { "start": { "line": 8, "column": 0 }, "end": { "line": 8, "column": 54 } },
      "7": { "start": { "line": 9, "column": 0 }, "end": { "line": 9, "column": 53 } },
      "8": { "start": { "line": 10, "column": 0 }, "end": { "line": 10, "column": 60 } },
      "9": { "start": { "line": 11, "column": 0 }, "end": { "line": 11, "column": 61 } },
      "10": { "start": { "line": 12, "column": 0 }, "end": { "line": 12, "column": 68 } },
      "11": { "start": { "line": 13, "column": 0 }, "end": { "line": 13, "column": 68 } },
      "12": { "start": { "line": 14, "column": 0 }, "end": { "line": 14, "column": 59 } },
      "13": { "start": { "line": 15, "column": 0 }, "end": { "line": 15, "column": 56 } },
      "14": { "start": { "line": 16, "column": 0 }, "end": { "line": 16, "column": 75 } },
      "15": { "start": { "line": 17, "column": 0 }, "end": { "line": 17, "column": 57 } },
      "16": { "start": { "line": 18, "column": 0 }, "end": { "line": 18, "column": 56 } },
      "17": { "start": { "line": 19, "column": 0 }, "end": { "line": 19, "column": 54 } },
      "18": { "start": { "line": 20, "column": 0 }, "end": { "line": 20, "column": 54 } },
      "19": { "start": { "line": 21, "column": 0 }, "end": { "line": 21, "column": 21 } }
    },
    "fnMap": {},
    "branchMap": {},
    "s": {
      "0": 1,
      "1": 1,
      "2": 1,
      "3": 0,
      "4": 0,
      "5": 0,
      "6": 0,
      "7": 0,
      "8": 0,
      "9": 0,
      "10": 0,
      "11": 0,
      "12": 0,
      "13": 0,
      "14": 0,
      "15": 0,
      "16": 0,
      "17": 0,
      "18": 0,
      "19": 0
    },
    "f": {},
    "b": {},
    "inputSourceMap": {
      "version": 3,
      "file": "index.js",
      "sourceRoot": "",
      "sources": ["../src/index.ts"],
      "names": [],
      "mappings": ";;;AAAA,+DAAqC;AACrC,uDAA6B;AAC7B,oDAA0B;AAC1B,sDAA4B;AAC5B,sDAA4B;AAC5B,qDAA2B;AAC3B,4DAAkC;AAClC,6DAAmC;AACnC,oEAA0C;AAC1C,oEAA0C;AAC1C,2DAAiC;AACjC,wDAA8B;AAC9B,2EAAiD;AACjD,yDAA+B;AAC/B,wDAA8B;AAC9B,sDAA4B;AAC5B,sDAA4B;AAE5B,qBAAmB"
    },
    "_coverageSchema": "1a1c01bbd47fc00a2c39e90264f33305004495a9",
    "hash": "34d64f280bd6d78a3b3dbcaa717d9e29efe710b1",
    "contentHash": "0741e6625adcdfe73fea8c5393254612a9bc2d9640b7f7b2f07373c1a502dfb6"
  },
  "D:\\fluentui\\packages\\react-charting\\lib-commonjs\\HorizontalBarChart.js": {
    "path": "D:\\fluentui\\packages\\react-charting\\lib-commonjs\\HorizontalBarChart.js",
    "statementMap": {
      "0": { "start": { "line": 2, "column": 0 }, "end": { "line": 2, "column": 62 } },
      "1": { "start": { "line": 3, "column": 14 }, "end": { "line": 3, "column": 30 } },
      "2": { "start": { "line": 4, "column": 0 }, "end": { "line": 4, "column": 80 } }
    },
    "fnMap": {},
    "branchMap": {},
    "s": { "0": 1, "1": 1, "2": 1 },
    "f": {},
    "b": {},
    "inputSourceMap": {
      "version": 3,
      "file": "HorizontalBarChart.js",
      "sourceRoot": "",
      "sources": ["../src/HorizontalBarChart.ts"],
      "names": [],
      "mappings": ";;;AAAA,gFAAsD"
    },
    "_coverageSchema": "1a1c01bbd47fc00a2c39e90264f33305004495a9",
    "hash": "ae3f97029fcb220507cf82304737d19782698508",
    "contentHash": "37a7d5384be0ec56c3dfc095e3e7c482f7c3b01d26d8076bbc96e0c573174763"
  },
  "D:\\fluentui\\packages\\react-charting\\lib-commonjs\\components\\HorizontalBarChart\\index.js": {
    "path": "D:\\fluentui\\packages\\react-charting\\lib-commonjs\\components\\HorizontalBarChart\\index.js",
    "statementMap": {
      "0": { "start": { "line": 2, "column": 0 }, "end": { "line": 2, "column": 62 } },
      "1": { "start": { "line": 3, "column": 14 }, "end": { "line": 3, "column": 30 } },
      "2": { "start": { "line": 4, "column": 0 }, "end": { "line": 4, "column": 63 } },
      "3": { "start": { "line": 5, "column": 0 }, "end": { "line": 5, "column": 69 } },
      "4": { "start": { "line": 6, "column": 0 }, "end": { "line": 6, "column": 60 } }
    },
    "fnMap": {},
    "branchMap": {},
    "s": { "0": 1, "1": 1, "2": 1, "3": 0, "4": 0 },
    "f": {},
    "b": {},
    "inputSourceMap": {
      "version": 3,
      "file": "index.js",
      "sourceRoot": "",
      "sources": ["../../../src/components/HorizontalBarChart/index.ts"],
      "names": [],
      "mappings": ";;;AAAA,+DAAqC;AACrC,qEAA2C;AAC3C,4DAAkC"
    },
    "_coverageSchema": "1a1c01bbd47fc00a2c39e90264f33305004495a9",
    "hash": "e2dcd7424bea80bb694fa8ce1ce01a45a8d08aec",
    "contentHash": "92d30395dbead687366bfc724735c5968f7494ec2cec454aba3bc551a6f92dfa"
  },
  "D:\\fluentui\\packages\\react-charting\\lib-commonjs\\components\\HorizontalBarChart\\HorizontalBarChart.js": {
    "path": "D:\\fluentui\\packages\\react-charting\\lib-commonjs\\components\\HorizontalBarChart\\HorizontalBarChart.js",
    "statementMap": {
      "0": { "start": { "line": 2, "column": 0 }, "end": { "line": 2, "column": 62 } },
      "1": { "start": { "line": 3, "column": 0 }, "end": { "line": 3, "column": 36 } },
      "2": { "start": { "line": 4, "column": 18 }, "end": { "line": 4, "column": 58 } },
      "3": { "start": { "line": 5, "column": 32 }, "end": { "line": 5, "column": 68 } },
      "4": { "start": { "line": 6, "column": 34 }, "end": { "line": 6, "column": 72 } },
      "5": { "start": { "line": 8, "column": 0 }, "end": { "line": 8, "column": 155 } }
    },
    "fnMap": {},
    "branchMap": {},
    "s": { "0": 1, "1": 1, "2": 1, "3": 1, "4": 0, "5": 0 },
    "f": {},
    "b": {},
    "inputSourceMap": {
      "version": 3,
      "file": "HorizontalBarChart.js",
      "sourceRoot": "",
      "sources": ["../../../src/components/HorizontalBarChart/HorizontalBarChart.tsx"],
      "names": [],
      "mappings": ";;;AACA,2DAAuD;AAMvD,qEAAmE;AACnE,yEAA0E;AAE1E,oGAAoG;AACvF,QAAA,kBAAkB,GAAsD,kBAAM,CAIzF,gDAAsB,EAAE,uDAA2B,CAAC,CAAC"
    },
    "_coverageSchema": "1a1c01bbd47fc00a2c39e90264f33305004495a9",
    "hash": "efce581912ff7b6742d0abd273a98221afea03e2",
    "contentHash": "768fe964601523030125fdaf78aad5ecfd016338977b8f15e7fb4e46e1f9b539"
  },
  "D:\\fluentui\\packages\\react-charting\\lib-commonjs\\components\\HorizontalBarChart\\HorizontalBarChart.base.js": {
    "path": "D:\\fluentui\\packages\\react-charting\\lib-commonjs\\components\\HorizontalBarChart\\HorizontalBarChart.base.js",
    "statementMap": {
      "0": { "start": { "line": 2, "column": 0 }, "end": { "line": 2, "column": 62 } },
      "1": { "start": { "line": 3, "column": 0 }, "end": { "line": 3, "column": 40 } },
      "2": { "start": { "line": 4, "column": 14 }, "end": { "line": 4, "column": 30 } },
      "3": { "start": { "line": 5, "column": 12 }, "end": { "line": 5, "column": 28 } },
      "4": { "start": { "line": 6, "column": 18 }, "end": { "line": 6, "column": 58 } },
      "5": { "start": { "line": 7, "column": 16 }, "end": { "line": 7, "column": 54 } },
      "6": { "start": { "line": 8, "column": 14 }, "end": { "line": 8, "column": 46 } },
      "7": { "start": { "line": 9, "column": 20 }, "end": { "line": 9, "column": 52 } },
      "8": { "start": { "line": 10, "column": 14 }, "end": { "line": 10, "column": 40 } },
      "9": { "start": { "line": 11, "column": 20 }, "end": { "line": 11, "column": 52 } },
      "10": { "start": { "line": 12, "column": 44 }, "end": { "line": 223, "column": 18 } },
      "11": { "start": { "line": 13, "column": 4 }, "end": { "line": 13, "column": 54 } },
      "12": { "start": { "line": 15, "column": 20 }, "end": { "line": 15, "column": 52 } },
      "13": { "start": { "line": 16, "column": 8 }, "end": { "line": 27, "column": 10 } },
      "14": { "start": { "line": 17, "column": 12 }, "end": { "line": 17, "column": 45 } },
      "15": { "start": { "line": 18, "column": 12 }, "end": { "line": 26, "column": 13 } },
      "16": { "start": { "line": 19, "column": 16 }, "end": { "line": 25, "column": 19 } },
      "17": { "start": { "line": 28, "column": 8 }, "end": { "line": 37, "column": 10 } },
      "18": { "start": { "line": 29, "column": 12 }, "end": { "line": 29, "column": 59 } },
      "19": { "start": { "line": 30, "column": 12 }, "end": { "line": 36, "column": 15 } },
      "20": { "start": { "line": 38, "column": 8 }, "end": { "line": 40, "column": 10 } },
      "21": { "start": { "line": 39, "column": 12 }, "end": { "line": 39, "column": 200 } },
      "22": { "start": { "line": 41, "column": 8 }, "end": { "line": 45, "column": 10 } },
      "23": { "start": { "line": 42, "column": 12 }, "end": { "line": 44, "column": 15 } },
      "24": { "start": { "line": 46, "column": 8 }, "end": { "line": 52, "column": 10 } },
      "25": { "start": { "line": 48, "column": 25 }, "end": { "line": 48, "column": 63 } },
      "26": { "start": { "line": 49, "column": 25 }, "end": { "line": 50, "column": 122 } },
      "27": { "start": { "line": 51, "column": 12 }, "end": { "line": 51, "column": 159 } },
      "28": { "start": { "line": 53, "column": 8 }, "end": { "line": 63, "column": 10 } },
      "29": { "start": { "line": 64, "column": 8 }, "end": { "line": 64, "column": 29 } },
      "30": { "start": { "line": 65, "column": 8 }, "end": { "line": 65, "column": 91 } },
      "31": { "start": { "line": 66, "column": 8 }, "end": { "line": 66, "column": 54 } },
      "32": { "start": { "line": 67, "column": 8 }, "end": { "line": 67, "column": 56 } },
      "33": { "start": { "line": 68, "column": 8 }, "end": { "line": 68, "column": 21 } },
      "34": { "start": { "line": 70, "column": 4 }, "end": { "line": 123, "column": 6 } },
      "35": { "start": { "line": 71, "column": 20 }, "end": { "line": 71, "column": 24 } },
      "36": { "start": { "line": 72, "column": 17 }, "end": { "line": 72, "column": 27 } },
      "37": { "start": { "line": 72, "column": 36 }, "end": { "line": 72, "column": 43 } },
      "38": { "start": { "line": 72, "column": 53 }, "end": { "line": 72, "column": 61 } },
      "39": { "start": { "line": 73, "column": 8 }, "end": { "line": 73, "column": 28 } },
      "40": { "start": { "line": 74, "column": 22 }, "end": { "line": 74, "column": 35 } },
      "41": { "start": { "line": 75, "column": 24 }, "end": { "line": 75, "column": 25 } },
      "42": { "start": { "line": 76, "column": 8 }, "end": { "line": 122, "column": 456 } },
      "43": { "start": { "line": 78, "column": 16 }, "end": { "line": 83, "column": 17 } },
      "44": { "start": { "line": 79, "column": 20 }, "end": { "line": 79, "column": 77 } },
      "45": { "start": { "line": 82, "column": 20 }, "end": { "line": 82, "column": 34 } },
      "46": { "start": { "line": 84, "column": 16 }, "end": { "line": 91, "column": 18 } },
      "47": { "start": { "line": 92, "column": 36 }, "end": { "line": 92, "column": 67 } },
      "48": { "start": { "line": 93, "column": 27 }, "end": { "line": 93, "column": 61 } },
      "49": { "start": { "line": 94, "column": 29 }, "end": { "line": 94, "column": 62 } },
      "50": { "start": { "line": 95, "column": 33 }, "end": { "line": 99, "column": 18 } },
      "51": { "start": { "line": 100, "column": 16 }, "end": { "line": 119, "column": 93 } },
      "52": { "start": { "line": 111, "column": 40 }, "end": { "line": 111, "column": 90 } },
      "53": { "start": { "line": 115, "column": 48 }, "end": { "line": 115, "column": 67 } },
      "54": { "start": { "line": 116, "column": 40 }, "end": { "line": 118, "column": 41 } },
      "55": { "start": { "line": 117, "column": 44 }, "end": { "line": 117, "column": 56 } },
      "56": { "start": { "line": 124, "column": 4 }, "end": { "line": 126, "column": 6 } },
      "57": { "start": { "line": 125, "column": 8 }, "end": { "line": 125, "column": 73 } },
      "58": { "start": { "line": 127, "column": 4 }, "end": { "line": 143, "column": 6 } },
      "59": { "start": { "line": 128, "column": 8 }, "end": { "line": 142, "column": 9 } },
      "60": { "start": { "line": 129, "column": 40 }, "end": { "line": 129, "column": 149 } },
      "61": { "start": { "line": 129, "column": 101 }, "end": { "line": 129, "column": 146 } },
      "62": { "start": { "line": 130, "column": 12 }, "end": { "line": 130, "column": 45 } },
      "63": { "start": { "line": 131, "column": 12 }, "end": { "line": 141, "column": 15 } },
      "64": { "start": { "line": 144, "column": 4 }, "end": { "line": 146, "column": 6 } },
      "65": { "start": { "line": 147, "column": 4 }, "end": { "line": 165, "column": 6 } },
      "66": { "start": { "line": 148, "column": 22 }, "end": { "line": 148, "column": 40 } },
      "67": { "start": { "line": 149, "column": 28 }, "end": { "line": 149, "column": 65 } },
      "68": { "start": { "line": 150, "column": 24 }, "end": { "line": 150, "column": 41 } },
      "69": { "start": { "line": 151, "column": 16 }, "end": { "line": 151, "column": 50 } },
      "70": { "start": { "line": 152, "column": 16 }, "end": { "line": 152, "column": 50 } },
      "71": { "start": { "line": 153, "column": 32 }, "end": { "line": 153, "column": 96 } },
      "72": { "start": { "line": 154, "column": 8 }, "end": { "line": 164, "column": 9 } },
      "73": { "start": { "line": 156, "column": 16 }, "end": { "line": 156, "column": 181 } },
      "74": { "start": { "line": 158, "column": 16 }, "end": { "line": 160, "column": 159 } },
      "75": { "start": { "line": 162, "column": 42 }, "end": { "line": 162, "column": 113 } },
      "76": { "start": { "line": 163, "column": 16 }, "end": { "line": 163, "column": 159 } },
      "77": { "start": { "line": 166, "column": 4 }, "end": { "line": 175, "column": 6 } },
      "78": { "start": { "line": 167, "column": 24 }, "end": { "line": 167, "column": 66 } },
      "79": { "start": { "line": 168, "column": 28 }, "end": { "line": 168, "column": 50 } },
      "80": { "start": { "line": 169, "column": 29 }, "end": { "line": 169, "column": 96 } },
      "81": { "start": { "line": 170, "column": 30 }, "end": { "line": 172, "column": 9 } },
      "82": { "start": { "line": 173, "column": 8 }, "end": { "line": 174, "column": 107 } },
      "83": { "start": { "line": 176, "column": 4 }, "end": { "line": 221, "column": 6 } },
      "84": { "start": { "line": 177, "column": 20 }, "end": { "line": 177, "column": 24 } },
      "85": { "start": { "line": 178, "column": 29 }, "end": { "line": 178, "column": 107 } },
      "86": { "start": { "line": 180, "column": 28 }, "end": { "line": 180, "column": 30 } },
      "87": { "start": { "line": 181, "column": 20 }, "end": { "line": 183, "column": 13 } },
      "88": { "start": { "line": 182, "column": 12 }, "end": { "line": 182, "column": 95 } },
      "89": { "start": { "line": 184, "column": 27 }, "end": { "line": 184, "column": 28 } },
      "90": { "start": { "line": 185, "column": 20 }, "end": { "line": 185, "column": 21 } },
      "91": { "start": { "line": 186, "column": 27 }, "end": { "line": 186, "column": 28 } },
      "92": { "start": { "line": 187, "column": 8 }, "end": { "line": 198, "column": 11 } },
      "93": { "start": { "line": 188, "column": 28 }, "end": { "line": 188, "column": 95 } },
      "94": { "start": { "line": 189, "column": 12 }, "end": { "line": 189, "column": 46 } },
      "95": { "start": { "line": 190, "column": 12 }, "end": { "line": 195, "column": 13 } },
      "96": { "start": { "line": 191, "column": 16 }, "end": { "line": 191, "column": 26 } },
      "97": { "start": { "line": 193, "column": 17 }, "end": { "line": 195, "column": 13 } },
      "98": { "start": { "line": 194, "column": 16 }, "end": { "line": 194, "column": 26 } },
      "99": { "start": { "line": 196, "column": 12 }, "end": { "line": 196, "column": 34 } },
      "100": { "start": { "line": 197, "column": 12 }, "end": { "line": 197, "column": 32 } },
      "101": { "start": { "line": 199, "column": 27 }, "end": { "line": 199, "column": 70 } },
      "102": { "start": { "line": 200, "column": 19 }, "end": { "line": 219, "column": 10 } },
      "103": { "start": { "line": 201, "column": 24 }, "end": { "line": 201, "column": 101 } },
      "104": { "start": { "line": 202, "column": 28 }, "end": { "line": 202, "column": 95 } },
      "105": { "start": { "line": 203, "column": 12 }, "end": { "line": 205, "column": 13 } },
      "106": { "start": { "line": 204, "column": 16 }, "end": { "line": 204, "column": 38 } },
      "107": { "start": { "line": 206, "column": 12 }, "end": { "line": 206, "column": 46 } },
      "108": { "start": { "line": 207, "column": 12 }, "end": { "line": 215, "column": 13 } },
      "109": { "start": { "line": 208, "column": 16 }, "end": { "line": 208, "column": 26 } },
      "110": { "start": { "line": 210, "column": 17 }, "end": { "line": 215, "column": 13 } },
      "111": { "start": { "line": 211, "column": 16 }, "end": { "line": 211, "column": 41 } },
      "112": { "start": { "line": 214, "column": 16 }, "end": { "line": 214, "column": 45 } },
      "113": { "start": { "line": 216, "column": 12 }, "end": { "line": 216, "column": 45 } },
      "114": { "start": { "line": 217, "column": 25 }, "end": { "line": 217, "column": 55 } },
      "115": { "start": { "line": 218, "column": 12 }, "end": { "line": 218, "column": 505 } },
      "116": { "start": { "line": 220, "column": 8 }, "end": { "line": 220, "column": 20 } },
      "117": { "start": { "line": 222, "column": 4 }, "end": { "line": 222, "column": 34 } },
      "118": { "start": { "line": 224, "column": 0 }, "end": { "line": 224, "column": 56 } }
    },
    "fnMap": {
      "0": {
        "name": "(anonymous_0)",
        "decl": { "start": { "line": 12, "column": 44 }, "end": { "line": 12, "column": 45 } },
        "loc": { "start": { "line": 12, "column": 62 }, "end": { "line": 223, "column": 1 } },
        "line": 12
      },
      "1": {
        "name": "HorizontalBarChartBase",
        "decl": { "start": { "line": 14, "column": 13 }, "end": { "line": 14, "column": 35 } },
        "loc": { "start": { "line": 14, "column": 43 }, "end": { "line": 69, "column": 5 } },
        "line": 14
      },
      "2": {
        "name": "(anonymous_2)",
        "decl": { "start": { "line": 16, "column": 39 }, "end": { "line": 16, "column": 40 } },
        "loc": { "start": { "line": 16, "column": 51 }, "end": { "line": 27, "column": 9 } },
        "line": 16
      },
      "3": {
        "name": "(anonymous_3)",
        "decl": { "start": { "line": 28, "column": 29 }, "end": { "line": 28, "column": 30 } },
        "loc": { "start": { "line": 28, "column": 41 }, "end": { "line": 37, "column": 9 } },
        "line": 28
      },
      "4": {
        "name": "(anonymous_4)",
        "decl": { "start": { "line": 38, "column": 34 }, "end": { "line": 38, "column": 35 } },
        "loc": { "start": { "line": 38, "column": 50 }, "end": { "line": 40, "column": 9 } },
        "line": 38
      },
      "5": {
        "name": "(anonymous_5)",
        "decl": { "start": { "line": 41, "column": 30 }, "end": { "line": 41, "column": 31 } },
        "loc": { "start": { "line": 41, "column": 42 }, "end": { "line": 45, "column": 9 } },
        "line": 41
      },
      "6": {
        "name": "(anonymous_6)",
        "decl": { "start": { "line": 46, "column": 30 }, "end": { "line": 46, "column": 31 } },
        "loc": { "start": { "line": 46, "column": 47 }, "end": { "line": 52, "column": 9 } },
        "line": 46
      },
      "7": {
        "name": "(anonymous_7)",
        "decl": { "start": { "line": 70, "column": 46 }, "end": { "line": 70, "column": 47 } },
        "loc": { "start": { "line": 70, "column": 58 }, "end": { "line": 123, "column": 5 } },
        "line": 70
      },
      "8": {
        "name": "(anonymous_8)",
        "decl": { "start": { "line": 77, "column": 21 }, "end": { "line": 77, "column": 22 } },
        "loc": { "start": { "line": 77, "column": 46 }, "end": { "line": 120, "column": 13 } },
        "line": 77
      },
      "9": {
        "name": "(anonymous_9)",
        "decl": { "start": { "line": 110, "column": 89 }, "end": { "line": 110, "column": 90 } },
        "loc": { "start": { "line": 110, "column": 102 }, "end": { "line": 112, "column": 37 } },
        "line": 110
      },
      "10": {
        "name": "(anonymous_10)",
        "decl": { "start": { "line": 114, "column": 45 }, "end": { "line": 114, "column": 46 } },
        "loc": { "start": { "line": 114, "column": 57 }, "end": { "line": 119, "column": 37 } },
        "line": 114
      },
      "11": {
        "name": "(anonymous_11)",
        "decl": { "start": { "line": 124, "column": 52 }, "end": { "line": 124, "column": 53 } },
        "loc": { "start": { "line": 124, "column": 84 }, "end": { "line": 126, "column": 5 } },
        "line": 124
      },
      "12": {
        "name": "(anonymous_12)",
        "decl": { "start": { "line": 127, "column": 48 }, "end": { "line": 127, "column": 49 } },
        "loc": { "start": { "line": 127, "column": 77 }, "end": { "line": 143, "column": 5 } },
        "line": 127
      },
      "13": {
        "name": "(anonymous_13)",
        "decl": { "start": { "line": 129, "column": 73 }, "end": { "line": 129, "column": 74 } },
        "loc": { "start": { "line": 129, "column": 99 }, "end": { "line": 129, "column": 148 } },
        "line": 129
      },
      "14": {
        "name": "(anonymous_14)",
        "decl": { "start": { "line": 144, "column": 49 }, "end": { "line": 144, "column": 50 } },
        "loc": { "start": { "line": 144, "column": 61 }, "end": { "line": 146, "column": 5 } },
        "line": 144
      },
      "15": {
        "name": "(anonymous_15)",
        "decl": { "start": { "line": 147, "column": 59 }, "end": { "line": 147, "column": 60 } },
        "loc": { "start": { "line": 147, "column": 75 }, "end": { "line": 165, "column": 5 } },
        "line": 147
      },
      "16": {
        "name": "(anonymous_16)",
        "decl": { "start": { "line": 166, "column": 56 }, "end": { "line": 166, "column": 57 } },
        "loc": { "start": { "line": 166, "column": 72 }, "end": { "line": 175, "column": 5 } },
        "line": 166
      },
      "17": {
        "name": "(anonymous_17)",
        "decl": { "start": { "line": 176, "column": 51 }, "end": { "line": 176, "column": 52 } },
        "loc": { "start": { "line": 176, "column": 76 }, "end": { "line": 221, "column": 5 } },
        "line": 176
      },
      "18": {
        "name": "(anonymous_18)",
        "decl": { "start": { "line": 181, "column": 42 }, "end": { "line": 181, "column": 43 } },
        "loc": { "start": { "line": 181, "column": 64 }, "end": { "line": 183, "column": 9 } },
        "line": 181
      },
      "19": {
        "name": "(anonymous_19)",
        "decl": { "start": { "line": 187, "column": 27 }, "end": { "line": 187, "column": 28 } },
        "loc": { "start": { "line": 187, "column": 51 }, "end": { "line": 198, "column": 9 } },
        "line": 187
      },
      "20": {
        "name": "(anonymous_20)",
        "decl": { "start": { "line": 200, "column": 38 }, "end": { "line": 200, "column": 39 } },
        "loc": { "start": { "line": 200, "column": 62 }, "end": { "line": 219, "column": 9 } },
        "line": 200
      }
    },
    "branchMap": {
      "0": {
        "loc": { "start": { "line": 15, "column": 20 }, "end": { "line": 15, "column": 52 } },
        "type": "binary-expr",
        "locations": [
          { "start": { "line": 15, "column": 20 }, "end": { "line": 15, "column": 44 } },
          { "start": { "line": 15, "column": 48 }, "end": { "line": 15, "column": 52 } }
        ],
        "line": 15
      },
      "1": {
        "loc": { "start": { "line": 18, "column": 12 }, "end": { "line": 26, "column": 13 } },
        "type": "if",
        "locations": [
          { "start": { "line": 18, "column": 12 }, "end": { "line": 26, "column": 13 } },
          { "start": { "line": 18, "column": 12 }, "end": { "line": 26, "column": 13 } }
        ],
        "line": 18
      },
      "2": {
        "loc": { "start": { "line": 29, "column": 31 }, "end": { "line": 29, "column": 58 } },
        "type": "binary-expr",
        "locations": [
          { "start": { "line": 29, "column": 31 }, "end": { "line": 29, "column": 52 } },
          { "start": { "line": 29, "column": 56 }, "end": { "line": 29, "column": 58 } }
        ],
        "line": 29
      },
      "3": {
        "loc": { "start": { "line": 39, "column": 19 }, "end": { "line": 39, "column": 199 } },
        "type": "cond-expr",
        "locations": [
          { "start": { "line": 39, "column": 53 }, "end": { "line": 39, "column": 162 } },
          { "start": { "line": 39, "column": 167 }, "end": { "line": 39, "column": 198 } }
        ],
        "line": 39
      },
      "4": {
        "loc": { "start": { "line": 48, "column": 25 }, "end": { "line": 48, "column": 63 } },
        "type": "binary-expr",
        "locations": [
          { "start": { "line": 48, "column": 25 }, "end": { "line": 48, "column": 47 } },
          { "start": { "line": 48, "column": 51 }, "end": { "line": 48, "column": 63 } }
        ],
        "line": 48
      },
      "5": {
        "loc": { "start": { "line": 49, "column": 25 }, "end": { "line": 50, "column": 122 } },
        "type": "binary-expr",
        "locations": [
          { "start": { "line": 49, "column": 25 }, "end": { "line": 49, "column": 47 } },
          { "start": { "line": 50, "column": 17 }, "end": { "line": 50, "column": 121 } }
        ],
        "line": 49
      },
      "6": {
        "loc": { "start": { "line": 50, "column": 17 }, "end": { "line": 50, "column": 121 } },
        "type": "cond-expr",
        "locations": [
          { "start": { "line": 50, "column": 48 }, "end": { "line": 50, "column": 117 } },
          { "start": { "line": 50, "column": 120 }, "end": { "line": 50, "column": 121 } }
        ],
        "line": 50
      },
      "7": {
        "loc": { "start": { "line": 51, "column": 19 }, "end": { "line": 51, "column": 158 } },
        "type": "binary-expr",
        "locations": [
          { "start": { "line": 51, "column": 20 }, "end": { "line": 51, "column": 107 } },
          { "start": { "line": 51, "column": 112 }, "end": { "line": 51, "column": 158 } }
        ],
        "line": 51
      },
      "8": {
        "loc": { "start": { "line": 51, "column": 20 }, "end": { "line": 51, "column": 107 } },
        "type": "cond-expr",
        "locations": [
          { "start": { "line": 51, "column": 86 }, "end": { "line": 51, "column": 92 } },
          { "start": { "line": 51, "column": 95 }, "end": { "line": 51, "column": 107 } }
        ],
        "line": 51
      },
      "9": {
        "loc": { "start": { "line": 51, "column": 20 }, "end": { "line": 51, "column": 83 } },
        "type": "binary-expr",
        "locations": [
          { "start": { "line": 51, "column": 20 }, "end": { "line": 51, "column": 66 } },
          { "start": { "line": 51, "column": 70 }, "end": { "line": 51, "column": 83 } }
        ],
        "line": 51
      },
      "10": {
        "loc": { "start": { "line": 51, "column": 113 }, "end": { "line": 51, "column": 140 } },
        "type": "cond-expr",
        "locations": [
          { "start": { "line": 51, "column": 122 }, "end": { "line": 51, "column": 135 } },
          { "start": { "line": 51, "column": 138 }, "end": { "line": 51, "column": 140 } }
        ],
        "line": 51
      },
      "11": {
        "loc": { "start": { "line": 78, "column": 16 }, "end": { "line": 83, "column": 17 } },
        "type": "if",
        "locations": [
          { "start": { "line": 78, "column": 16 }, "end": { "line": 83, "column": 17 } },
          { "start": { "line": 78, "column": 16 }, "end": { "line": 83, "column": 17 } }
        ],
        "line": 78
      },
      "12": {
        "loc": { "start": { "line": 78, "column": 20 }, "end": { "line": 78, "column": 107 } },
        "type": "binary-expr",
        "locations": [
          { "start": { "line": 78, "column": 20 }, "end": { "line": 78, "column": 36 } },
          { "start": { "line": 78, "column": 40 }, "end": { "line": 78, "column": 59 } },
          { "start": { "line": 78, "column": 63 }, "end": { "line": 78, "column": 107 } }
        ],
        "line": 78
      },
      "13": {
        "loc": { "start": { "line": 104, "column": 32 }, "end": { "line": 105, "column": 175 } },
        "type": "binary-expr",
        "locations": [
          { "start": { "line": 104, "column": 32 }, "end": { "line": 104, "column": 49 } },
          { "start": { "line": 104, "column": 54 }, "end": { "line": 105, "column": 174 } }
        ],
        "line": 104
      },
      "14": {
        "loc": { "start": { "line": 107, "column": 24 }, "end": { "line": 107, "column": 82 } },
        "type": "binary-expr",
        "locations": [
          { "start": { "line": 107, "column": 24 }, "end": { "line": 107, "column": 48 } },
          { "start": { "line": 107, "column": 52 }, "end": { "line": 107, "column": 82 } }
        ],
        "line": 107
      },
      "15": {
        "loc": { "start": { "line": 116, "column": 40 }, "end": { "line": 118, "column": 41 } },
        "type": "if",
        "locations": [
          { "start": { "line": 116, "column": 40 }, "end": { "line": 118, "column": 41 } },
          { "start": { "line": 116, "column": 40 }, "end": { "line": 118, "column": 41 } }
        ],
        "line": 116
      },
      "16": {
        "loc": { "start": { "line": 116, "column": 44 }, "end": { "line": 116, "column": 58 } },
        "type": "binary-expr",
        "locations": [
          { "start": { "line": 116, "column": 44 }, "end": { "line": 116, "column": 45 } },
          { "start": { "line": 116, "column": 49 }, "end": { "line": 116, "column": 58 } }
        ],
        "line": 116
      },
      "17": {
        "loc": { "start": { "line": 121, "column": 167 }, "end": { "line": 121, "column": 221 } },
        "type": "binary-expr",
        "locations": [
          { "start": { "line": 121, "column": 167 }, "end": { "line": 121, "column": 190 } },
          { "start": { "line": 121, "column": 194 }, "end": { "line": 121, "column": 221 } }
        ],
        "line": 121
      },
      "18": {
        "loc": { "start": { "line": 122, "column": 58 }, "end": { "line": 122, "column": 451 } },
        "type": "cond-expr",
        "locations": [
          { "start": { "line": 122, "column": 104 }, "end": { "line": 122, "column": 174 } },
          { "start": { "line": 122, "column": 179 }, "end": { "line": 122, "column": 450 } }
        ],
        "line": 122
      },
      "19": {
        "loc": { "start": { "line": 122, "column": 233 }, "end": { "line": 122, "column": 304 } },
        "type": "cond-expr",
        "locations": [
          { "start": { "line": 122, "column": 260 }, "end": { "line": 122, "column": 284 } },
          { "start": { "line": 122, "column": 287 }, "end": { "line": 122, "column": 304 } }
        ],
        "line": 122
      },
      "20": {
        "loc": { "start": { "line": 122, "column": 314 }, "end": { "line": 122, "column": 389 } },
        "type": "cond-expr",
        "locations": [
          { "start": { "line": 122, "column": 341 }, "end": { "line": 122, "column": 365 } },
          { "start": { "line": 122, "column": 368 }, "end": { "line": 122, "column": 389 } }
        ],
        "line": 122
      },
      "21": {
        "loc": { "start": { "line": 128, "column": 8 }, "end": { "line": 142, "column": 9 } },
        "type": "if",
        "locations": [
          { "start": { "line": 128, "column": 8 }, "end": { "line": 142, "column": 9 } },
          { "start": { "line": 128, "column": 8 }, "end": { "line": 142, "column": 9 } }
        ],
        "line": 128
      },
      "22": {
        "loc": { "start": { "line": 128, "column": 12 }, "end": { "line": 128, "column": 118 } },
        "type": "binary-expr",
        "locations": [
          { "start": { "line": 128, "column": 13 }, "end": { "line": 128, "column": 41 } },
          { "start": { "line": 128, "column": 45 }, "end": { "line": 128, "column": 79 } },
          { "start": { "line": 128, "column": 84 }, "end": { "line": 128, "column": 118 } }
        ],
        "line": 128
      },
      "23": {
        "loc": { "start": { "line": 149, "column": 28 }, "end": { "line": 149, "column": 65 } },
        "type": "binary-expr",
        "locations": [
          { "start": { "line": 149, "column": 28 }, "end": { "line": 149, "column": 52 } },
          { "start": { "line": 149, "column": 56 }, "end": { "line": 149, "column": 65 } }
        ],
        "line": 149
      },
      "24": {
        "loc": { "start": { "line": 154, "column": 8 }, "end": { "line": 164, "column": 9 } },
        "type": "switch",
        "locations": [
          { "start": { "line": 155, "column": 12 }, "end": { "line": 156, "column": 181 } },
          { "start": { "line": 157, "column": 12 }, "end": { "line": 160, "column": 159 } },
          { "start": { "line": 161, "column": 12 }, "end": { "line": 163, "column": 159 } }
        ],
        "line": 154
      },
      "25": {
        "loc": { "start": { "line": 169, "column": 42 }, "end": { "line": 169, "column": 75 } },
        "type": "cond-expr",
        "locations": [
          { "start": { "line": 169, "column": 58 }, "end": { "line": 169, "column": 71 } },
          { "start": { "line": 169, "column": 74 }, "end": { "line": 169, "column": 75 } }
        ],
        "line": 169
      },
      "26": {
        "loc": { "start": { "line": 182, "column": 26 }, "end": { "line": 182, "column": 93 } },
        "type": "cond-expr",
        "locations": [
          { "start": { "line": 182, "column": 59 }, "end": { "line": 182, "column": 89 } },
          { "start": { "line": 182, "column": 92 }, "end": { "line": 182, "column": 93 } }
        ],
        "line": 182
      },
      "27": {
        "loc": { "start": { "line": 188, "column": 28 }, "end": { "line": 188, "column": 95 } },
        "type": "cond-expr",
        "locations": [
          { "start": { "line": 188, "column": 61 }, "end": { "line": 188, "column": 91 } },
          { "start": { "line": 188, "column": 94 }, "end": { "line": 188, "column": 95 } }
        ],
        "line": 188
      },
      "28": {
        "loc": { "start": { "line": 190, "column": 12 }, "end": { "line": 195, "column": 13 } },
        "type": "if",
        "locations": [
          { "start": { "line": 190, "column": 12 }, "end": { "line": 195, "column": 13 } },
          { "start": { "line": 190, "column": 12 }, "end": { "line": 195, "column": 13 } }
        ],
        "line": 190
      },
      "29": {
        "loc": { "start": { "line": 193, "column": 17 }, "end": { "line": 195, "column": 13 } },
        "type": "if",
        "locations": [
          { "start": { "line": 193, "column": 17 }, "end": { "line": 195, "column": 13 } },
          { "start": { "line": 193, "column": 17 }, "end": { "line": 195, "column": 13 } }
        ],
        "line": 193
      },
      "30": {
        "loc": { "start": { "line": 193, "column": 21 }, "end": { "line": 193, "column": 45 } },
        "type": "binary-expr",
        "locations": [
          { "start": { "line": 193, "column": 21 }, "end": { "line": 193, "column": 30 } },
          { "start": { "line": 193, "column": 34 }, "end": { "line": 193, "column": 45 } }
        ],
        "line": 193
      },
      "31": {
        "loc": { "start": { "line": 199, "column": 27 }, "end": { "line": 199, "column": 70 } },
        "type": "cond-expr",
        "locations": [
          { "start": { "line": 199, "column": 48 }, "end": { "line": 199, "column": 66 } },
          { "start": { "line": 199, "column": 69 }, "end": { "line": 199, "column": 70 } }
        ],
        "line": 199
      },
      "32": {
        "loc": { "start": { "line": 201, "column": 24 }, "end": { "line": 201, "column": 101 } },
        "type": "cond-expr",
        "locations": [
          { "start": { "line": 201, "column": 38 }, "end": { "line": 201, "column": 49 } },
          { "start": { "line": 201, "column": 52 }, "end": { "line": 201, "column": 101 } }
        ],
        "line": 201
      },
      "33": {
        "loc": { "start": { "line": 202, "column": 28 }, "end": { "line": 202, "column": 95 } },
        "type": "cond-expr",
        "locations": [
          { "start": { "line": 202, "column": 61 }, "end": { "line": 202, "column": 91 } },
          { "start": { "line": 202, "column": 94 }, "end": { "line": 202, "column": 95 } }
        ],
        "line": 202
      },
      "34": {
        "loc": { "start": { "line": 203, "column": 12 }, "end": { "line": 205, "column": 13 } },
        "type": "if",
        "locations": [
          { "start": { "line": 203, "column": 12 }, "end": { "line": 205, "column": 13 } },
          { "start": { "line": 203, "column": 12 }, "end": { "line": 205, "column": 13 } }
        ],
        "line": 203
      },
      "35": {
        "loc": { "start": { "line": 207, "column": 12 }, "end": { "line": 215, "column": 13 } },
        "type": "if",
        "locations": [
          { "start": { "line": 207, "column": 12 }, "end": { "line": 215, "column": 13 } },
          { "start": { "line": 207, "column": 12 }, "end": { "line": 215, "column": 13 } }
        ],
        "line": 207
      },
      "36": {
        "loc": { "start": { "line": 210, "column": 17 }, "end": { "line": 215, "column": 13 } },
        "type": "if",
        "locations": [
          { "start": { "line": 210, "column": 17 }, "end": { "line": 215, "column": 13 } },
          { "start": { "line": 210, "column": 17 }, "end": { "line": 215, "column": 13 } }
        ],
        "line": 210
      },
      "37": {
        "loc": { "start": { "line": 210, "column": 21 }, "end": { "line": 210, "column": 45 } },
        "type": "binary-expr",
        "locations": [
          { "start": { "line": 210, "column": 21 }, "end": { "line": 210, "column": 30 } },
          { "start": { "line": 210, "column": 34 }, "end": { "line": 210, "column": 45 } }
        ],
        "line": 210
      },
      "38": {
        "loc": { "start": { "line": 218, "column": 120 }, "end": { "line": 218, "column": 154 } },
        "type": "cond-expr",
        "locations": [
          { "start": { "line": 218, "column": 142 }, "end": { "line": 218, "column": 146 } },
          { "start": { "line": 218, "column": 149 }, "end": { "line": 218, "column": 154 } }
        ],
        "line": 218
      },
      "39": {
        "loc": { "start": { "line": 218, "column": 228 }, "end": { "line": 218, "column": 303 } },
        "type": "cond-expr",
        "locations": [
          { "start": { "line": 218, "column": 250 }, "end": { "line": 218, "column": 291 } },
          { "start": { "line": 218, "column": 294 }, "end": { "line": 218, "column": 303 } }
        ],
        "line": 218
      },
      "40": {
        "loc": { "start": { "line": 218, "column": 314 }, "end": { "line": 218, "column": 389 } },
        "type": "cond-expr",
        "locations": [
          { "start": { "line": 218, "column": 336 }, "end": { "line": 218, "column": 377 } },
          { "start": { "line": 218, "column": 380 }, "end": { "line": 218, "column": 389 } }
        ],
        "line": 218
      }
    },
    "s": {
      "0": 1,
      "1": 1,
      "2": 1,
      "3": 1,
      "4": 1,
      "5": 1,
      "6": 1,
      "7": 0,
      "8": 0,
      "9": 0,
      "10": 0,
      "11": 0,
      "12": 0,
      "13": 0,
      "14": 0,
      "15": 0,
      "16": 0,
      "17": 0,
      "18": 0,
      "19": 0,
      "20": 0,
      "21": 0,
      "22": 0,
      "23": 0,
      "24": 0,
      "25": 0,
      "26": 0,
      "27": 0,
      "28": 0,
      "29": 0,
      "30": 0,
      "31": 0,
      "32": 0,
      "33": 0,
      "34": 0,
      "35": 0,
      "36": 0,
      "37": 0,
      "38": 0,
      "39": 0,
      "40": 0,
      "41": 0,
      "42": 0,
      "43": 0,
      "44": 0,
      "45": 0,
      "46": 0,
      "47": 0,
      "48": 0,
      "49": 0,
      "50": 0,
      "51": 0,
      "52": 0,
      "53": 0,
      "54": 0,
      "55": 0,
      "56": 0,
      "57": 0,
      "58": 0,
      "59": 0,
      "60": 0,
      "61": 0,
      "62": 0,
      "63": 0,
      "64": 0,
      "65": 0,
      "66": 0,
      "67": 0,
      "68": 0,
      "69": 0,
      "70": 0,
      "71": 0,
      "72": 0,
      "73": 0,
      "74": 0,
      "75": 0,
      "76": 0,
      "77": 0,
      "78": 0,
      "79": 0,
      "80": 0,
      "81": 0,
      "82": 0,
      "83": 0,
      "84": 0,
      "85": 0,
      "86": 0,
      "87": 0,
      "88": 0,
      "89": 0,
      "90": 0,
      "91": 0,
      "92": 0,
      "93": 0,
      "94": 0,
      "95": 0,
      "96": 0,
      "97": 0,
      "98": 0,
      "99": 0,
      "100": 0,
      "101": 0,
      "102": 0,
      "103": 0,
      "104": 0,
      "105": 0,
      "106": 0,
      "107": 0,
      "108": 0,
      "109": 0,
      "110": 0,
      "111": 0,
      "112": 0,
      "113": 0,
      "114": 0,
      "115": 0,
      "116": 0,
      "117": 0,
      "118": 0
    },
    "f": {
      "0": 0,
      "1": 0,
      "2": 0,
      "3": 0,
      "4": 0,
      "5": 0,
      "6": 0,
      "7": 0,
      "8": 0,
      "9": 0,
      "10": 0,
      "11": 0,
      "12": 0,
      "13": 0,
      "14": 0,
      "15": 0,
      "16": 0,
      "17": 0,
      "18": 0,
      "19": 0,
      "20": 0
    },
    "b": {
      "0": [0, 0],
      "1": [0, 0],
      "2": [0, 0],
      "3": [0, 0],
      "4": [0, 0],
      "5": [0, 0],
      "6": [0, 0],
      "7": [0, 0],
      "8": [0, 0],
      "9": [0, 0],
      "10": [0, 0],
      "11": [0, 0],
      "12": [0, 0, 0],
      "13": [0, 0],
      "14": [0, 0],
      "15": [0, 0],
      "16": [0, 0],
      "17": [0, 0],
      "18": [0, 0],
      "19": [0, 0],
      "20": [0, 0],
      "21": [0, 0],
      "22": [0, 0, 0],
      "23": [0, 0],
      "24": [0, 0, 0],
      "25": [0, 0],
      "26": [0, 0],
      "27": [0, 0],
      "28": [0, 0],
      "29": [0, 0],
      "30": [0, 0],
      "31": [0, 0],
      "32": [0, 0],
      "33": [0, 0],
      "34": [0, 0],
      "35": [0, 0],
      "36": [0, 0],
      "37": [0, 0],
      "38": [0, 0],
      "39": [0, 0],
      "40": [0, 0]
    },
    "inputSourceMap": {
      "version": 3,
      "file": "HorizontalBarChart.base.js",
      "sourceRoot": "",
      "sources": ["../../../src/components/HorizontalBarChart/HorizontalBarChart.base.tsx"],
      "names": [],
      "mappings": ";;;;AAAA,6BAA+B;AAC/B,2DAAgF;AAWhF,uDAAuE;AACvE,+CAAuG;AACvG,qDAAsE;AACtE,yCAAmE;AAEnE,IAAM,aAAa,GAAG,8BAAkB,EAA4D,CAAC;AAerG;IAA4C,kDAAmE;IAQ7G,gCAAY,KAA+B;QAA3C,YACE,kBAAM,KAAK,CAAC,SAgBb;QAyIO,4BAAsB,GAAG;YAC/B,KAAI,CAAC,mBAAmB,GAAG,IAAI,CAAC;YAChC,IAAI,KAAI,CAAC,KAAK,CAAC,gBAAgB,EAAE;gBAC/B,KAAI,CAAC,QAAQ,CAAC;oBACZ,gBAAgB,EAAE,KAAK;oBACvB,UAAU,EAAE,EAAE;oBACd,WAAW,EAAE,IAAI;oBACjB,SAAS,EAAE,EAAE;oBACb,MAAM,EAAE,EAAE;iBACX,CAAC,CAAC;aACJ;QACH,CAAC,CAAC;QAEM,kBAAY,GAAG;YACrB,KAAI,CAAC,UAAU,GAAG,KAAI,CAAC,KAAK,CAAC,SAAS,IAAI,EAAE,CAAC;YAC7C,KAAI,CAAC,WAAW,GAAG,aAAa,CAAC,KAAI,CAAC,KAAK,CAAC,MAAO,EAAE;gBACnD,KAAK,EAAE,KAAI,CAAC,KAAK,CAAC,KAAM;gBACxB,KAAK,EAAE,KAAI,CAAC,KAAK,CAAC,KAAK;gBACvB,SAAS,EAAE,KAAI,CAAC,KAAK,CAAC,SAAS;gBAC/B,SAAS,EAAE,KAAI,CAAC,UAAU;gBAC1B,KAAK,EAAE,KAAI,CAAC,KAAK,CAAC,SAAS;aAC5B,CAAC,CAAC;QACL,CAAC,CAAC;QAEM,uBAAiB,GAAG,UAAC,IAAiB;YAC5C,OAAO,KAAI,CAAC,KAAK,CAAC,kBAAkB,CAAC,CAAC,CAAC,CACrC,kDAAwB,IAAI,EAAE,IAAI,EAAC,MAAM,IACtC,KAAI,CAAC,KAAK,CAAC,kBAAkB,CAAC,IAAI,CAAC,CAChC,CACP,CAAC,CAAC,CAAC,CACF,KAAI,CAAC,mBAAmB,CAAC,IAAI,CAAC,CAC/B,CAAC;QACJ,CAAC,CAAC;QAsHM,mBAAa,GAAG;YACtB,KAAI,CAAC,QAAQ,CAAC;gBACZ,gBAAgB,EAAE,KAAK;aACxB,CAAC,CAAC;QACL,CAAC,CAAC;QAEM,mBAAa,GAAG,UAAC,KAAsB;;YAC7C,IAAM,MAAM,GAAG,KAAK,CAAC,gBAAgB,IAAI,KAAK,CAAC,MAAM,CAAC;YACtD,IAAM,MAAM,GACV,KAAK,CAAC,gBAAgB;gBACtB,CAAC,KAAK,CAAC,sBAAsB,CAAC,CAAC,CAAI,KAAK,CAAC,sBAAsB,CAAC,CAAC,SAAI,KAAK,CAAC,sBAAsB,CAAC,CAAG,CAAC,CAAC,CAAC,CAAC,CAAC,CAAC;YAC7G,OAAO,CAAA,MAAA,KAAK,CAAC,wBAAwB,0CAAE,SAAS,KAAI,CAAC,MAAM,CAAC,CAAC,CAAI,MAAM,OAAI,CAAC,CAAC,CAAC,EAAE,CAAC,IAAM,MAAM,MAAG,CAAA,CAAC;QACnG,CAAC,CAAC;QA1TA,KAAI,CAAC,KAAK,GAAG;YACX,gBAAgB,EAAE,KAAK;YACvB,UAAU,EAAE,EAAE;YACd,SAAS,EAAE,EAAE;YACb,MAAM,EAAE,EAAE;YACV,WAAW,EAAE,IAAI;YACjB,iDAAiD;YACjD,KAAK,EAAE,EAAE;YACT,aAAa,EAAE,EAAE;YACjB,aAAa,EAAE,EAAE;SAClB,CAAC;QACF,KAAI,CAAC,SAAS,GAAG,EAAE,CAAC;QACpB,KAAI,CAAC,aAAa,GAAG,kBAAkB,GAAG,IAAI,CAAC,MAAM,EAAE,CAAC,QAAQ,CAAC,EAAE,CAAC,CAAC,SAAS,CAAC,CAAC,CAAC,CAAC;QAClF,KAAI,CAAC,SAAS,GAAG,KAAI,CAAC,SAAS,CAAC,IAAI,CAAC,KAAI,CAAC,CAAC;QAC3C,KAAI,CAAC,UAAU,GAAG,iBAAK,CAAC,SAAS,CAAC,CAAC;;IACrC,CAAC;IAEM,uCAAM,GAAb;QAAA,iBAwGC;QAvGO,IAAA,KAAkB,IAAI,CAAC,KAAK,EAA1B,IAAI,UAAA,EAAE,KAAK,WAAe,CAAC;QACnC,IAAI,CAAC,YAAY,EAAE,CAAC;QACZ,IAAA,OAAO,GAAK,KAAM,QAAX,CAAY;QAC3B,IAAI,SAAS,GAAuB,CAAC,CAAC;QACtC,OAAO,CACL,6BAAK,SAAS,EAAE,IAAI,CAAC,WAAW,CAAC,IAAI,EAAE,YAAY,EAAE,IAAI,CAAC,sBAAsB;YAC7E,IAAK,CAAC,GAAG,CAAC,UAAC,MAAmB,EAAE,KAAa;gBAC5C,IAAI,MAAM,CAAC,SAAS,IAAI,MAAM,CAAC,SAAU,CAAC,CAAC,CAAC,IAAI,MAAM,CAAC,SAAU,CAAC,CAAC,CAAC,CAAC,sBAAuB,CAAC,CAAC,EAAE;oBAC9F,SAAS,GAAG,MAAM,CAAC,SAAU,CAAC,CAAC,CAAC,CAAC,sBAAuB,CAAC,CAAC,CAAC;iBAC5D;qBAAM;oBACL,SAAS,GAAG,CAAC,CAAC;iBACf;gBACD,MAAM,CAAC,SAAU,CAAC,CAAC,CAAC,GAAG;oBACrB,MAAM,EAAE,EAAE;oBACV,sBAAsB,EAAE;wBACtB,CAAC,EAAE,MAAM,CAAC,SAAU,CAAC,CAAC,CAAC,CAAC,sBAAuB,CAAC,CAAC,GAAG,SAAU;wBAC9D,CAAC,EAAE,MAAM,CAAC,SAAU,CAAC,CAAC,CAAC,CAAC,sBAAuB,CAAC,CAAC;qBAClD;oBACD,KAAK,EAAE,OAAO,CAAC,YAAY;iBAC5B,CAAC;gBAEF,IAAM,aAAa,GAAG,KAAI,CAAC,iBAAiB,CAAC,MAAO,CAAC,CAAC;gBACtD,IAAM,IAAI,GAAG,KAAI,CAAC,WAAW,CAAC,MAAO,EAAE,OAAO,CAAC,CAAC;gBAChD,IAAM,MAAM,GAAG,KAAI,CAAC,aAAa,GAAG,GAAG,GAAG,KAAK,CAAC;gBAChD,IAAM,UAAU,GAAG,aAAa,CAAC,KAAI,CAAC,KAAK,CAAC,MAAO,EAAE;oBACnD,KAAK,EAAE,KAAI,CAAC,KAAK,CAAC,KAAM;oBACxB,KAAK,EAAE,KAAI,CAAC,KAAK,CAAC,KAAK;oBACvB,YAAY,EAAE,CAAC,CAAC,MAAO,CAAC,SAAU,CAAC,CAAC,CAAC,CAAC,IAAI;iBAC3C,CAAC,CAAC;gBAEH,OAAO,CACL,6BAAK,GAAG,EAAE,KAAK;oBACb,6BAAK,SAAS,EAAE,UAAU,CAAC,KAAK;wBAC9B,oBAAC,uBAAS,IAAC,SAAS,EAAE,gCAAkB,CAAC,UAAU;4BACjD,6BAAK,SAAS,EAAE,KAAI,CAAC,WAAW,CAAC,UAAU;gCACxC,MAAO,CAAC,UAAU,IAAI,CACrB,oBAAC,mBAAW,IACV,YAAY,EAAE,2BAAmB,CAAC,IAAI,EACtC,aAAa,EAAE,KAAI,CAAC,WAAW,CAAC,cAAc,EAC9C,OAAO,EAAE,MAAO,CAAC,UAAU;oCAE3B,iDAAU,+BAAuB,CAAC,MAAO,CAAC,2BAA2B,CAAC,GACnE,MAAO,CAAC,UAAU,CACd,CACK,CACf;gCACA,aAAa,CACV,CACI;wBACX,MAAO,CAAC,SAAU,CAAC,CAAC,CAAC,CAAC,IAAI,IAAI,KAAI,CAAC,gBAAgB,CAAC,MAAO,CAAC;wBAC7D,oBAAC,uBAAS,IAAC,SAAS,EAAE,gCAAkB,CAAC,UAAU;4BACjD,6BAAK,SAAS,EAAE,KAAI,CAAC,WAAW,CAAC,KAAK,gBAAc,MAAO,CAAC,UAAU;gCACpE,2BACE,EAAE,EAAE,MAAM,EACV,GAAG,EAAE,MAAM,EACX,GAAG,EAAE,UAAC,CAAc;wCAClB,KAAI,CAAC,YAAY,CAAC,CAAC,EAAE,MAAO,CAAC,SAAU,CAAC,CAAC,CAAC,CAAC,MAAM,CAAC,CAAC;oCACrD,CAAC;oCACD,yDAAyD;oCACzD,OAAO,EAAE;wCACP,IAAM,CAAC,GAAG,MAAO,CAAC,SAAU,CAAC,CAAC,CAAC,CAAC;wCAChC,IAAI,CAAC,IAAI,CAAC,CAAC,OAAO,EAAE;4CAClB,CAAC,CAAC,OAAO,EAAE,CAAC;yCACb;oCACH,CAAC,EACD,SAAS,EAAE,KAAI,CAAC,WAAW,CAAC,UAAU,IAErC,IAAI,CACH,CACA,CACI,CACR,CACF,CACP,CAAC;YACJ,CAAC,CAAC;YACF,oBAAC,iBAAO,qBACN,MAAM,EAAE,IAAI,CAAC,KAAK,CAAC,WAAW,EAC9B,WAAW,EAAE,IAAI,EACjB,aAAa,EAAE,KAAK,EACpB,QAAQ,EAAE,EAAE,EACZ,MAAM,EAAE,CAAC,CAAC,CAAC,IAAI,CAAC,KAAK,CAAC,WAAW,IAAI,IAAI,CAAC,KAAK,CAAC,gBAAgB,CAAC,EACjE,eAAe,EAAE,yBAAe,CAAC,WAAW,EAC5C,EAAE,EAAE,IAAI,CAAC,UAAU,EACnB,SAAS,EAAE,IAAI,CAAC,aAAa,EAC7B,yBAAyB,EAAE,IAAI,IAC3B,IAAI,CAAC,KAAK,CAAC,YAAa,EACxB,+BAAuB,CAAC,IAAI,CAAC,KAAK,CAAC,wBAAwB,CAAC;gBAEhE,0CACG,IAAI,CAAC,KAAK,CAAC,+BAA+B,CAAC,CAAC,CAAC,CAC5C,IAAI,CAAC,KAAK,CAAC,+BAA+B,CAAC,IAAI,CAAC,KAAK,CAAC,eAAe,CAAC,CACvE,CAAC,CAAC,CAAC,CACF,oBAAC,sBAAc,IACb,MAAM,EAAE,IAAI,CAAC,KAAK,CAAC,aAAa,CAAC,CAAC,CAAC,IAAI,CAAC,KAAK,CAAC,aAAa,CAAC,CAAC,CAAC,IAAI,CAAC,KAAK,CAAC,MAAO,EAChF,MAAM,EAAE,IAAI,CAAC,KAAK,CAAC,aAAa,CAAC,CAAC,CAAC,IAAI,CAAC,KAAK,CAAC,aAAa,CAAC,CAAC,CAAC,IAAI,CAAC,KAAK,CAAC,UAAW,EACpF,KAAK,EAAE,IAAI,CAAC,KAAK,CAAC,SAAS,EAC3B,OAAO,EAAE,IAAI,CAAC,KAAK,CAAC,OAAO,GAC3B,CACH,CACA,CACK,CACN,CACP,CAAC;IACJ,CAAC;IAEO,6CAAY,GAApB,UAAqB,OAAoB,EAAE,WAA+B;QACxE,IAAI,CAAC,SAAS,CAAC,IAAI,CAAC,EAAE,KAAK,EAAE,WAAW,EAAE,UAAU,EAAE,OAAO,EAAE,CAAC,CAAC;IACnE,CAAC;IAEO,yCAAQ,GAAhB,UAAiB,UAAyC,EAAE,KAAsB;QAChF,IAAI,CAAC,CAAC,IAAI,CAAC,KAAK,CAAC,gBAAgB,IAAI,IAAI,CAAC,KAAK,CAAC,MAAM,KAAK,KAAK,CAAC,MAAO,CAAC,IAAI,IAAI,CAAC,mBAAmB,KAAK,KAAK,EAAE;YAC/G,IAAM,qBAAqB,GAAG,gBAAI,CAChC,IAAI,CAAC,SAAS,EACd,UAAC,cAA6B,IAAK,OAAA,cAAc,CAAC,KAAK,KAAK,KAAK,CAAC,MAAM,EAArC,CAAqC,CACzE,CAAC;YACF,IAAI,CAAC,mBAAmB,GAAG,KAAK,CAAC;YACjC,IAAI,CAAC,QAAQ,CAAC;gBACZ,gBAAgB,EAAE,IAAI;gBACtB,UAAU,EAAE,UAAU;gBACtB,SAAS,EAAE,KAAK,CAAC,KAAM;gBACvB,MAAM,EAAE,KAAK,CAAC,MAAO;gBACrB,WAAW,EAAE,qBAAsB,CAAC,UAAU;gBAC9C,aAAa,EAAE,KAAK,CAAC,gBAAiB;gBACtC,aAAa,EAAE,KAAK,CAAC,gBAAiB;gBACtC,eAAe,EAAE,KAAK;gBACtB,wBAAwB,EAAE,KAAK,CAAC,wBAAwB;aACzD,CAAC,CAAC;SACJ;IACH,CAAC;IAEO,0CAAS,GAAjB;QACE,IAAI;IACN,CAAC;IAoCO,oDAAmB,GAA3B,UAA4B,IAAiB;QACnC,IAAA,OAAO,GAAK,IAAI,CAAC,KAAK,QAAf,CAAgB;QAC/B,IAAM,aAAa,GAAG,IAAI,CAAC,KAAK,CAAC,aAAa,IAAI,SAAS,CAAC;QAC5D,IAAM,SAAS,GAAoB,IAAK,CAAC,SAAU,CAAC,CAAC,CAAC,CAAC;QACvD,IAAM,CAAC,GAAG,SAAS,CAAC,sBAAuB,CAAC,CAAC,CAAC;QAC9C,IAAM,CAAC,GAAG,SAAS,CAAC,sBAAuB,CAAC,CAAC,CAAC;QAE9C,IAAM,iBAAiB,GAAG,+BAAuB,CAAC,IAAI,CAAC,0BAA2B,CAAC,CAAC;QACpF,QAAQ,aAAa,EAAE;YACrB,KAAK,SAAS;gBACZ,OAAO,CACL,8CAAK,SAAS,EAAE,IAAI,CAAC,WAAW,CAAC,eAAe,IAAM,iBAAiB,GACpE,6BAAqB,CAAC,CAAC,EAAE,OAAO,CAAC,CAC9B,CACP,CAAC;YACJ,KAAK,UAAU;gBACb,OAAO,CACL,gDAAS,iBAAiB;oBACxB,8BAAM,SAAS,EAAE,IAAI,CAAC,WAAW,CAAC,eAAe,IAAG,6BAAqB,CAAC,CAAC,EAAE,OAAO,CAAC,CAAQ;oBAC7F,8BAAM,SAAS,EAAE,IAAI,CAAC,WAAW,CAAC,wBAAwB,IACvD,KAAK,GAAG,6BAAqB,CAAC,CAAC,EAAE,OAAO,CAAC,CACrC,CACH,CACP,CAAC;YACJ,KAAK,YAAY;gBACf,IAAM,mBAAmB,GAAM,6BAAqB,CAAC,IAAI,CAAC,KAAK,CAAC,CAAC,CAAC,GAAG,CAAC,CAAC,GAAG,GAAG,CAAC,EAAE,OAAO,CAAC,MAAG,CAAC;gBAC5F,OAAO,CACL,8CAAK,SAAS,EAAE,IAAI,CAAC,WAAW,CAAC,eAAe,IAAM,iBAAiB,GACpE,mBAAmB,CAChB,CACP,CAAC;SACL;IACH,CAAC;IAEO,iDAAgB,GAAxB,UAAyB,IAAiB;QACxC,IAAM,SAAS,GAAG,IAAI,CAAC,SAAU,CAAC,CAAC,CAAC,CAAC,sBAAuB,CAAC,CAAC,CAAC;QAC/D,IAAM,aAAa,GAAG,IAAI,CAAC,SAAU,CAAC,CAAC,CAAC,CAAC,IAAI,CAAC;QAC9C,IAAM,cAAc,GAAG,IAAI,CAAC,KAAK,CAAC,CAAC,CAAC,aAAa,CAAC,CAAC,CAAC,aAAa,CAAC,CAAC,CAAC,CAAC,CAAC,GAAG,SAAS,CAAC,GAAG,GAAG,CAAC,CAAC;QAE3F,IAAM,eAAe,GAAG;YACtB,IAAI,EAAE,OAAO,GAAG,cAAc,GAAG,UAAU;SAC5C,CAAC;QAEF,OAAO,CACL,6BAAK,SAAS,EAAE,IAAI,CAAC,WAAW,CAAC,kBAAkB;YACjD,6BAAK,SAAS,EAAE,IAAI,CAAC,WAAW,CAAC,QAAQ,EAAE,KAAK,EAAE,eAAe,GAAI,CACjE,CACP,CAAC;IACJ,CAAC;IAEO,4CAAW,GAAnB,UAAoB,IAAiB,EAAE,OAAiB;QAAxD,iBAgEC;QA/DC,IAAM,cAAc,GAAa,CAAC,OAAO,CAAC,SAAS,EAAE,OAAO,CAAC,IAAI,EAAE,OAAO,CAAC,OAAO,EAAE,OAAO,CAAC,GAAG,EAAE,OAAO,CAAC,KAAK,CAAC,CAAC;QAChH,wDAAwD;QACxD,IAAM,aAAa,GAAa,EAAE,CAAC;QACnC,IAAM,KAAK,GAAG,IAAI,CAAC,SAAU,CAAC,MAAM,CAClC,UAAC,GAAW,EAAE,KAAsB;YAClC,OAAA,GAAG,GAAG,CAAC,KAAK,CAAC,sBAAuB,CAAC,CAAC,CAAC,CAAC,CAAC,KAAK,CAAC,sBAAuB,CAAC,CAAC,CAAC,CAAC,CAAC,CAAC,CAAC;QAA7E,CAA6E,EAC/E,CAAC,CACF,CAAC;QACF,IAAI,YAAY,GAAG,CAAC,CAAC;QACrB,IAAI,KAAK,GAAG,CAAC,CAAC;QAEd,IAAI,YAAY,GAAG,CAAC,CAAC;QACrB,IAAI,CAAC,SAAU,CAAC,GAAG,CAAC,UAAC,KAAsB,EAAE,KAAa;YACxD,IAAM,SAAS,GAAG,KAAK,CAAC,sBAAuB,CAAC,CAAC,CAAC,CAAC,CAAC,KAAK,CAAC,sBAAuB,CAAC,CAAC,CAAC,CAAC,CAAC,CAAC,CAAC;YACxF,KAAK,GAAG,CAAC,SAAS,GAAG,KAAK,CAAC,GAAG,GAAG,CAAC;YAClC,IAAI,KAAK,GAAG,CAAC,EAAE;gBACb,KAAK,GAAG,CAAC,CAAC;aACX;iBAAM,IAAI,KAAK,GAAG,CAAC,IAAI,KAAK,KAAK,CAAC,EAAE;gBACnC,KAAK,GAAG,CAAC,CAAC;aACX;YACD,YAAY,IAAI,KAAK,CAAC;YAEtB,OAAO,YAAY,CAAC;QACtB,CAAC,CAAC,CAAC;QAEH,IAAM,YAAY,GAAG,YAAY,KAAK,CAAC,CAAC,CAAC,CAAC,YAAY,GAAG,GAAG,CAAC,CAAC,CAAC,CAAC,CAAC;QAEjE,IAAM,IAAI,GAAG,IAAI,CAAC,SAAU,CAAC,GAAG,CAAC,UAAC,KAAsB,EAAE,KAAa;YACrE,IAAM,KAAK,GAAW,KAAK,CAAC,KAAK,CAAC,CAAC,CAAC,KAAK,CAAC,KAAK,CAAC,CAAC,CAAC,cAAc,CAAC,IAAI,CAAC,KAAK,CAAC,IAAI,CAAC,MAAM,EAAE,GAAG,CAAC,GAAG,CAAC,CAAC,CAAC,CAAC;YACpG,IAAM,SAAS,GAAG,KAAK,CAAC,sBAAuB,CAAC,CAAC,CAAC,CAAC,CAAC,KAAK,CAAC,sBAAuB,CAAC,CAAC,CAAC,CAAC,CAAC,CAAC,CAAC;YACxF,IAAI,KAAK,GAAG,CAAC,EAAE;gBACb,YAAY,IAAI,KAAK,CAAC;aACvB;YACD,KAAK,GAAG,CAAC,SAAS,GAAG,KAAK,CAAC,GAAG,GAAG,CAAC;YAClC,IAAI,KAAK,GAAG,CAAC,EAAE;gBACb,KAAK,GAAG,CAAC,CAAC;aACX;iBAAM,IAAI,KAAK,GAAG,CAAC,IAAI,KAAK,KAAK,CAAC,EAAE;gBACnC,KAAK,GAAG,CAAC,GAAG,YAAY,CAAC;aAC1B;iBAAM;gBACL,KAAK,GAAG,KAAK,GAAG,YAAY,CAAC;aAC9B;YACD,aAAa,CAAC,IAAI,CAAC,YAAY,CAAC,CAAC;YAEjC,IAAM,MAAM,GAAG,KAAK,CAAC,sBAAuB,CAAC,CAAC,CAAC;YAC/C,OAAO,CACL,8BACE,GAAG,EAAE,KAAK,EACV,CAAC,EAAE,aAAa,CAAC,KAAK,CAAC,GAAG,GAAG,EAC7B,CAAC,EAAE,CAAC,uBACe,KAAK,CAAC,MAAM,KAAK,EAAE,CAAC,CAAC,CAAC,IAAI,CAAC,CAAC,CAAC,KAAK,EACrD,KAAK,EAAE,KAAK,GAAG,GAAG,EAClB,MAAM,EAAE,KAAI,CAAC,UAAU,EACvB,IAAI,EAAE,KAAK,EACX,WAAW,EAAE,KAAK,CAAC,MAAM,KAAK,EAAE,CAAC,CAAC,CAAC,KAAI,CAAC,QAAQ,CAAC,IAAI,CAAC,KAAI,EAAE,MAAM,EAAE,KAAK,CAAC,CAAC,CAAC,CAAC,SAAS,EACtF,OAAO,EAAE,KAAK,CAAC,MAAM,KAAK,EAAE,CAAC,CAAC,CAAC,KAAI,CAAC,QAAQ,CAAC,IAAI,CAAC,KAAI,EAAE,MAAM,EAAE,KAAK,CAAC,CAAC,CAAC,CAAC,SAAS,EAClF,IAAI,EAAC,KAAK,gBACE,KAAI,CAAC,aAAa,CAAC,KAAK,CAAC,EACrC,MAAM,EAAE,KAAI,CAAC,SAAS,EACtB,YAAY,EAAE,KAAI,CAAC,SAAS,GAC5B,CACH,CAAC;QACJ,CAAC,CAAC,CAAC;QACH,OAAO,IAAI,CAAC;IACd,CAAC;IAeH,6BAAC;AAAD,CAAC,AArUD,CAA4C,KAAK,CAAC,SAAS,GAqU1D;AArUY,wDAAsB"
    },
    "_coverageSchema": "1a1c01bbd47fc00a2c39e90264f33305004495a9",
    "hash": "738dc56f052589a2aa8dc0d8697e76da98b80ee6",
    "contentHash": "11733b2015e30e806482de945891abc9a09a3345271631a4a7d4b1525e3d4eef"
  },
  "D:\\fluentui\\packages\\react-charting\\lib-commonjs\\utilities\\index.js": {
    "path": "D:\\fluentui\\packages\\react-charting\\lib-commonjs\\utilities\\index.js",
    "statementMap": {
      "0": { "start": { "line": 2, "column": 0 }, "end": { "line": 2, "column": 62 } },
      "1": { "start": { "line": 3, "column": 14 }, "end": { "line": 3, "column": 30 } },
      "2": { "start": { "line": 4, "column": 0 }, "end": { "line": 4, "column": 65 } },
      "3": { "start": { "line": 5, "column": 0 }, "end": { "line": 5, "column": 54 } }
    },
    "fnMap": {},
    "branchMap": {},
    "s": { "0": 1, "1": 1, "2": 1, "3": 1 },
    "f": {},
    "b": {},
    "inputSourceMap": {
      "version": 3,
      "file": "index.js",
      "sourceRoot": "",
      "sources": ["../../src/utilities/index.ts"],
      "names": [],
      "mappings": ";;;AAAA,iEAAuC;AACvC,sDAA4B"
    },
    "_coverageSchema": "1a1c01bbd47fc00a2c39e90264f33305004495a9",
    "hash": "bd15332e2a74943465ca9042a86d789ac8b68524",
    "contentHash": "d10f77c4745da9480aaf05c8cfcae5d5031762775bd1bb05623c7551f5e844e9"
  },
  "D:\\fluentui\\packages\\react-charting\\lib-commonjs\\utilities\\ChartHoverCard\\index.js": {
    "path": "D:\\fluentui\\packages\\react-charting\\lib-commonjs\\utilities\\ChartHoverCard\\index.js",
    "statementMap": {
      "0": { "start": { "line": 2, "column": 0 }, "end": { "line": 2, "column": 62 } },
      "1": { "start": { "line": 3, "column": 14 }, "end": { "line": 3, "column": 30 } },
      "2": { "start": { "line": 4, "column": 0 }, "end": { "line": 4, "column": 59 } },
      "3": { "start": { "line": 5, "column": 0 }, "end": { "line": 5, "column": 66 } },
      "4": { "start": { "line": 6, "column": 0 }, "end": { "line": 6, "column": 65 } }
    },
    "fnMap": {},
    "branchMap": {},
    "s": { "0": 1, "1": 1, "2": 1, "3": 1, "4": 1 },
    "f": {},
    "b": {},
    "inputSourceMap": {
      "version": 3,
      "file": "index.js",
      "sourceRoot": "",
      "sources": ["../../../src/utilities/ChartHoverCard/index.ts"],
      "names": [],
      "mappings": ";;;AAAA,2DAAiC;AACjC,kEAAwC;AACxC,iEAAuC"
    },
    "_coverageSchema": "1a1c01bbd47fc00a2c39e90264f33305004495a9",
    "hash": "7745e00e76b63442d13e6bf7ad1635e1da94d97a",
    "contentHash": "acb01f77eb2bbfecc9ba8f7a432292a6ee287915a7f291bbc81d04ee5b949b44"
  },
  "D:\\fluentui\\packages\\react-charting\\lib-commonjs\\utilities\\ChartHoverCard\\ChartHoverCard.js": {
    "path": "D:\\fluentui\\packages\\react-charting\\lib-commonjs\\utilities\\ChartHoverCard\\ChartHoverCard.js",
    "statementMap": {
      "0": { "start": { "line": 2, "column": 0 }, "end": { "line": 2, "column": 62 } },
      "1": { "start": { "line": 3, "column": 0 }, "end": { "line": 3, "column": 32 } },
      "2": { "start": { "line": 4, "column": 18 }, "end": { "line": 4, "column": 44 } },
      "3": { "start": { "line": 5, "column": 28 }, "end": { "line": 5, "column": 60 } },
      "4": { "start": { "line": 6, "column": 30 }, "end": { "line": 6, "column": 64 } },
      "5": { "start": { "line": 8, "column": 0 }, "end": { "line": 8, "column": 135 } }
    },
    "fnMap": {},
    "branchMap": {},
    "s": { "0": 1, "1": 1, "2": 1, "3": 1, "4": 1, "5": 1 },
    "f": {},
    "b": {},
    "inputSourceMap": {
      "version": 3,
      "file": "ChartHoverCard.js",
      "sourceRoot": "",
      "sources": ["../../../src/utilities/ChartHoverCard/ChartHoverCard.tsx"],
      "names": [],
      "mappings": ";;;AAAA,6CAAyC;AAEzC,6DAA2D;AAC3D,iEAAkE;AAGlE,iGAAiG;AACpF,QAAA,cAAc,GAAkD,kBAAM,CAIjF,wCAAkB,EAAE,+CAAuB,CAAC,CAAC"
    },
    "_coverageSchema": "1a1c01bbd47fc00a2c39e90264f33305004495a9",
    "hash": "75eb0c988443d005509e9008fd936fefec682459",
    "contentHash": "359faf3abf930c0cf3e58b98dd259de46caf8fb8dbb2b19c8832c944815f277c"
  },
  "D:\\fluentui\\packages\\react-charting\\lib-commonjs\\Utilities.js": {
    "path": "D:\\fluentui\\packages\\react-charting\\lib-commonjs\\Utilities.js",
    "statementMap": {
      "0": { "start": { "line": 2, "column": 0 }, "end": { "line": 2, "column": 62 } },
      "1": { "start": { "line": 3, "column": 0 }, "end": { "line": 3, "column": 1289 } },
      "2": { "start": { "line": 4, "column": 0 }, "end": { "line": 4, "column": 1306 } },
      "3": { "start": { "line": 5, "column": 0 }, "end": { "line": 5, "column": 1257 } },
      "4": { "start": { "line": 6, "column": 0 }, "end": { "line": 6, "column": 465 } },
      "5": { "start": { "line": 7, "column": 18 }, "end": { "line": 7, "column": 58 } },
      "6": { "start": { "line": 8, "column": 0 }, "end": { "line": 8, "column": 110 } },
      "7": { "start": { "line": 8, "column": 79 }, "end": { "line": 8, "column": 104 } },
      "8": { "start": { "line": 9, "column": 0 }, "end": { "line": 9, "column": 120 } },
      "9": { "start": { "line": 9, "column": 84 }, "end": { "line": 9, "column": 114 } },
      "10": { "start": { "line": 11, "column": 0 }, "end": { "line": 11, "column": 126 } },
      "11": { "start": { "line": 11, "column": 87 }, "end": { "line": 11, "column": 120 } },
      "12": { "start": { "line": 12, "column": 0 }, "end": { "line": 12, "column": 128 } },
      "13": { "start": { "line": 12, "column": 88 }, "end": { "line": 12, "column": 122 } },
      "14": { "start": { "line": 14, "column": 0 }, "end": { "line": 14, "column": 120 } },
      "15": { "start": { "line": 14, "column": 84 }, "end": { "line": 14, "column": 114 } },
      "16": { "start": { "line": 15, "column": 0 }, "end": { "line": 15, "column": 134 } },
      "17": { "start": { "line": 15, "column": 91 }, "end": { "line": 15, "column": 128 } },
      "18": { "start": { "line": 16, "column": 0 }, "end": { "line": 16, "column": 156 } },
      "19": { "start": { "line": 16, "column": 102 }, "end": { "line": 16, "column": 150 } },
      "20": { "start": { "line": 17, "column": 0 }, "end": { "line": 17, "column": 142 } },
      "21": { "start": { "line": 17, "column": 95 }, "end": { "line": 17, "column": 136 } },
      "22": { "start": { "line": 18, "column": 0 }, "end": { "line": 18, "column": 126 } },
      "23": { "start": { "line": 18, "column": 87 }, "end": { "line": 18, "column": 120 } },
      "24": { "start": { "line": 19, "column": 0 }, "end": { "line": 19, "column": 120 } },
      "25": { "start": { "line": 19, "column": 84 }, "end": { "line": 19, "column": 114 } },
      "26": { "start": { "line": 20, "column": 0 }, "end": { "line": 20, "column": 134 } },
      "27": { "start": { "line": 20, "column": 91 }, "end": { "line": 20, "column": 128 } },
      "28": { "start": { "line": 21, "column": 0 }, "end": { "line": 21, "column": 120 } },
      "29": { "start": { "line": 21, "column": 84 }, "end": { "line": 21, "column": 114 } },
      "30": { "start": { "line": 22, "column": 0 }, "end": { "line": 22, "column": 128 } },
      "31": { "start": { "line": 22, "column": 88 }, "end": { "line": 22, "column": 122 } },
      "32": { "start": { "line": 23, "column": 0 }, "end": { "line": 23, "column": 146 } },
      "33": { "start": { "line": 23, "column": 97 }, "end": { "line": 23, "column": 140 } },
      "34": { "start": { "line": 24, "column": 0 }, "end": { "line": 24, "column": 116 } },
      "35": { "start": { "line": 24, "column": 82 }, "end": { "line": 24, "column": 110 } },
      "36": { "start": { "line": 25, "column": 0 }, "end": { "line": 25, "column": 118 } },
      "37": { "start": { "line": 25, "column": 83 }, "end": { "line": 25, "column": 112 } },
      "38": { "start": { "line": 26, "column": 0 }, "end": { "line": 26, "column": 132 } },
      "39": { "start": { "line": 26, "column": 90 }, "end": { "line": 26, "column": 126 } },
      "40": { "start": { "line": 27, "column": 0 }, "end": { "line": 27, "column": 118 } },
      "41": { "start": { "line": 27, "column": 83 }, "end": { "line": 27, "column": 112 } },
      "42": { "start": { "line": 28, "column": 0 }, "end": { "line": 28, "column": 136 } },
      "43": { "start": { "line": 28, "column": 92 }, "end": { "line": 28, "column": 130 } },
      "44": { "start": { "line": 29, "column": 0 }, "end": { "line": 29, "column": 126 } },
      "45": { "start": { "line": 29, "column": 87 }, "end": { "line": 29, "column": 120 } },
      "46": { "start": { "line": 30, "column": 0 }, "end": { "line": 30, "column": 142 } },
      "47": { "start": { "line": 30, "column": 95 }, "end": { "line": 30, "column": 136 } },
      "48": { "start": { "line": 31, "column": 0 }, "end": { "line": 31, "column": 134 } },
      "49": { "start": { "line": 31, "column": 91 }, "end": { "line": 31, "column": 128 } },
      "50": { "start": { "line": 32, "column": 0 }, "end": { "line": 32, "column": 148 } },
      "51": { "start": { "line": 32, "column": 98 }, "end": { "line": 32, "column": 142 } },
      "52": { "start": { "line": 33, "column": 0 }, "end": { "line": 33, "column": 140 } },
      "53": { "start": { "line": 33, "column": 94 }, "end": { "line": 33, "column": 134 } },
      "54": { "start": { "line": 34, "column": 0 }, "end": { "line": 34, "column": 132 } },
      "55": { "start": { "line": 34, "column": 90 }, "end": { "line": 34, "column": 126 } },
      "56": { "start": { "line": 35, "column": 0 }, "end": { "line": 35, "column": 128 } },
      "57": { "start": { "line": 35, "column": 88 }, "end": { "line": 35, "column": 122 } },
      "58": { "start": { "line": 36, "column": 0 }, "end": { "line": 36, "column": 122 } },
      "59": { "start": { "line": 36, "column": 85 }, "end": { "line": 36, "column": 116 } },
      "60": { "start": { "line": 37, "column": 0 }, "end": { "line": 37, "column": 114 } },
      "61": { "start": { "line": 37, "column": 81 }, "end": { "line": 37, "column": 108 } },
      "62": { "start": { "line": 38, "column": 0 }, "end": { "line": 38, "column": 122 } },
      "63": { "start": { "line": 38, "column": 85 }, "end": { "line": 38, "column": 116 } },
      "64": { "start": { "line": 39, "column": 0 }, "end": { "line": 39, "column": 112 } },
      "65": { "start": { "line": 39, "column": 80 }, "end": { "line": 39, "column": 106 } },
      "66": { "start": { "line": 40, "column": 0 }, "end": { "line": 40, "column": 130 } },
      "67": { "start": { "line": 40, "column": 89 }, "end": { "line": 40, "column": 124 } },
      "68": { "start": { "line": 41, "column": 0 }, "end": { "line": 41, "column": 134 } },
      "69": { "start": { "line": 41, "column": 91 }, "end": { "line": 41, "column": 128 } },
      "70": { "start": { "line": 42, "column": 0 }, "end": { "line": 42, "column": 142 } },
      "71": { "start": { "line": 42, "column": 95 }, "end": { "line": 42, "column": 136 } },
      "72": { "start": { "line": 43, "column": 0 }, "end": { "line": 43, "column": 132 } },
      "73": { "start": { "line": 43, "column": 90 }, "end": { "line": 43, "column": 126 } },
      "74": { "start": { "line": 44, "column": 0 }, "end": { "line": 44, "column": 136 } },
      "75": { "start": { "line": 44, "column": 92 }, "end": { "line": 44, "column": 130 } },
      "76": { "start": { "line": 45, "column": 0 }, "end": { "line": 45, "column": 118 } },
      "77": { "start": { "line": 45, "column": 83 }, "end": { "line": 45, "column": 112 } },
      "78": { "start": { "line": 46, "column": 0 }, "end": { "line": 46, "column": 136 } },
      "79": { "start": { "line": 46, "column": 92 }, "end": { "line": 46, "column": 130 } },
      "80": { "start": { "line": 47, "column": 0 }, "end": { "line": 47, "column": 136 } },
      "81": { "start": { "line": 47, "column": 92 }, "end": { "line": 47, "column": 130 } },
      "82": { "start": { "line": 48, "column": 0 }, "end": { "line": 48, "column": 126 } },
      "83": { "start": { "line": 48, "column": 87 }, "end": { "line": 48, "column": 120 } },
      "84": { "start": { "line": 49, "column": 0 }, "end": { "line": 49, "column": 136 } },
      "85": { "start": { "line": 49, "column": 92 }, "end": { "line": 49, "column": 130 } },
      "86": { "start": { "line": 50, "column": 0 }, "end": { "line": 50, "column": 142 } },
      "87": { "start": { "line": 50, "column": 95 }, "end": { "line": 50, "column": 136 } },
      "88": { "start": { "line": 51, "column": 0 }, "end": { "line": 51, "column": 122 } },
      "89": { "start": { "line": 51, "column": 85 }, "end": { "line": 51, "column": 116 } },
      "90": { "start": { "line": 52, "column": 0 }, "end": { "line": 52, "column": 128 } },
      "91": { "start": { "line": 52, "column": 88 }, "end": { "line": 52, "column": 122 } },
      "92": { "start": { "line": 53, "column": 0 }, "end": { "line": 53, "column": 130 } },
      "93": { "start": { "line": 53, "column": 89 }, "end": { "line": 53, "column": 124 } },
      "94": { "start": { "line": 54, "column": 0 }, "end": { "line": 54, "column": 106 } },
      "95": { "start": { "line": 54, "column": 77 }, "end": { "line": 54, "column": 100 } },
      "96": { "start": { "line": 55, "column": 0 }, "end": { "line": 55, "column": 124 } },
      "97": { "start": { "line": 55, "column": 86 }, "end": { "line": 55, "column": 118 } },
      "98": { "start": { "line": 56, "column": 0 }, "end": { "line": 56, "column": 134 } },
      "99": { "start": { "line": 56, "column": 91 }, "end": { "line": 56, "column": 128 } },
      "100": { "start": { "line": 57, "column": 0 }, "end": { "line": 57, "column": 126 } },
      "101": { "start": { "line": 57, "column": 87 }, "end": { "line": 57, "column": 120 } },
      "102": { "start": { "line": 58, "column": 0 }, "end": { "line": 58, "column": 146 } },
      "103": { "start": { "line": 58, "column": 97 }, "end": { "line": 58, "column": 140 } },
      "104": { "start": { "line": 59, "column": 0 }, "end": { "line": 59, "column": 130 } },
      "105": { "start": { "line": 59, "column": 89 }, "end": { "line": 59, "column": 124 } },
      "106": { "start": { "line": 60, "column": 0 }, "end": { "line": 60, "column": 148 } },
      "107": { "start": { "line": 60, "column": 98 }, "end": { "line": 60, "column": 142 } },
      "108": { "start": { "line": 61, "column": 0 }, "end": { "line": 61, "column": 132 } },
      "109": { "start": { "line": 61, "column": 90 }, "end": { "line": 61, "column": 126 } },
      "110": { "start": { "line": 62, "column": 0 }, "end": { "line": 62, "column": 130 } },
      "111": { "start": { "line": 62, "column": 89 }, "end": { "line": 62, "column": 124 } },
      "112": { "start": { "line": 63, "column": 0 }, "end": { "line": 63, "column": 128 } },
      "113": { "start": { "line": 63, "column": 88 }, "end": { "line": 63, "column": 122 } },
      "114": { "start": { "line": 64, "column": 0 }, "end": { "line": 64, "column": 108 } },
      "115": { "start": { "line": 64, "column": 78 }, "end": { "line": 64, "column": 102 } },
      "116": { "start": { "line": 65, "column": 0 }, "end": { "line": 65, "column": 140 } },
      "117": { "start": { "line": 65, "column": 94 }, "end": { "line": 65, "column": 134 } },
      "118": { "start": { "line": 66, "column": 0 }, "end": { "line": 66, "column": 118 } },
      "119": { "start": { "line": 66, "column": 83 }, "end": { "line": 66, "column": 112 } },
      "120": { "start": { "line": 67, "column": 0 }, "end": { "line": 67, "column": 140 } },
      "121": { "start": { "line": 67, "column": 94 }, "end": { "line": 67, "column": 134 } },
      "122": { "start": { "line": 68, "column": 0 }, "end": { "line": 68, "column": 136 } },
      "123": { "start": { "line": 68, "column": 92 }, "end": { "line": 68, "column": 130 } },
      "124": { "start": { "line": 69, "column": 0 }, "end": { "line": 69, "column": 114 } },
      "125": { "start": { "line": 69, "column": 81 }, "end": { "line": 69, "column": 108 } },
      "126": { "start": { "line": 70, "column": 0 }, "end": { "line": 70, "column": 120 } },
      "127": { "start": { "line": 70, "column": 84 }, "end": { "line": 70, "column": 114 } },
      "128": { "start": { "line": 71, "column": 0 }, "end": { "line": 71, "column": 130 } },
      "129": { "start": { "line": 71, "column": 89 }, "end": { "line": 71, "column": 124 } },
      "130": { "start": { "line": 72, "column": 0 }, "end": { "line": 72, "column": 128 } },
      "131": { "start": { "line": 72, "column": 88 }, "end": { "line": 72, "column": 122 } },
      "132": { "start": { "line": 73, "column": 0 }, "end": { "line": 73, "column": 112 } },
      "133": { "start": { "line": 73, "column": 80 }, "end": { "line": 73, "column": 106 } },
      "134": { "start": { "line": 74, "column": 0 }, "end": { "line": 74, "column": 122 } },
      "135": { "start": { "line": 74, "column": 85 }, "end": { "line": 74, "column": 116 } },
      "136": { "start": { "line": 75, "column": 0 }, "end": { "line": 75, "column": 148 } },
      "137": { "start": { "line": 75, "column": 98 }, "end": { "line": 75, "column": 142 } },
      "138": { "start": { "line": 76, "column": 0 }, "end": { "line": 76, "column": 122 } },
      "139": { "start": { "line": 76, "column": 85 }, "end": { "line": 76, "column": 116 } },
      "140": { "start": { "line": 77, "column": 0 }, "end": { "line": 77, "column": 138 } },
      "141": { "start": { "line": 77, "column": 93 }, "end": { "line": 77, "column": 132 } },
      "142": { "start": { "line": 78, "column": 0 }, "end": { "line": 78, "column": 134 } },
      "143": { "start": { "line": 78, "column": 91 }, "end": { "line": 78, "column": 128 } },
      "144": { "start": { "line": 79, "column": 0 }, "end": { "line": 79, "column": 132 } },
      "145": { "start": { "line": 79, "column": 90 }, "end": { "line": 79, "column": 126 } },
      "146": { "start": { "line": 80, "column": 0 }, "end": { "line": 80, "column": 168 } },
      "147": { "start": { "line": 80, "column": 108 }, "end": { "line": 80, "column": 162 } },
      "148": { "start": { "line": 81, "column": 0 }, "end": { "line": 81, "column": 146 } },
      "149": { "start": { "line": 81, "column": 97 }, "end": { "line": 81, "column": 140 } },
      "150": { "start": { "line": 82, "column": 0 }, "end": { "line": 82, "column": 110 } },
      "151": { "start": { "line": 82, "column": 79 }, "end": { "line": 82, "column": 104 } },
      "152": { "start": { "line": 83, "column": 0 }, "end": { "line": 83, "column": 122 } },
      "153": { "start": { "line": 83, "column": 85 }, "end": { "line": 83, "column": 116 } },
      "154": { "start": { "line": 84, "column": 0 }, "end": { "line": 84, "column": 122 } },
      "155": { "start": { "line": 84, "column": 85 }, "end": { "line": 84, "column": 116 } },
      "156": { "start": { "line": 85, "column": 0 }, "end": { "line": 85, "column": 132 } },
      "157": { "start": { "line": 85, "column": 90 }, "end": { "line": 85, "column": 126 } },
      "158": { "start": { "line": 86, "column": 0 }, "end": { "line": 86, "column": 130 } },
      "159": { "start": { "line": 86, "column": 89 }, "end": { "line": 86, "column": 124 } },
      "160": { "start": { "line": 87, "column": 0 }, "end": { "line": 87, "column": 142 } },
      "161": { "start": { "line": 87, "column": 95 }, "end": { "line": 87, "column": 136 } },
      "162": { "start": { "line": 88, "column": 0 }, "end": { "line": 88, "column": 128 } },
      "163": { "start": { "line": 88, "column": 88 }, "end": { "line": 88, "column": 122 } },
      "164": { "start": { "line": 89, "column": 0 }, "end": { "line": 89, "column": 128 } },
      "165": { "start": { "line": 89, "column": 88 }, "end": { "line": 89, "column": 122 } },
      "166": { "start": { "line": 90, "column": 0 }, "end": { "line": 90, "column": 118 } },
      "167": { "start": { "line": 90, "column": 83 }, "end": { "line": 90, "column": 112 } },
      "168": { "start": { "line": 91, "column": 0 }, "end": { "line": 91, "column": 136 } },
      "169": { "start": { "line": 91, "column": 92 }, "end": { "line": 91, "column": 130 } },
      "170": { "start": { "line": 92, "column": 0 }, "end": { "line": 92, "column": 140 } },
      "171": { "start": { "line": 92, "column": 94 }, "end": { "line": 92, "column": 134 } },
      "172": { "start": { "line": 93, "column": 0 }, "end": { "line": 93, "column": 112 } },
      "173": { "start": { "line": 93, "column": 80 }, "end": { "line": 93, "column": 106 } },
      "174": { "start": { "line": 94, "column": 0 }, "end": { "line": 94, "column": 134 } },
      "175": { "start": { "line": 94, "column": 91 }, "end": { "line": 94, "column": 128 } },
      "176": { "start": { "line": 95, "column": 0 }, "end": { "line": 95, "column": 114 } },
      "177": { "start": { "line": 95, "column": 81 }, "end": { "line": 95, "column": 108 } },
      "178": { "start": { "line": 97, "column": 0 }, "end": { "line": 97, "column": 128 } },
      "179": { "start": { "line": 97, "column": 88 }, "end": { "line": 97, "column": 122 } },
      "180": { "start": { "line": 98, "column": 0 }, "end": { "line": 98, "column": 134 } },
      "181": { "start": { "line": 98, "column": 91 }, "end": { "line": 98, "column": 128 } },
      "182": { "start": { "line": 99, "column": 0 }, "end": { "line": 99, "column": 132 } },
      "183": { "start": { "line": 99, "column": 90 }, "end": { "line": 99, "column": 126 } },
      "184": { "start": { "line": 100, "column": 0 }, "end": { "line": 100, "column": 118 } },
      "185": { "start": { "line": 100, "column": 83 }, "end": { "line": 100, "column": 112 } },
      "186": { "start": { "line": 101, "column": 0 }, "end": { "line": 101, "column": 142 } },
      "187": { "start": { "line": 101, "column": 95 }, "end": { "line": 101, "column": 136 } },
      "188": { "start": { "line": 102, "column": 0 }, "end": { "line": 102, "column": 122 } },
      "189": { "start": { "line": 102, "column": 85 }, "end": { "line": 102, "column": 116 } },
      "190": { "start": { "line": 103, "column": 0 }, "end": { "line": 103, "column": 138 } },
      "191": { "start": { "line": 103, "column": 93 }, "end": { "line": 103, "column": 132 } },
      "192": { "start": { "line": 104, "column": 0 }, "end": { "line": 104, "column": 124 } },
      "193": { "start": { "line": 104, "column": 86 }, "end": { "line": 104, "column": 118 } },
      "194": { "start": { "line": 105, "column": 0 }, "end": { "line": 105, "column": 124 } },
      "195": { "start": { "line": 105, "column": 86 }, "end": { "line": 105, "column": 118 } },
      "196": { "start": { "line": 106, "column": 0 }, "end": { "line": 106, "column": 142 } },
      "197": { "start": { "line": 106, "column": 95 }, "end": { "line": 106, "column": 136 } },
      "198": { "start": { "line": 107, "column": 0 }, "end": { "line": 107, "column": 132 } },
      "199": { "start": { "line": 107, "column": 90 }, "end": { "line": 107, "column": 126 } },
      "200": { "start": { "line": 109, "column": 0 }, "end": { "line": 109, "column": 130 } },
      "201": { "start": { "line": 109, "column": 89 }, "end": { "line": 109, "column": 124 } },
      "202": { "start": { "line": 110, "column": 0 }, "end": { "line": 110, "column": 126 } },
      "203": { "start": { "line": 110, "column": 87 }, "end": { "line": 110, "column": 120 } },
      "204": { "start": { "line": 111, "column": 0 }, "end": { "line": 111, "column": 144 } },
      "205": { "start": { "line": 111, "column": 96 }, "end": { "line": 111, "column": 138 } },
      "206": { "start": { "line": 113, "column": 0 }, "end": { "line": 113, "column": 140 } },
      "207": { "start": { "line": 113, "column": 94 }, "end": { "line": 113, "column": 134 } },
      "208": { "start": { "line": 114, "column": 0 }, "end": { "line": 114, "column": 130 } },
      "209": { "start": { "line": 114, "column": 89 }, "end": { "line": 114, "column": 124 } },
      "210": { "start": { "line": 115, "column": 0 }, "end": { "line": 115, "column": 124 } },
      "211": { "start": { "line": 115, "column": 86 }, "end": { "line": 115, "column": 118 } },
      "212": { "start": { "line": 116, "column": 0 }, "end": { "line": 116, "column": 140 } },
      "213": { "start": { "line": 116, "column": 94 }, "end": { "line": 116, "column": 134 } },
      "214": { "start": { "line": 117, "column": 0 }, "end": { "line": 117, "column": 142 } },
      "215": { "start": { "line": 117, "column": 95 }, "end": { "line": 117, "column": 136 } },
      "216": { "start": { "line": 118, "column": 0 }, "end": { "line": 118, "column": 136 } },
      "217": { "start": { "line": 118, "column": 92 }, "end": { "line": 118, "column": 130 } },
      "218": { "start": { "line": 119, "column": 0 }, "end": { "line": 119, "column": 134 } },
      "219": { "start": { "line": 119, "column": 91 }, "end": { "line": 119, "column": 128 } },
      "220": { "start": { "line": 120, "column": 0 }, "end": { "line": 120, "column": 132 } },
      "221": { "start": { "line": 120, "column": 90 }, "end": { "line": 120, "column": 126 } },
      "222": { "start": { "line": 121, "column": 0 }, "end": { "line": 121, "column": 156 } },
      "223": { "start": { "line": 121, "column": 102 }, "end": { "line": 121, "column": 150 } },
      "224": { "start": { "line": 122, "column": 0 }, "end": { "line": 122, "column": 112 } },
      "225": { "start": { "line": 122, "column": 80 }, "end": { "line": 122, "column": 106 } },
      "226": { "start": { "line": 123, "column": 0 }, "end": { "line": 123, "column": 110 } },
      "227": { "start": { "line": 123, "column": 79 }, "end": { "line": 123, "column": 104 } },
      "228": { "start": { "line": 124, "column": 0 }, "end": { "line": 124, "column": 110 } },
      "229": { "start": { "line": 124, "column": 79 }, "end": { "line": 124, "column": 104 } },
      "230": { "start": { "line": 125, "column": 0 }, "end": { "line": 125, "column": 132 } },
      "231": { "start": { "line": 125, "column": 90 }, "end": { "line": 125, "column": 126 } },
      "232": { "start": { "line": 126, "column": 0 }, "end": { "line": 126, "column": 130 } },
      "233": { "start": { "line": 126, "column": 89 }, "end": { "line": 126, "column": 124 } },
      "234": { "start": { "line": 127, "column": 0 }, "end": { "line": 127, "column": 124 } },
      "235": { "start": { "line": 127, "column": 86 }, "end": { "line": 127, "column": 118 } },
      "236": { "start": { "line": 128, "column": 0 }, "end": { "line": 128, "column": 126 } },
      "237": { "start": { "line": 128, "column": 87 }, "end": { "line": 128, "column": 120 } },
      "238": { "start": { "line": 129, "column": 0 }, "end": { "line": 129, "column": 114 } },
[...]
,EAAE,CAAC;QAC9B,IAAM,aAAa,GAAM,IAAI,CAAC,IAAI,EAAE,CAAC,KAAK,CAAC,CAAC,EAAE,mBAAmB,CAAC,QAAK,CAAC;QACxE,IAAM,eAAe,GAAG,IAAI,CAAC,IAAI,EAAE,CAAC,MAAM,CAAC;QAC3C,IAAM,KAAK,GAAG,IAAI,CAAC,IAAI,EAAE,CAAC,KAAK,CAAC,KAAK,CAAC,CAAC,OAAO,EAAE,CAAC;QACjD,GAAG,CAAC,IAAI,CAAC,KAAK,CAAC,MAAM,CAAC,CAAC;QACvB,IAAI,IAAI,GAAW,EAAE,CAAC;QACtB,IAAI,IAAI,GAAa,EAAE,CAAC;QACxB,IAAI,UAAU,GAAW,CAAC,CAAC;QAC3B,IAAM,UAAU,GAAG,GAAG,CAAC,CAAC,MAAM;QAC9B,IAAM,CAAC,GAAG,IAAI,CAAC,IAAI,CAAC,GAAG,CAAC,CAAC;QACzB,IAAM,EAAE,GAAG,UAAU,CAAC,IAAI,CAAC,IAAI,CAAC,IAAI,CAAC,CAAC,CAAC;QACvC,IAAI,KAAK,GAAG,IAAI;aACb,IAAI,CAAC,IAAI,CAAC;aACV,MAAM,CAAC,OAAO,CAAC;aACf,IAAI,CAAC,GAAG,EAAE,CAAC,CAAC;aACZ,IAAI,CAAC,GAAG,EAAE,CAAC,CAAC;aACZ,IAAI,CAAC,IAAI,EAAE,UAAU,CAAC;aACtB,IAAI,CAAC,IAAI,EAAE,EAAE,GAAG,IAAI,CAAC;aACrB,IAAI,CAAC,OAAO,EAAE,SAAS,CAAC,CAAC;QAE5B,IAAI,sBAAsB,IAAI,eAAe,GAAG,mBAAmB,EAAE;YACnE,KAAK,GAAG,IAAI;iBACT,MAAM,CAAC,OAAO,CAAC;iBACf,IAAI,CAAC,IAAI,EAAE,UAAU,CAAC;iBACtB,IAAI,CAAC,GAAG,EAAE,CAAC,CAAC;iBACZ,IAAI,CAAC,GAAG,EAAE,CAAC,CAAC;iBACZ,IAAI,CAAC,IAAI,EAAE,EAAE,UAAU,GAAG,UAAU,GAAG,EAAE,GAAG,IAAI,CAAC;iBACjD,IAAI,CAAC,aAAa,CAAC,CAAC;SACxB;aAAM,IAAI,sBAAsB,IAAI,eAAe,IAAI,mBAAmB,EAAE;YAC3E,KAAK,GAAG,IAAI;iBACT,MAAM,CAAC,OAAO,CAAC;iBACf,IAAI,CAAC,IAAI,EAAE,YAAY,CAAC;iBACxB,IAAI,CAAC,GAAG,EAAE,CAAC,CAAC;iBACZ,IAAI,CAAC,GAAG,EAAE,CAAC,CAAC;iBACZ,IAAI,CAAC,IAAI,EAAE,EAAE,UAAU,GAAG,UAAU,GAAG,EAAE,GAAG,IAAI,CAAC;iBACjD,IAAI,CAAC,SAAS,CAAC,CAAC;SACpB;aAAM;YACL,OAAO,CAAC,IAAI,GAAG,KAAK,CAAC,GAAG,EAAG,CAAC,EAAE;gBAC5B,IAAI,CAAC,IAAI,CAAC,IAAI,CAAC,CAAC;gBAChB,KAAK,CAAC,IAAI,CAAC,IAAI,CAAC,IAAI,CAAC,GAAG,CAAC,CAAC,CAAC;gBAC3B,IAAI,KAAK,CAAC,IAAI,EAAG,CAAC,qBAAqB,EAAE,GAAG,KAAK,IAAI,IAAI,CAAC,MAAM,GAAG,CAAC,EAAE;oBACpE,IAAI,CAAC,GAAG,EAAE,CAAC;oBACX,KAAK,CAAC,IAAI,CAAC,IAAI,CAAC,IAAI,CAAC,GAAG,CAAC,CAAC,CAAC;oBAC3B,IAAI,GAAG,CAAC,IAAI,CAAC,CAAC;oBACd,KAAK,GAAG,IAAI;yBACT,MAAM,CAAC,OAAO,CAAC;yBACf,IAAI,CAAC,IAAI,EAAE,aAAa,CAAC;yBACzB,IAAI,CAAC,GAAG,EAAE,CAAC,CAAC;yBACZ,IAAI,CAAC,GAAG,EAAE,CAAC,CAAC;yBACZ,IAAI,CAAC,IAAI,EAAE,EAAE,UAAU,GAAG,UAAU,GAAG,EAAE,GAAG,IAAI,CAAC;yBACjD,IAAI,CAAC,IAAI,CAAC,CAAC;iBACf;aACF;YACD,IAAM,QAAQ,GAAG,IAAI,CAAC,GAAG,OAAR,IAAI,EAAQ,GAAG,CAAC,CAAC;YAClC,IAAI,WAAS,GAAW,EAAE,CAAC,CAAC,6CAA6C;YACzE,QAAQ,CAAC,SAAS,CAAC,MAAM,CAAC,CAAC,IAAI,CAAC;gBAC9B,8DAA8D;gBAC9D,IAAM,gBAAgB,GAAG,QAAQ,CAAC,cAAc,CAAC,aAAa,CAAQ,CAAC;gBACvE,IAAM,aAAa,GAAG,gBAAgB,IAAI,gBAAgB,CAAC,qBAAqB,EAAE,CAAC;gBACnF,IAAM,SAAS,GAAG,aAAa,IAAI,aAAa,CAAC,MAAM,CAAC;gBACxD,IAAI,SAAS,GAAG,WAAS,EAAE;oBACzB,WAAS,GAAG,SAAS,CAAC;iBACvB;YACH,CAAC,CAAC,CAAC;YACH,iHAAiH;YACjH,wFAAwF;YACxF,IAAI,WAAW,GAAW,CAAC,CAAC;YAC5B,IAAI,QAAQ,IAAI,CAAC,EAAE;gBACjB,WAAW,GAAG,CAAC,CAAC;aACjB;iBAAM,IAAI,QAAQ,GAAG,CAAC,IAAI,QAAQ,IAAI,CAAC,EAAE;gBACxC,WAAW,GAAG,CAAC,CAAC;aACjB;iBAAM,IAAI,QAAQ,GAAG,CAAC,IAAI,QAAQ,IAAI,CAAC,EAAE;gBACxC,WAAW,GAAG,CAAC,CAAC;aACjB;YACD,SAAS,GAAG,CAAC,QAAQ,GAAG,WAAW,CAAC,GAAG,WAAS,CAAC;SAClD;IACH,CAAC,CAAC,CAAC;IACH,OAAO,SAAS,GAAG,CAAC,CAAC,CAAC,CAAC,SAAS,CAAC,CAAC,CAAC,CAAC,CAAC;AACvC,CAAC;AAzFD,kDAyFC;AAED;;;;GAIG;AACH,8DAA8D;AAC9D,SAAgB,oBAAoB,CAAC,iBAAsB;IACjD,IAAA,UAAU,GAAgB,iBAAiB,WAAjC,EAAE,KAAK,GAAS,iBAAiB,MAA1B,EAAE,EAAE,GAAK,iBAAiB,GAAtB,CAAuB;IACpD,IAAI,KAAK,KAAK,IAAI,EAAE;QAClB,OAAO,IAAI,CAAC;KACb;IACD,IAAM,GAAG,GAAG,qBAAQ,CAAC,MAAM,CAAC,CAAC,MAAM,CAAC,KAAK,CAAC,CAAC,IAAI,CAAC,IAAI,EAAE,EAAE,CAAC,CAAC,IAAI,CAAC,OAAO,EAAE,UAAU,CAAC,CAAC,KAAK,CAAC,SAAS,EAAE,CAAC,CAAC,CAAC;IACxG,IAAM,EAAE,GAAG,KAAM,CAAC,SAAS,CAAC,WAAW,CAAC,CAAC,OAAO,CAAC,CAAC,CAAC,CAAC;IACpD,IAAM,cAAc,GAAG,EAAE,IAAI,MAAM,CAAC,IAAI,CAAC,EAAE,CAAE,CAAC,MAAM,CAAC;IACrD,IAAM,iBAAiB,GAAa,EAAE,CAAC;IACvC,KAAK,IAAI,CAAC,GAAG,CAAC,EAAE,CAAC,GAAG,cAAc,EAAE,CAAC,EAAE,EAAE;QACvC,IAAM,YAAY,GAAG,EAAE,CAAC,CAAC,CAAC,CAAC,OAAO,IAAK,MAAM,CAAC,MAAM,CAAC,EAAE,CAAC,CAAC,CAAC,CAAC,OAAO,CAAC,CAAC,CAAC,CAAY,CAAC;QAClF,iBAAiB,CAAC,IAAI,CAAC,YAAY,CAAC,CAAC;KACtC;IACD,IAAM,UAAU,GAAG,KAAM,CAAC,SAAS,CAAC,OAAO,CAAC,CAAC,OAAO,CAAC,CAAC,CAAC,CAAC;IACxD,IAAM,gBAAgB,GAAG,UAAU,IAAI,MAAM,CAAC,IAAI,CAAC,UAAU,CAAE,CAAC,MAAM,CAAC;4BAC9D,CAAC;QACR,IAAM,EAAE,GAAG,UAAU,CAAC,CAAC,CAAC,CAAC;QACzB,qBAAQ,CAAC,EAAE,CAAC;aACT,EAAE,CAAC,WAAW,EAAE,UAAA,CAAC;YAChB,GAAG,CAAC,KAAK,CAAC,SAAS,EAAE,GAAG,CAAC,CAAC;YAC1B,GAAG;iBACA,IAAI,CAAC,iBAAiB,CAAC,CAAC,CAAC,CAAC;iBAC1B,KAAK,CAAC,MAAM,EAAE,oBAAO,CAAC,KAAK,GAAG,IAAI,CAAC;iBACnC,KAAK,CAAC,KAAK,EAAE,oBAAO,CAAC,KAAK,GAAG,EAAE,GAAG,IAAI,CAAC,CAAC;QAC7C,CAAC,CAAC;aACD,EAAE,CAAC,UAAU,EAAE,UAAA,CAAC;YACf,GAAG,CAAC,KAAK,CAAC,SAAS,EAAE,CAAC,CAAC,CAAC;QAC1B,CAAC,CAAC,CAAC;;IAZP,KAAK,IAAI,CAAC,GAAG,CAAC,EAAE,CAAC,GAAG,gBAAgB,EAAE,CAAC,EAAE;gBAAhC,CAAC;KAaT;AACH,CAAC;AA7BD,oDA6BC;AAED;;;GAGG;AACH,SAAgB,YAAY,CAAC,MAA0B;IACrD,IAAI,eAAe,GAAY,KAAK,CAAC;IACrC,IAAI,MAAM,IAAI,MAAM,CAAC,MAAM,GAAG,CAAC,EAAE;QAC/B,MAAM,CAAC,OAAO,CAAC,UAAC,SAA2B;YACzC,IAAI,SAAS,CAAC,IAAI,CAAC,MAAM,GAAG,CAAC,EAAE;gBAC7B,eAAe,GAAG,SAAS,CAAC,IAAI,CAAC,CAAC,CAAC,CAAC,CAAC,YAAY,IAAI,CAAC;gBACtD,OAAO;aACR;QACH,CAAC,CAAC,CAAC;KACJ;IACD,OAAO,eAAe,CAAC;AACzB,CAAC;AAXD,oCAWC;AAED;;;;;;;;;;GAUG;AACH,SAAgB,6BAA6B,CAC3C,MAA0B,EAC1B,OAAiB,EACjB,KAAa,EACb,KAAc,EACd,UAAuB;IAAvB,2BAAA,EAAA,eAAuB;IAEvB,IAAM,KAAK,GAAG,cAAK,CAAC,MAAM,EAAE,UAAC,KAAuB;QAClD,OAAO,cAAK,CAAC,KAAK,CAAC,IAAI,EAAE,UAAC,IAAyB;YACjD,OAAO,IAAI,CAAC,CAAS,CAAC;QACxB,CAAC,CAAC,CAAC;IACL,CAAC,CAAE,CAAC;IACJ,IAAM,KAAK,GAAG,cAAK,CAAC,MAAM,EAAE,UAAC,KAAuB;QAClD,OAAO,cAAK,CAAC,KAAK,CAAC,IAAI,EAAE,UAAC,IAAyB;YACjD,OAAO,IAAI,CAAC,CAAS,CAAC;QACxB,CAAC,CAAC,CAAC;IACL,CAAC,CAAE,CAAC;IAEJ,6GAA6G;IAC7G,kFAAkF;IAClF,yCAAyC;IACzC,IAAM,YAAY,GAAG,cAAK,iDAAK,UAAU,IAAE,KAAK,GAAG,CAAC;IACpD,IAAM,WAAW,GAAG,cAAK,iDAAK,UAAU,IAAE,KAAK,GAAG,CAAC;IAEnD,IAAM,WAAW,GAAG,OAAO,CAAC,IAAK,CAAC;IAClC,IAAM,SAAS,GAAG,KAAK,GAAG,OAAO,CAAC,KAAM,CAAC;IAEzC,OAAO,KAAK;QACV,CAAC,CAAC,EAAE,WAAW,EAAE,WAAW,EAAE,SAAS,EAAE,YAAY,EAAE,WAAW,aAAA,EAAE,SAAS,WAAA,EAAE;QAC/E,CAAC,CAAC,EAAE,WAAW,EAAE,YAAY,EAAE,SAAS,EAAE,WAAW,EAAE,WAAW,aAAA,EAAE,SAAS,WAAA,EAAE,CAAC;AACpF,CAAC;AA9BD,sEA8BC;AAED;;;;;;;;;GASG;AACH,SAAgB,gCAAgC,CAC9C,MAA0B,EAC1B,OAAiB,EACjB,KAAa,EACb,KAAc;IAEd,IAAM,IAAI,GAAG,cAAK,CAAC,MAAM,EAAE,UAAC,KAAuB;QACjD,OAAO,cAAK,CAAC,KAAK,CAAC,IAAI,EAAE,UAAC,IAAyB,IAAK,OAAA,IAAI,CAAC,CAAW,EAAhB,CAAgB,CAAE,CAAC;IAC7E,CAAC,CAAE,CAAC;IAEJ,IAAM,IAAI,GAAG,cAAK,CAAC,MAAM,EAAE,UAAC,KAAuB;QACjD,OAAO,cAAK,CAAC,KAAK,CAAC,IAAI,EAAE,UAAC,IAAyB;YACjD,OAAO,IAAI,CAAC,CAAW,CAAC;QAC1B,CAAC,CAAC,CAAC;IACL,CAAC,CAAE,CAAC;IAEJ,IAAM,WAAW,GAAG,OAAO,CAAC,IAAK,CAAC;IAClC,IAAM,SAAS,GAAG,KAAK,GAAG,OAAO,CAAC,KAAM,CAAC;IAEzC,OAAO,KAAK;QACV,CAAC,CAAC,EAAE,WAAW,EAAE,IAAI,EAAE,SAAS,EAAE,IAAI,EAAE,WAAW,aAAA,EAAE,SAAS,WAAA,EAAE;QAChE,CAAC,CAAC,EAAE,WAAW,EAAE,IAAI,EAAE,SAAS,EAAE,IAAI,EAAE,WAAW,aAAA,EAAE,SAAS,WAAA,EAAE,CAAC;AACrE,CAAC;AAtBD,4EAsBC;AAED;;;;;;;;;;GAUG;AACH,SAAgB,wBAAwB,CAAC,OAAiB,EAAE,KAAa,EAAE,KAAc;IACvF,IAAM,IAAI,GAAG,OAAO,CAAC,IAAK,CAAC;IAC3B,IAAM,IAAI,GAAG,KAAK,GAAG,OAAO,CAAC,KAAM,CAAC;IACpC,OAAO,KAAK;QACV,CAAC,CAAC,EAAE,WAAW,EAAE,CAAC,EAAE,SAAS,EAAE,CAAC,EAAE,WAAW,EAAE,IAAI,EAAE,SAAS,EAAE,IAAI,EAAE;QACtE,CAAC,CAAC,EAAE,WAAW,EAAE,CAAC,EAAE,SAAS,EAAE,CAAC,EAAE,WAAW,EAAE,IAAI,EAAE,SAAS,EAAE,IAAI,EAAE,CAAC;AAC3E,CAAC;AAND,4DAMC;AAED;;;;;;;;;GASG;AACH,SAAgB,wBAAwB,CACtC,MAAoB,EACpB,OAAiB,EACjB,KAAa,EACb,KAAc,EACd,QAAgB;IAEhB,IAAM,IAAI,GAAG,cAAK,CAAC,MAAM,EAAE,UAAC,KAAiB,IAAK,OAAA,KAAK,CAAC,CAAW,EAAjB,CAAiB,CAAE,CAAC;IACtE,IAAM,IAAI,GAAG,cAAK,CAAC,MAAM,EAAE,UAAC,KAAiB,IAAK,OAAA,KAAK,CAAC,CAAW,EAAjB,CAAiB,CAAE,CAAC;IACtE,mDAAmD;IACnD,IAAM,IAAI,GAAG,OAAO,CAAC,IAAK,GAAG,QAAQ,GAAG,CAAC,CAAC;IAC1C,IAAM,IAAI,GAAG,KAAK,GAAG,OAAO,CAAC,KAAM,GAAG,QAAQ,GAAG,CAAC,CAAC;IACnD,OAAO,KAAK;QACV,CAAC,CAAC,EAAE,WAAW,EAAE,IAAI,EAAE,SAAS,EAAE,IAAI,EAAE,WAAW,EAAE,IAAI,EAAE,SAAS,EAAE,IAAI,EAAE;QAC5E,CAAC,CAAC,EAAE,WAAW,EAAE,IAAI,EAAE,SAAS,EAAE,IAAI,EAAE,WAAW,EAAE,IAAI,EAAE,SAAS,EAAE,IAAI,EAAE,CAAC;AACjF,CAAC;AAfD,4DAeC;AAED;;;;;;;;;GASG;AACH,SAAgB,2BAA2B,CACzC,MAAoB,EACpB,OAAiB,EACjB,cAAsB,EACtB,KAAc,EACd,QAAgB;IAEhB,IAAM,IAAI,GAAG,cAAK,CAAC,MAAM,EAAE,UAAC,KAAiC,IAAK,OAAA,KAAK,CAAC,CAAW,EAAjB,CAAiB,CAAE,CAAC;IACtF,IAAM,IAAI,GAAG,cAAK,CAAC,MAAM,EAAE,UAAC,KAAiC,IAAK,OAAA,KAAK,CAAC,CAAW,EAAjB,CAAiB,CAAE,CAAC;IACtF,IAAM,IAAI,GAAG,OAAO,CAAC,IAAK,GAAG,QAAQ,CAAC;IACtC,IAAM,IAAI,GAAG,cAAc,GAAG,OAAO,CAAC,KAAM,GAAG,QAAQ,CAAC;IAExD,OAAO,KAAK;QACV,CAAC,CAAC,EAAE,WAAW,EAAE,IAAI,EAAE,SAAS,EAAE,IAAI,EAAE,WAAW,EAAE,IAAI,EAAE,SAAS,EAAE,IAAI,EAAE;QAC5E,CAAC,CAAC,EAAE,WAAW,EAAE,IAAI,EAAE,SAAS,EAAE,IAAI,EAAE,WAAW,EAAE,IAAI,EAAE,SAAS,EAAE,IAAI,EAAE,CAAC;AACjF,CAAC;AAfD,kEAeC;AAED;;;;;;;;;;;;;GAaG;AACH,SAAgB,qBAAqB;AACnC,8DAA8D;AAC9D,MAAW,EACX,OAAiB,EACjB,KAAa,EACb,SAAqB,EACrB,KAAc,EACd,SAAqB,EACrB,QAAgB,EAChB,UAAyC;IAEzC,IAAI,iBAAgC,CAAC;IACrC,IAAI,SAAS,KAAK,UAAU,CAAC,WAAW,EAAE;QACxC,QAAQ,SAAS,EAAE;YACjB,KAAK,UAAU,CAAC,SAAS,CAAC;YAC1B,KAAK,UAAU,CAAC,SAAS;gBACvB,iBAAiB,GAAG,gCAAgC,CAAC,MAAM,EAAE,OAAO,EAAE,KAAK,EAAE,KAAK,CAAC,CAAC;gBACpF,MAAM;YACR,KAAK,UAAU,CAAC,uBAAuB;gBACrC,iBAAiB,GAAG,wBAAwB,CAAC,MAAM,EAAE,OAAO,EAAE,KAAK,EAAE,KAAK,EAAE,QAAS,CAAC,CAAC;gBACvF,MAAM;YACR,KAAK,UAAU,CAAC,gBAAgB;gBAC9B,iBAAiB,GAAG,2BAA2B,CAAC,MAAM,EAAE,OAAO,EAAE,KAAK,EAAE,KAAK,EAAE,QAAS,CAAC,CAAC;gBAC1F,MAAM;YACR;gBACE,iBAAiB,GAAG,EAAE,WAAW,EAAE,CAAC,EAAE,SAAS,EAAE,CAAC,EAAE,WAAW,EAAE,CAAC,EAAE,SAAS,EAAE,CAAC,EAAE,CAAC;SACtF;KACF;SAAM,IAAI,SAAS,KAAK,UAAU,CAAC,QAAQ,EAAE;QAC5C,QAAQ,SAAS,EAAE;YACjB,KAAK,UAAU,CAAC,SAAS,CAAC;YAC1B,KAAK,UAAU,CAAC,SAAS;gBACvB,iBAAiB,GAAG,6BAA6B,CAAC,MAAM,EAAE,OAAO,EAAE,KAAK,EAAE,KAAK,EAAE,UAAqB,CAAC,CAAC;gBACxG,MAAM;YACR;gBACE,iBAAiB,GAAG,EAAE,WAAW,EAAE,CAAC,EAAE,SAAS,EAAE,CAAC,EAAE,WAAW,EAAE,CAAC,EAAE,SAAS,EAAE,CAAC,EAAE,CAAC;SACtF;KACF;SAAM;QACL,mBAAmB;QACnB,QAAQ,SAAS,EAAE;YACjB,KAAK,UAAU,CAAC,uBAAuB,CAAC;YACxC,KAAK,UAAU,CAAC,uBAAuB,CAAC;YACxC,KAAK,UAAU,CAAC,gBAAgB,CAAC;YACjC,KAAK,UAAU,CAAC,YAAY;gBAC1B,iBAAiB,GAAG,wBAAwB,CAAC,OAAO,EAAE,KAAK,EAAE,KAAK,CAAC,CAAC;gBACpE,MAAM;YACR;gBACE,iBAAiB,GAAG,EAAE,WAAW,EAAE,CAAC,EAAE,SAAS,EAAE,CAAC,EAAE,WAAW,EAAE,CAAC,EAAE,SAAS,EAAE,CAAC,EAAE,CAAC;SACtF;KACF;IACD,OAAO,iBAAiB,CAAC;AAC3B,CAAC;AAlDD,sDAkDC;AAED;;;;;GAKG;AACH,SAAgB,oBAAoB,CAAC,MAA0B;IAC7D,IAAM,IAAI,GAAG,cAAK,CAAC,MAAM,EAAE,UAAC,KAAuB;QACjD,OAAO,cAAK,CAAC,KAAK,CAAC,IAAI,EAAE,UAAC,IAAyB,IAAK,OAAA,IAAI,CAAC,CAAC,EAAN,CAAM,CAAE,CAAC;IACnE,CAAC,CAAE,CAAC;IACJ,IAAM,IAAI,GAAG,cAAK,CAAC,MAAM,EAAE,UAAC,KAAuB;QACjD,OAAO,cAAK,CAAC,KAAK,CAAC,IAAI,EAAE,UAAC,IAAyB,IAAK,OAAA,IAAI,CAAC,CAAC,EAAN,CAAM,CAAE,CAAC;IACnE,CAAC,CAAE,CAAC;IAEJ,OAAO;QACL,UAAU,EAAE,IAAI;QAChB,QAAQ,EAAE,IAAI;KACf,CAAC;AACJ,CAAC;AAZD,oDAYC;AAED;;;;;GAKG;AACH,SAAgB,wBAAwB,CAAC,OAAqB;IAC5D,IAAM,IAAI,GAAG,cAAK,CAAC,OAAO,EAAE,UAAC,KAAiB,IAAK,OAAA,KAAK,CAAC,CAAC,EAAP,CAAO,CAAE,CAAC;IAC7D,IAAM,IAAI,GAAG,cAAK,CAAC,OAAO,EAAE,UAAC,KAAiB,IAAK,OAAA,KAAK,CAAC,CAAC,EAAP,CAAO,CAAE,CAAC;IAE7D,OAAO,EAAE,UAAU,EAAE,IAAI,EAAE,QAAQ,EAAE,IAAI,EAAE,CAAC;AAC9C,CAAC;AALD,4DAKC;AAED;;;;;GAKG;AACH,SAAgB,4BAA4B,CAC1C,MAAoC;IAEpC,IAAM,IAAI,GAAG,cAAK,CAAC,MAAM,EAAE,UAAC,KAAiC,IAAK,OAAA,KAAK,CAAC,CAAC,EAAP,CAAO,CAAE,CAAC;IAC5E,IAAM,IAAI,GAAG,cAAK,CAAC,MAAM,EAAE,UAAC,KAAiC,IAAK,OAAA,KAAK,CAAC,CAAC,EAAP,CAAO,CAAE,CAAC;IAE5E,OAAO,EAAE,UAAU,EAAE,IAAI,EAAE,QAAQ,EAAE,IAAI,EAAE,CAAC;AAC9C,CAAC;AAPD,oEAOC;AAED;;;;;;;;GAQG;AACH,8DAA8D;AAC9D,SAAgB,gBAAgB,CAAC,MAAW,EAAE,SAAqB;IACjE,IAAI,YAAsD,CAAC;IAE3D,QAAQ,SAAS,EAAE;QACjB,KAAK,UAAU,CAAC,SAAS,CAAC;QAC1B,KAAK,UAAU,CAAC,SAAS;YACvB,YAAY,GAAG,oBAAoB,CAAC,MAAM,CAAC,CAAC;YAC5C,MAAM;QACR,KAAK,UAAU,CAAC,uBAAuB;YACrC,YAAY,GAAG,wBAAwB,CAAC,MAAM,CAAC,CAAC;YAChD,MAAM;QACR,KAAK,UAAU,CAAC,gBAAgB;YAC9B,YAAY,GAAG,4BAA4B,CAAC,MAAM,CAAC,CAAC;YACpD,MAAM;QACR;YACE,YAAY,GAAG,EAAE,UAAU,EAAE,CAAC,EAAE,QAAQ,EAAE,CAAC,EAAE,CAAC;KACjD;IAED,OAAO,YAAY,CAAC;AACtB,CAAC;AAnBD,4CAmBC;AAED;;;;;GAKG;AACI,IAAM,aAAa,GAAG,UAAC,CAAyB,EAAE,OAAgB;IACvE,IAAI,OAAO,EAAE;QACX,QAAQ,OAAO,CAAC,EAAE;YAChB,KAAK,QAAQ;gBACX,OAAO,UAAU,CAAC,UAAU,CAAC;YAC/B,KAAK,QAAQ;gBACX,OAAO,UAAU,CAAC,WAAW,CAAC;YAChC;gBACE,OAAO,UAAU,CAAC,QAAQ,CAAC;SAC9B;KACF;SAAM;QACL,QAAQ,OAAO,CAAC,EAAE;YAChB,KAAK,QAAQ;gBACX,OAAO,SAAS,CAAC,UAAU,CAAC;YAC9B,KAAK,QAAQ;gBACX,OAAO,SAAS,CAAC,WAAW,CAAC;YAC/B;gBACE,OAAO,SAAS,CAAC,QAAQ,CAAC;SAC7B;KACF;AACH,CAAC,CAAC;AApBW,QAAA,aAAa,iBAoBxB;AAEF;;;GAGG;AAEH,IAAY,MASX;AATD,WAAY,MAAM;IAChB,uCAAM,CAAA;IACN,uCAAM,CAAA;IACN,2CAAQ,CAAA;IACR,yCAAO,CAAA;IACP,yCAAO,CAAA;IACP,yCAAO,CAAA;IACP,2CAAQ,CAAA;IACR,yCAAO,CAAA;AACT,CAAC,EATW,MAAM,GAAN,cAAM,KAAN,cAAM,QASjB;AAED,IAAY,YAEX;AAFD,WAAY,YAAY;IACtB,2DAAU,CAAA;AACZ,CAAC,EAFW,YAAY,GAAZ,oBAAY,KAAZ,oBAAY,QAEvB;AAgBD;;;GAGG;AAEU,QAAA,UAAU;IACrB,GAAC,MAAM,CAAC,MAAM,IAAG;QACf,UAAU,EAAE,CAAC;KACd;IACD,GAAC,MAAM,CAAC,MAAM,IAAG;QACf,UAAU,EAAE,CAAC;KACd;IACD,GAAC,MAAM,CAAC,QAAQ,IAAG;QACjB,UAAU,EAAE,CAAC;KACd;IACD,GAAC,MAAM,CAAC,OAAO,IAAG;QAChB,UAAU,EAAE,CAAC;KACd;IACD,GAAC,MAAM,CAAC,OAAO,IAAG;QAChB,UAAU,EAAE,CAAC;KACd;IACD,GAAC,MAAM,CAAC,OAAO,IAAG;QAChB,UAAU,EAAE,CAAC;KACd;IACD,GAAC,MAAM,CAAC,QAAQ,IAAG;QACjB,UAAU,EAAE,KAAK;KAClB;IACD,GAAC,MAAM,CAAC,OAAO,IAAG;QAChB,UAAU,EAAE,KAAK;KAClB;QACD;AAEF;;;;;GAKG;AACI,IAAM,uBAAuB,GAAG,UACrC,cAAoC,EACpC,IAAqB,EACrB,eAA+B;IAD/B,qBAAA,EAAA,aAAqB;IACrB,gCAAA,EAAA,sBAA+B;IAE/B,cAAc,GAAG,cAAc,aAAd,cAAc,cAAd,cAAc,GAAI,EAAE,CAAC;IACtC,OAAO;QACL,IAAI,MAAA;QACJ,mBAAmB,EAAE,eAAe;QACpC,YAAY,EAAE,cAAe,CAAC,SAAS;QACvC,iBAAiB,EAAE,cAAe,CAAC,cAAc;QACjD,kBAAkB,EAAE,cAAe,CAAC,eAAe;KACpD,CAAC;AACJ,CAAC,CAAC;AAbW,QAAA,uBAAuB,2BAalC;AAGK,IAAM,qBAAqB,GAAG,UAAC,IAA2B,EAAE,OAAgB;IACjF,IAAI,CAAC,IAAI,EAAE;QACT,OAAO,IAAI,CAAC;KACb;IACD,OAAO,GAAG,OAAO,IAAI,SAAS,CAAC;IAC/B,IAAI,OAAO,IAAI,KAAK,QAAQ,EAAE;QAC5B,OAAO,IAAI,CAAC,cAAc,CAAC,OAAO,CAAC,CAAC;KACrC;IACD,IAAI,OAAO,IAAI,KAAK,QAAQ,IAAI,CAAC,MAAM,CAAC,KAAK,CAAC,MAAM,CAAC,IAAI,CAAC,CAAC,EAAE;QAC3D,IAAM,GAAG,GAAG,MAAM,CAAC,IAAI,CAAC,CAAC;QACzB,OAAO,GAAG,CAAC,cAAc,CAAC,OAAO,CAAC,CAAC;KACpC;IACD,OAAO,IAAI,CAAC;AACd,CAAC,CAAC;AAbW,QAAA,qBAAqB,yBAahC;AAEF,SAAgB,iBAAiB,CAAC,gBAAmC;IAC3D,IAAA,IAAI,GAAY,gBAAgB,KAA5B,EAAE,KAAK,GAAK,gBAAgB,MAArB,CAAsB;IACzC,IAAI,IAAI,KAAK,IAAI,IAAI,KAAK,KAAK,IAAI,EAAE;QACnC,OAAO;KACR;IAED,IAAI,SAAS,GAAW,CAAC,CAAC;IAC1B,IAAM,iBAAiB,GAAa,EAAE,CAAC;IACvC,qBAAQ,CAAC,IAAI,CAAC;SACX,IAAI,CAAC,KAAK,CAAC;SACX,SAAS,CAAC,OAAO,CAAC;SAClB,IAAI,CAAC;QACJ,IAAM,cAAc,GAAI,IAAmB,CAAC,YAAY,CAAC,WAAW,CAAC,CAAC;QACtE,IAAI,CAAA,cAAc,aAAd,cAAc,uBAAd,cAAc,CAAE,OAAO,CAAC,QAAQ,CAAC,MAAK,CAAC,CAAC,EAAE;YAC5C,IAAM,aAAa,GAAG,cAAc;iBACjC,SAAS,CAAC,cAAc,CAAC,OAAO,CAAC,GAAG,CAAC,GAAG,CAAC,EAAE,cAAc,CAAC,OAAO,CAAC,GAAG,CAAC,CAAC;iBACvE,KAAK,CAAC,GAAG,CAAC,CAAC;YACd,IAAI,aAAa,CAAC,MAAM,KAAK,CAAC,EAAE;gBAC9B,iBAAiB,CAAC,IAAI,CAAC,aAAa,CAAC,CAAC,CAAC,CAAC,CAAC;gBACxC,IAAmB,CAAC,YAAY,CAAC,WAAW,EAAE,eAAa,aAAa,CAAC,CAAC,CAAC,mBAAgB,CAAC,CAAC;aAC/F;SACF;QAED,IAAM,aAAa,GAAI,IAAoB,CAAC,qBAAqB,EAAE,CAAC;QACpE,IAAM,SAAS,GAAG,aAAa,IAAI,aAAa,CAAC,MAAM,CAAC;QACxD,IAAI,SAAS,GAAG,SAAS,EAAE;YACzB,SAAS,GAAG,SAAS,CAAC;SACvB;IACH,CAAC,CAAC,CAAC;IAEL,IAAI,GAAG,GAAG,CAAC,CAAC;IACZ,qBAAQ,CAAC,IAAI,CAAC;SACX,IAAI,CAAC,KAAK,CAAC;SACX,SAAS,CAAC,OAAO,CAAC;SAClB,IAAI,CAAC;QACJ,IAAI,iBAAiB,CAAC,MAAM,GAAG,GAAG,EAAE;YACjC,IAAmB,CAAC,YAAY,CAC/B,WAAW,EACX,eAAa,iBAAiB,CAAC,GAAG,CAAC,SAAI,SAAS,GAAG,CAAC,iBAAc,CACnE,CAAC,CAAC,8BAA8B;YACjC,GAAG,IAAI,CAAC,CAAC;SACV;IACH,CAAC,CAAC,CAAC;IAEL,OAAO,IAAI,CAAC,KAAK,CAAC,SAAS,GAAG,KAAK,CAAC,CAAC,CAAC,yEAAyE;AACjH,CAAC;AA7CD,8CA6CC;AAED,SAAgB,mBAAmB,CAAC,aAAqB,EAAE,QAAgB;IACzE,IAAI,GAAG,GAAW,CAAC,CAAC;IACpB,IAAI,KAAK,GAAW,EAAE,CAAC;IAEvB,wBAAW,CAAC,MAAI,aAAe,CAAC,CAAC,IAAI,CAAC;QACpC,IAAM,IAAI,GAAG,qBAAQ,CAAC,IAAI,CAAC,CAAC;QAC5B,IAAM,KAAK,GAAG,IAAI,CAAC,IAAI,EAAE,CAAC,KAAK,CAAC,KAAK,CAAC,CAAC,OAAO,EAAE,CAAC;QACjD,IAAI,IAAI,GAAW,EAAE,CAAC;QACtB,IAAI,IAAI,GAAa,EAAE,CAAC;QACxB,IAAI,UAAU,GAAW,CAAC,CAAC;QAC3B,IAAM,UAAU,GAAG,GAAG,CAAC,CAAC,MAAM;QAC9B,IAAM,CAAC,GAAG,IAAI,CAAC,IAAI,CAAC,GAAG,CAAC,CAAC;QACzB,IAAM,QAAQ,GAAW,KAAK,CAAC;QAC/B,IAAI,oBAAoB,GAAY,KAAK,CAAC;QAE1C,IAAI,KAAK,GAAG,IAAI;aACb,IAAI,CAAC,IAAI,CAAC;aACV,MAAM,CAAC,OAAO,CAAC;aACf,IAAI,CAAC,IAAI,EAAE,iBAAe,GAAG,SAAI,UAAY,CAAC;aAC9C,IAAI,CAAC,GAAG,EAAE,CAAC,CAAC;aACZ,IAAI,CAAC,GAAG,EAAE,CAAC,CAAC;aACZ,IAAI,CAAC,IAAI,EAAE,UAAU,EAAE,GAAG,UAAU,GAAG,IAAI,CAAC,CAAC;QAEhD,uFAAuF;QACvF,oDAAoD;QACpD,IAAI,aAAa,GAAG,qBAAQ,CAAC,oBAAoB,CAAC,CAAC,IAAI,CAAC,IAAI,CAAC,CAAC,MAAM,CAAC,OAAO,CAAC,CAAC,IAAI,CAAC,SAAS,EAAE,CAAC,CAAC,CAAC;QAEjG,qDAAqD;QACrD,aAAa,CAAC,IAAI,CAAC,QAAQ,CAAC,CAAC;QAC7B,IAAM,cAAc,GAAG,aAAa,CAAC,IAAI,EAAG,CAAC,qBAAqB,EAAE,CAAC;QACrE,aAAa,CAAC,IAAI,CAAC,IAAI,CAAC,CAAC;QAEzB,iGAAiG;QACjG,+CAA+C;QAC/C,KAAK,GAAG,EAAE,CAAC;QAEX,OAAO,CAAC,IAAI,GAAG,KAAK,CAAC,GAAG,EAAG,CAAC,EAAE;YAC5B,IAAI,CAAC,IAAI,CAAC,IAAI,CAAC,CAAC;YAChB,KAAK,CAAC,IAAI,CAAC,IAAI,CAAC,IAAI,CAAC,GAAG,CAAC,GAAG,GAAG,CAAC,CAAC;YACjC,aAAa,CAAC,IAAI,CAAC,IAAI,CAAC,IAAI,CAAC,GAAG,CAAC,GAAG,GAAG,CAAC,CAAC;YAEzC,oCAAoC;YACpC,IAAI,KAAK,CAAC,IAAI,EAAG,CAAC,qBAAqB,EAAE,GAAG,QAAQ,GAAG,cAAc,IAAI,IAAI,CAAC,MAAM,GAAG,CAAC,EAAE;gBACxF,OAAO,KAAK,CAAC,IAAI,EAAG,CAAC,qBAAqB,EAAE,GAAG,QAAQ,GAAG,cAAc,EAAE;oBACxE,IAAI,CAAC,GAAG,EAAE,CAAC;oBACX,KAAK,CAAC,IAAI,CAAC,IAAI,CAAC,IAAI,CAAC,GAAG,CAAC,GAAG,GAAG,CAAC,CAAC;oBACjC,aAAa,CAAC,IAAI,CAAC,IAAI,CAAC,IAAI,CAAC,GAAG,CAAC,GAAG,GAAG,CAAC,CAAC;iBAC1C;gBACD,iDAAiD;gBACjD,yGAAyG;gBACzG,IAAI,KAAK,CAAC,IAAI,EAAG,CAAC,qBAAqB,EAAE,CAAC,CAAC,GAAG,QAAQ,EAAE;oBACtD,IAAI,GAAG,CAAC,IAAI,CAAC,CAAC;oBACd,aAAa,CAAC,IAAI,CAAC,IAAI,CAAC,CAAC;oBAEzB,iGAAiG;oBACjG,OACE,aAAa,CAAC,IAAI,EAAG,CAAC,qBAAqB,EAAE,GAAG,QAAQ,GAAG,cAAc;wBACzE,aAAa,CAAC,IAAI,EAAG,CAAC,qBAAqB,EAAE,CAAC,CAAC,GAAG,QAAQ,EAC1D;wBACA,IAAI,GAAG,IAAI,CAAC,GAAG,EAAG,CAAC;wBACnB,IAAI,GAAG,IAAI,CAAC,KAAK,CAAC,CAAC,EAAE,CAAC,CAAC,CAAC,CAAC;wBACzB,IAAI,GAAG,CAAC,IAAI,CAAC,CAAC;wBACd,aAAa,CAAC,IAAI,CAAC,IAAI,CAAC,CAAC;wBACzB,oBAAoB,GAAG,IAAI,CAAC;qBAC7B;oBAED,oFAAoF;oBACpF,IAAI,IAAI,CAAC,MAAM,KAAK,CAAC,EAAE;wBACrB,KAAK,CAAC,IAAI,CAAC,KAAK,CAAC,IAAI,EAAE,CAAC,IAAI,EAAE,GAAG,QAAQ,CAAC,CAAC;wBAC3C,KAAK,GAAG,KAAK,CAAC,IAAI,EAAE,GAAG,QAAQ,CAAC;wBAChC,MAAM;qBACP;oBACD,0BAA0B;oBAC1B,IAAI,GAAG,IAAI,CAAC,IAAI,EAAE,CAAC;oBAEnB,oGAAoG;oBACpG,IAAI,oBAAoB,IAAI,CAAC,eAAe,CAAC,IAAI,CAAC,EAAE;wBAClD,mCAAmC;wBACnC,OAAO,CAAC,eAAe,CAAC,IAAI,CAAC,EAAE;4BAC7B,IAAI,GAAG,IAAI,GAAG,GAAG,CAAC;yBACnB;qBACF;oBACD,KAAK,GAAG,IAAI;yBACT,MAAM,CAAC,OAAO,CAAC;yBACf,IAAI,CAAC,IAAI,EAAE,iBAAe,GAAG,SAAI,UAAY,CAAC;yBAC9C,IAAI,CAAC,GAAG,EAAE,CAAC,CAAC;yBACZ,IAAI,CAAC,GAAG,EAAE,CAAC,CAAC;yBACZ,IAAI,CAAC,IAAI,EAAE,UAAU,EAAE,GAAG,UAAU,GAAG,IAAI,CAAC;yBAC5C,IAAI,CAAC,IAAI,CAAC,CAAC;oBACd,aAAa,GAAG,qBAAQ,CAAC,oBAAoB,CAAC;yBAC3C,MAAM,CAAC,OAAO,CAAC;yBACf,IAAI,CAAC,IAAI,EAAE,iBAAe,GAAG,SAAI,UAAY,CAAC;yBAC9C,IAAI,CAAC,GAAG,EAAE,CAAC,CAAC;yBACZ,IAAI,CAAC,GAAG,EAAE,CAAC,CAAC;yBACZ,IAAI,CAAC,IAAI,EAAE,UAAU,EAAE,GAAG,UAAU,GAAG,IAAI,CAAC;yBAC5C,IAAI,CAAC,IAAI,CAAC,CAAC;oBACd,KAAK,IAAI,IAAI,GAAG,GAAG,CAAC;oBAEpB,iEAAiE;oBACjE,IAAI,oBAAoB,EAAE;wBACxB,aAAa,CAAC,IAAI,CAAC,IAAI,CAAC,CAAC;wBACzB,MAAM;qBACP;iBACF;qBAAM;oBACL,kEAAkE;oBAClE,KAAK,CAAC,IAAI,CAAC,IAAI,CAAC,IAAI,CAAC,GAAG,CAAC,GAAG,QAAQ,CAAC,CAAC;oBACtC,KAAK,IAAI,QAAQ,CAAC;oBAClB,MAAM;iBACP;aACF;iBAAM;gBACL,oEAAoE;gBACpE,sCAAsC;gBACtC,aAAa,CAAC,IAAI,CAAC,aAAa,CAAC,IAAI,EAAE,CAAC,IAAI,EAAE,CAAC,CAAC;gBAChD,KAAK,CAAC,IAAI,CAAC,KAAK,CAAC,IAAI,EAAE,CAAC,IAAI,EAAE,CAAC,CAAC;gBAChC,OAAO,aAAa,CAAC,IAAI,EAAG,CAAC,qBAAqB,EAAE,GAAG,QAAQ,GAAG,cAAc,EAAE;oBAChF,IAAI,GAAG,IAAI,CAAC,GAAG,EAAG,CAAC,IAAI,EAAE,CAAC;oBAC1B,IAAI,GAAG,IAAI,CAAC,KAAK,CAAC,CAAC,EAAE,CAAC,CAAC,CAAC,CAAC;oBACzB,IAAI,GAAG,CAAC,IAAI,CAAC,CAAC;oBACd,aAAa,CAAC,IAAI,CAAC,IAAI,CAAC,CAAC;oBACzB,oBAAoB,GAAG,IAAI,CAAC;iBAC7B;gBACD,0BAA0B;gBAC1B,IAAI,GAAG,IAAI,CAAC,IAAI,EAAE,CAAC;gBACnB,qDAAqD;gBACrD,IAAI,oBAAoB,IAAI,CAAC,eAAe,CAAC,IAAI,CAAC,EAAE;oBAClD,mCAAmC;oBACnC,OAAO,CAAC,eAAe,CAAC,IAAI,CAAC,EAAE;wBAC7B,IAAI,GAAG,IAAI,GAAG,GAAG,CAAC;qBACnB;oBACD,KAAK,IAAI,IAAI,CAAC;oBACd,IAAI,GAAG,CAAC,IAAI,CAAC,CAAC;oBACd,KAAK,CAAC,IAAI,CAAC,IAAI,CAAC,CAAC;oBACjB,MAAM;iBACP;gBACD,+BAA+B;gBAC/B,KAAK,IAAI,IAAI,GAAG,GAAG,CAAC;aACrB;SACF;QACD,aAAa,CAAC,IAAI,CAAC,IAAI,CAAC,CAAC;QACzB,GAAG,IAAI,CAAC,CAAC;IACX,CAAC,CAAC,CAAC;IACH,OAAO,KAAK,CAAC,IAAI,EAAE,CAAC;AACtB,CAAC;AA9ID,kDA8IC;AAED,SAAgB,eAAe,CAAC,IAAY;IAC1C,OAAO,IAAI,KAAK,SAAS,IAAI,IAAI,CAAC,MAAM,GAAG,CAAC,IAAI,IAAI,CAAC,KAAK,CAAC,CAAC,CAAC,CAAC,KAAK,KAAK,CAAC;AAC3E,CAAC;AAFD,0CAEC"
    },
    "_coverageSchema": "1a1c01bbd47fc00a2c39e90264f33305004495a9",
    "hash": "c6efce75cd5ee99443f65cc9243ba300ff01f655",
    "contentHash": "0d9aca016cc04324515ae20040bd8c838c864a8eb429e2b6debbc56507635fb8"
  }
}
