{
  "D:\\fluentui\\packages\\react-charting\\src\\HorizontalBarChart.ts": {
    "path": "D:\\fluentui\\packages\\react-charting\\src\\HorizontalBarChart.ts",
    "statementMap": { "0": { "start": { "line": 1, "column": 0 }, "end": { "line": 1, "column": 54 } } },
    "fnMap": {},
    "branchMap": {},
    "s": { "0": 1 },
    "f": {},
    "b": {}
  },
  "D:\\fluentui\\packages\\react-charting\\src\\Utilities.ts": {
    "path": "D:\\fluentui\\packages\\react-charting\\src\\Utilities.ts",
    "statementMap": {
      "0": { "start": { "line": 1, "column": 0 }, "end": { "line": 1, "column": null } },
      "1": { "start": { "line": 2, "column": 2 }, "end": { "line": 2, "column": null } },
      "2": { "start": { "line": 3, "column": 2 }, "end": { "line": 3, "column": null } },
      "3": { "start": { "line": 5, "column": 2 }, "end": { "line": 5, "column": null } },
      "4": { "start": { "line": 6, "column": 2 }, "end": { "line": 6, "column": null } },
      "5": { "start": { "line": 8, "column": 2 }, "end": { "line": 8, "column": null } },
      "6": { "start": { "line": 9, "column": 2 }, "end": { "line": 9, "column": null } },
      "7": { "start": { "line": 10, "column": 2 }, "end": { "line": 10, "column": null } },
      "8": { "start": { "line": 11, "column": 2 }, "end": { "line": 11, "column": null } },
      "9": { "start": { "line": 12, "column": 2 }, "end": { "line": 12, "column": null } },
      "10": { "start": { "line": 13, "column": 2 }, "end": { "line": 13, "column": null } },
      "11": { "start": { "line": 14, "column": 2 }, "end": { "line": 14, "column": null } },
      "12": { "start": { "line": 15, "column": 2 }, "end": { "line": 15, "column": null } },
      "13": { "start": { "line": 16, "column": 2 }, "end": { "line": 16, "column": null } },
      "14": { "start": { "line": 17, "column": 2 }, "end": { "line": 17, "column": null } },
      "15": { "start": { "line": 18, "column": 2 }, "end": { "line": 18, "column": null } },
      "16": { "start": { "line": 19, "column": 2 }, "end": { "line": 19, "column": null } },
      "17": { "start": { "line": 20, "column": 2 }, "end": { "line": 20, "column": null } },
      "18": { "start": { "line": 21, "column": 2 }, "end": { "line": 21, "column": null } },
      "19": { "start": { "line": 22, "column": 2 }, "end": { "line": 22, "column": null } },
      "20": { "start": { "line": 23, "column": 2 }, "end": { "line": 23, "column": null } },
      "21": { "start": { "line": 24, "column": 2 }, "end": { "line": 24, "column": null } },
      "22": { "start": { "line": 25, "column": 2 }, "end": { "line": 25, "column": null } },
      "23": { "start": { "line": 26, "column": 2 }, "end": { "line": 26, "column": null } },
      "24": { "start": { "line": 27, "column": 2 }, "end": { "line": 27, "column": null } },
      "25": { "start": { "line": 28, "column": 2 }, "end": { "line": 28, "column": null } },
      "26": { "start": { "line": 29, "column": 2 }, "end": { "line": 29, "column": null } },
      "27": { "start": { "line": 30, "column": 2 }, "end": { "line": 30, "column": null } },
      "28": { "start": { "line": 31, "column": 2 }, "end": { "line": 31, "column": null } },
      "29": { "start": { "line": 32, "column": 2 }, "end": { "line": 32, "column": null } },
      "30": { "start": { "line": 33, "column": 2 }, "end": { "line": 33, "column": null } },
      "31": { "start": { "line": 34, "column": 2 }, "end": { "line": 34, "column": null } },
      "32": { "start": { "line": 35, "column": 2 }, "end": { "line": 35, "column": null } },
      "33": { "start": { "line": 36, "column": 2 }, "end": { "line": 36, "column": null } },
      "34": { "start": { "line": 37, "column": 2 }, "end": { "line": 37, "column": null } },
      "35": { "start": { "line": 38, "column": 2 }, "end": { "line": 38, "column": null } },
      "36": { "start": { "line": 39, "column": 2 }, "end": { "line": 39, "column": null } },
      "37": { "start": { "line": 40, "column": 2 }, "end": { "line": 40, "column": null } },
      "38": { "start": { "line": 41, "column": 2 }, "end": { "line": 41, "column": null } },
      "39": { "start": { "line": 42, "column": 2 }, "end": { "line": 42, "column": null } },
      "40": { "start": { "line": 43, "column": 2 }, "end": { "line": 43, "column": null } },
      "41": { "start": { "line": 44, "column": 2 }, "end": { "line": 44, "column": null } },
      "42": { "start": { "line": 45, "column": 2 }, "end": { "line": 45, "column": null } },
      "43": { "start": { "line": 46, "column": 2 }, "end": { "line": 46, "column": null } },
      "44": { "start": { "line": 47, "column": 2 }, "end": { "line": 47, "column": null } },
      "45": { "start": { "line": 48, "column": 2 }, "end": { "line": 48, "column": null } },
      "46": { "start": { "line": 49, "column": 2 }, "end": { "line": 49, "column": null } },
      "47": { "start": { "line": 50, "column": 2 }, "end": { "line": 50, "column": null } },
      "48": { "start": { "line": 51, "column": 2 }, "end": { "line": 51, "column": null } },
      "49": { "start": { "line": 52, "column": 2 }, "end": { "line": 52, "column": null } },
      "50": { "start": { "line": 53, "column": 2 }, "end": { "line": 53, "column": null } },
      "51": { "start": { "line": 54, "column": 2 }, "end": { "line": 54, "column": null } },
      "52": { "start": { "line": 55, "column": 2 }, "end": { "line": 55, "column": null } },
      "53": { "start": { "line": 56, "column": 2 }, "end": { "line": 56, "column": null } },
      "54": { "start": { "line": 57, "column": 2 }, "end": { "line": 57, "column": null } },
      "55": { "start": { "line": 58, "column": 2 }, "end": { "line": 58, "column": null } },
      "56": { "start": { "line": 59, "column": 2 }, "end": { "line": 59, "column": null } },
      "57": { "start": { "line": 60, "column": 2 }, "end": { "line": 60, "column": null } },
      "58": { "start": { "line": 61, "column": 2 }, "end": { "line": 61, "column": null } },
      "59": { "start": { "line": 62, "column": 2 }, "end": { "line": 62, "column": null } },
      "60": { "start": { "line": 63, "column": 2 }, "end": { "line": 63, "column": null } },
      "61": { "start": { "line": 64, "column": 2 }, "end": { "line": 64, "column": null } },
      "62": { "start": { "line": 65, "column": 2 }, "end": { "line": 65, "column": null } },
      "63": { "start": { "line": 66, "column": 2 }, "end": { "line": 66, "column": null } },
      "64": { "start": { "line": 67, "column": 2 }, "end": { "line": 67, "column": null } },
      "65": { "start": { "line": 68, "column": 2 }, "end": { "line": 68, "column": null } },
      "66": { "start": { "line": 69, "column": 2 }, "end": { "line": 69, "column": null } },
      "67": { "start": { "line": 70, "column": 2 }, "end": { "line": 70, "column": null } },
      "68": { "start": { "line": 71, "column": 2 }, "end": { "line": 71, "column": null } },
      "69": { "start": { "line": 72, "column": 2 }, "end": { "line": 72, "column": null } },
      "70": { "start": { "line": 73, "column": 2 }, "end": { "line": 73, "column": null } },
      "71": { "start": { "line": 74, "column": 2 }, "end": { "line": 74, "column": null } },
      "72": { "start": { "line": 75, "column": 2 }, "end": { "line": 75, "column": null } },
      "73": { "start": { "line": 76, "column": 2 }, "end": { "line": 76, "column": null } },
      "74": { "start": { "line": 77, "column": 2 }, "end": { "line": 77, "column": null } },
      "75": { "start": { "line": 78, "column": 2 }, "end": { "line": 78, "column": null } },
      "76": { "start": { "line": 79, "column": 2 }, "end": { "line": 79, "column": null } },
      "77": { "start": { "line": 80, "column": 2 }, "end": { "line": 80, "column": null } },
      "78": { "start": { "line": 81, "column": 2 }, "end": { "line": 81, "column": null } },
      "79": { "start": { "line": 82, "column": 2 }, "end": { "line": 82, "column": null } },
      "80": { "start": { "line": 83, "column": 2 }, "end": { "line": 83, "column": null } },
      "81": { "start": { "line": 84, "column": 2 }, "end": { "line": 84, "column": null } },
      "82": { "start": { "line": 85, "column": 2 }, "end": { "line": 85, "column": null } },
      "83": { "start": { "line": 86, "column": 2 }, "end": { "line": 86, "column": null } },
      "84": { "start": { "line": 87, "column": 2 }, "end": { "line": 87, "column": null } },
      "85": { "start": { "line": 88, "column": 2 }, "end": { "line": 88, "column": null } },
      "86": { "start": { "line": 89, "column": 2 }, "end": { "line": 89, "column": null } },
      "87": { "start": { "line": 91, "column": 2 }, "end": { "line": 91, "column": null } },
      "88": { "start": { "line": 92, "column": 2 }, "end": { "line": 92, "column": null } },
      "89": { "start": { "line": 93, "column": 2 }, "end": { "line": 93, "column": null } },
      "90": { "start": { "line": 94, "column": 2 }, "end": { "line": 94, "column": null } },
      "91": { "start": { "line": 95, "column": 2 }, "end": { "line": 95, "column": null } },
      "92": { "start": { "line": 96, "column": 2 }, "end": { "line": 96, "column": null } },
      "93": { "start": { "line": 97, "column": 2 }, "end": { "line": 97, "column": null } },
      "94": { "start": { "line": 98, "column": 2 }, "end": { "line": 98, "column": null } },
      "95": { "start": { "line": 99, "column": 2 }, "end": { "line": 99, "column": null } },
      "96": { "start": { "line": 100, "column": 2 }, "end": { "line": 100, "column": null } },
      "97": { "start": { "line": 101, "column": 2 }, "end": { "line": 101, "column": null } },
      "98": { "start": { "line": 103, "column": 2 }, "end": { "line": 103, "column": null } },
      "99": { "start": { "line": 104, "column": 2 }, "end": { "line": 104, "column": null } },
      "100": { "start": { "line": 105, "column": 2 }, "end": { "line": 105, "column": null } },
      "101": { "start": { "line": 107, "column": 2 }, "end": { "line": 107, "column": null } },
      "102": { "start": { "line": 108, "column": 2 }, "end": { "line": 108, "column": null } },
      "103": { "start": { "line": 109, "column": 2 }, "end": { "line": 109, "column": null } },
      "104": { "start": { "line": 110, "column": 2 }, "end": { "line": 110, "column": null } },
      "105": { "start": { "line": 111, "column": 2 }, "end": { "line": 111, "column": null } },
      "106": { "start": { "line": 112, "column": 2 }, "end": { "line": 112, "column": null } },
      "107": { "start": { "line": 113, "column": 2 }, "end": { "line": 113, "column": null } },
      "108": { "start": { "line": 114, "column": 2 }, "end": { "line": 114, "column": null } },
      "109": { "start": { "line": 115, "column": 2 }, "end": { "line": 115, "column": null } },
      "110": { "start": { "line": 116, "column": 2 }, "end": { "line": 116, "column": null } },
      "111": { "start": { "line": 117, "column": 2 }, "end": { "line": 117, "column": null } },
      "112": { "start": { "line": 118, "column": 2 }, "end": { "line": 118, "column": null } },
      "113": { "start": { "line": 119, "column": 2 }, "end": { "line": 119, "column": null } },
      "114": { "start": { "line": 120, "column": 2 }, "end": { "line": 120, "column": null } },
      "115": { "start": { "line": 121, "column": 2 }, "end": { "line": 121, "column": null } },
      "116": { "start": { "line": 122, "column": 2 }, "end": { "line": 122, "column": null } },
      "117": { "start": { "line": 123, "column": 2 }, "end": { "line": 123, "column": null } },
      "118": { "start": { "line": 124, "column": 2 }, "end": { "line": 124, "column": null } },
      "119": { "start": { "line": 125, "column": 2 }, "end": { "line": 125, "column": null } },
      "120": { "start": { "line": 126, "column": 2 }, "end": { "line": 126, "column": null } },
      "121": { "start": { "line": 127, "column": 2 }, "end": { "line": 127, "column": null } },
      "122": { "start": { "line": 128, "column": 2 }, "end": { "line": 128, "column": null } },
      "123": { "start": { "line": 129, "column": 2 }, "end": { "line": 129, "column": null } },
      "124": { "start": { "line": 130, "column": 2 }, "end": { "line": 130, "column": null } },
      "125": { "start": { "line": 131, "column": 2 }, "end": { "line": 131, "column": null } },
      "126": { "start": { "line": 132, "column": 2 }, "end": { "line": 132, "column": null } },
      "127": { "start": { "line": 133, "column": 2 }, "end": { "line": 133, "column": null } },
      "128": { "start": { "line": 134, "column": 2 }, "end": { "line": 134, "column": null } },
      "129": { "start": { "line": 135, "column": 2 }, "end": { "line": 135, "column": null } },
      "130": { "start": { "line": 136, "column": 2 }, "end": { "line": 136, "column": null } },
      "131": { "start": { "line": 137, "column": 2 }, "end": { "line": 137, "column": null } },
      "132": { "start": { "line": 139, "column": 2 }, "end": { "line": 139, "column": null } },
      "133": { "start": { "line": 140, "column": 2 }, "end": { "line": 140, "column": null } },
      "134": { "start": { "line": 141, "column": 2 }, "end": { "line": 141, "column": null } },
      "135": { "start": { "line": 142, "column": 2 }, "end": { "line": 142, "column": null } },
      "136": { "start": { "line": 143, "column": 2 }, "end": { "line": 143, "column": null } },
      "137": { "start": { "line": 144, "column": 2 }, "end": { "line": 144, "column": null } },
      "138": { "start": { "line": 145, "column": 2 }, "end": { "line": 145, "column": null } },
      "139": { "start": { "line": 146, "column": 2 }, "end": { "line": 146, "column": null } },
      "140": { "start": { "line": 147, "column": 2 }, "end": { "line": 147, "column": null } },
      "141": { "start": { "line": 149, "column": 2 }, "end": { "line": 149, "column": null } },
      "142": { "start": { "line": 150, "column": 2 }, "end": { "line": 150, "column": null } },
      "143": { "start": { "line": 152, "column": 2 }, "end": { "line": 152, "column": null } },
      "144": { "start": { "line": 153, "column": 2 }, "end": { "line": 153, "column": null } },
      "145": { "start": { "line": 154, "column": 2 }, "end": { "line": 154, "column": null } },
      "146": { "start": { "line": 155, "column": 2 }, "end": { "line": 155, "column": null } },
      "147": { "start": { "line": 157, "column": 2 }, "end": { "line": 157, "column": null } },
      "148": { "start": { "line": 158, "column": 2 }, "end": { "line": 158, "column": null } },
      "149": { "start": { "line": 159, "column": 2 }, "end": { "line": 159, "column": null } },
      "150": { "start": { "line": 160, "column": 2 }, "end": { "line": 160, "column": null } },
      "151": { "start": { "line": 161, "column": 2 }, "end": { "line": 161, "column": null } },
      "152": { "start": { "line": 162, "column": 2 }, "end": { "line": 162, "column": null } },
      "153": { "start": { "line": 163, "column": 2 }, "end": { "line": 163, "column": null } },
      "154": { "start": { "line": 164, "column": 2 }, "end": { "line": 164, "column": null } },
      "155": { "start": { "line": 165, "column": 2 }, "end": { "line": 165, "column": null } },
      "156": { "start": { "line": 166, "column": 2 }, "end": { "line": 166, "column": null } },
      "157": { "start": { "line": 167, "column": 2 }, "end": { "line": 167, "column": null } },
      "158": { "start": { "line": 168, "column": 2 }, "end": { "line": 168, "column": null } },
      "159": { "start": { "line": 169, "column": 2 }, "end": { "line": 169, "column": null } },
      "160": { "start": { "line": 170, "column": 2 }, "end": { "line": 170, "column": null } },
      "161": { "start": { "line": 171, "column": 2 }, "end": { "line": 171, "column": null } },
      "162": { "start": { "line": 172, "column": 2 }, "end": { "line": 172, "column": null } },
      "163": { "start": { "line": 173, "column": 2 }, "end": { "line": 173, "column": null } },
      "164": { "start": { "line": 174, "column": 2 }, "end": { "line": 174, "column": null } },
      "165": { "start": { "line": 175, "column": 2 }, "end": { "line": 175, "column": null } },
      "166": { "start": { "line": 176, "column": 2 }, "end": { "line": 176, "column": null } },
      "167": { "start": { "line": 177, "column": 2 }, "end": { "line": 177, "column": null } },
      "168": { "start": { "line": 178, "column": 2 }, "end": { "line": 178, "column": null } }
    },
    "fnMap": {
      "0": {
        "name": "(anonymous_0)",
        "decl": { "start": { "line": 2, "column": 2 }, "end": { "line": 2, "column": 7 } },
        "loc": { "start": { "line": 2, "column": 2 }, "end": { "line": 2, "column": null } }
      },
      "1": {
        "name": "(anonymous_1)",
        "decl": { "start": { "line": 3, "column": 2 }, "end": { "line": 3, "column": 12 } },
        "loc": { "start": { "line": 3, "column": 2 }, "end": { "line": 3, "column": null } }
      },
      "2": {
        "name": "(anonymous_2)",
        "decl": { "start": { "line": 5, "column": 2 }, "end": { "line": 5, "column": 15 } },
        "loc": { "start": { "line": 5, "column": 2 }, "end": { "line": 5, "column": null } }
      },
      "3": {
        "name": "(anonymous_3)",
        "decl": { "start": { "line": 6, "column": 2 }, "end": { "line": 6, "column": 16 } },
        "loc": { "start": { "line": 6, "column": 2 }, "end": { "line": 6, "column": null } }
      },
      "4": {
        "name": "(anonymous_4)",
        "decl": { "start": { "line": 8, "column": 2 }, "end": { "line": 8, "column": 12 } },
        "loc": { "start": { "line": 8, "column": 2 }, "end": { "line": 8, "column": null } }
      },
      "5": {
        "name": "(anonymous_5)",
        "decl": { "start": { "line": 9, "column": 2 }, "end": { "line": 9, "column": 19 } },
        "loc": { "start": { "line": 9, "column": 2 }, "end": { "line": 9, "column": null } }
      },
      "6": {
        "name": "(anonymous_6)",
        "decl": { "start": { "line": 10, "column": 2 }, "end": { "line": 10, "column": 30 } },
        "loc": { "start": { "line": 10, "column": 2 }, "end": { "line": 10, "column": null } }
      },
      "7": {
        "name": "(anonymous_7)",
        "decl": { "start": { "line": 11, "column": 2 }, "end": { "line": 11, "column": 23 } },
        "loc": { "start": { "line": 11, "column": 2 }, "end": { "line": 11, "column": null } }
      },
      "8": {
        "name": "(anonymous_8)",
        "decl": { "start": { "line": 12, "column": 2 }, "end": { "line": 12, "column": 15 } },
        "loc": { "start": { "line": 12, "column": 2 }, "end": { "line": 12, "column": null } }
      },
      "9": {
        "name": "(anonymous_9)",
        "decl": { "start": { "line": 13, "column": 2 }, "end": { "line": 13, "column": 12 } },
        "loc": { "start": { "line": 13, "column": 2 }, "end": { "line": 13, "column": null } }
      },
      "10": {
        "name": "(anonymous_10)",
        "decl": { "start": { "line": 14, "column": 2 }, "end": { "line": 14, "column": 19 } },
        "loc": { "start": { "line": 14, "column": 2 }, "end": { "line": 14, "column": null } }
      },
      "11": {
        "name": "(anonymous_11)",
        "decl": { "start": { "line": 15, "column": 2 }, "end": { "line": 15, "column": 12 } },
        "loc": { "start": { "line": 15, "column": 2 }, "end": { "line": 15, "column": null } }
      },
      "12": {
        "name": "(anonymous_12)",
        "decl": { "start": { "line": 16, "column": 2 }, "end": { "line": 16, "column": 16 } },
        "loc": { "start": { "line": 16, "column": 2 }, "end": { "line": 16, "column": null } }
      },
      "13": {
        "name": "(anonymous_13)",
        "decl": { "start": { "line": 17, "column": 2 }, "end": { "line": 17, "column": 25 } },
        "loc": { "start": { "line": 17, "column": 2 }, "end": { "line": 17, "column": null } }
      },
      "14": {
        "name": "(anonymous_14)",
        "decl": { "start": { "line": 18, "column": 2 }, "end": { "line": 18, "column": 10 } },
        "loc": { "start": { "line": 18, "column": 2 }, "end": { "line": 18, "column": null } }
      },
      "15": {
        "name": "(anonymous_15)",
        "decl": { "start": { "line": 19, "column": 2 }, "end": { "line": 19, "column": 11 } },
        "loc": { "start": { "line": 19, "column": 2 }, "end": { "line": 19, "column": null } }
      },
      "16": {
        "name": "(anonymous_16)",
        "decl": { "start": { "line": 20, "column": 2 }, "end": { "line": 20, "column": 18 } },
        "loc": { "start": { "line": 20, "column": 2 }, "end": { "line": 20, "column": null } }
      },
      "17": {
        "name": "(anonymous_17)",
        "decl": { "start": { "line": 21, "column": 2 }, "end": { "line": 21, "column": 11 } },
        "loc": { "start": { "line": 21, "column": 2 }, "end": { "line": 21, "column": null } }
      },
      "18": {
        "name": "(anonymous_18)",
        "decl": { "start": { "line": 22, "column": 2 }, "end": { "line": 22, "column": 20 } },
        "loc": { "start": { "line": 22, "column": 2 }, "end": { "line": 22, "column": null } }
      },
      "19": {
        "name": "(anonymous_19)",
        "decl": { "start": { "line": 23, "column": 2 }, "end": { "line": 23, "column": 15 } },
        "loc": { "start": { "line": 23, "column": 2 }, "end": { "line": 23, "column": null } }
      },
      "20": {
        "name": "(anonymous_20)",
        "decl": { "start": { "line": 24, "column": 2 }, "end": { "line": 24, "column": 23 } },
        "loc": { "start": { "line": 24, "column": 2 }, "end": { "line": 24, "column": null } }
      },
      "21": {
        "name": "(anonymous_21)",
        "decl": { "start": { "line": 25, "column": 2 }, "end": { "line": 25, "column": 19 } },
        "loc": { "start": { "line": 25, "column": 2 }, "end": { "line": 25, "column": null } }
      },
      "22": {
        "name": "(anonymous_22)",
        "decl": { "start": { "line": 26, "column": 2 }, "end": { "line": 26, "column": 26 } },
        "loc": { "start": { "line": 26, "column": 2 }, "end": { "line": 26, "column": null } }
      },
      "23": {
        "name": "(anonymous_23)",
        "decl": { "start": { "line": 27, "column": 2 }, "end": { "line": 27, "column": 22 } },
        "loc": { "start": { "line": 27, "column": 2 }, "end": { "line": 27, "column": null } }
      },
      "24": {
        "name": "(anonymous_24)",
        "decl": { "start": { "line": 28, "column": 2 }, "end": { "line": 28, "column": 18 } },
        "loc": { "start": { "line": 28, "column": 2 }, "end": { "line": 28, "column": null } }
      },
      "25": {
        "name": "(anonymous_25)",
        "decl": { "start": { "line": 29, "column": 2 }, "end": { "line": 29, "column": 16 } },
        "loc": { "start": { "line": 29, "column": 2 }, "end": { "line": 29, "column": null } }
      },
      "26": {
        "name": "(anonymous_26)",
        "decl": { "start": { "line": 30, "column": 2 }, "end": { "line": 30, "column": 13 } },
        "loc": { "start": { "line": 30, "column": 2 }, "end": { "line": 30, "column": null } }
      },
      "27": {
        "name": "(anonymous_27)",
        "decl": { "start": { "line": 31, "column": 2 }, "end": { "line": 31, "column": 9 } },
        "loc": { "start": { "line": 31, "column": 2 }, "end": { "line": 31, "column": null } }
      },
      "28": {
        "name": "(anonymous_28)",
        "decl": { "start": { "line": 32, "column": 2 }, "end": { "line": 32, "column": 13 } },
        "loc": { "start": { "line": 32, "column": 2 }, "end": { "line": 32, "column": null } }
      },
      "29": {
        "name": "(anonymous_29)",
        "decl": { "start": { "line": 33, "column": 2 }, "end": { "line": 33, "column": 8 } },
        "loc": { "start": { "line": 33, "column": 2 }, "end": { "line": 33, "column": null } }
      },
      "30": {
        "name": "(anonymous_30)",
        "decl": { "start": { "line": 34, "column": 2 }, "end": { "line": 34, "column": 17 } },
        "loc": { "start": { "line": 34, "column": 2 }, "end": { "line": 34, "column": null } }
      },
      "31": {
        "name": "(anonymous_31)",
        "decl": { "start": { "line": 35, "column": 2 }, "end": { "line": 35, "column": 19 } },
        "loc": { "start": { "line": 35, "column": 2 }, "end": { "line": 35, "column": null } }
      },
      "32": {
        "name": "(anonymous_32)",
        "decl": { "start": { "line": 36, "column": 2 }, "end": { "line": 36, "column": 23 } },
        "loc": { "start": { "line": 36, "column": 2 }, "end": { "line": 36, "column": null } }
      },
      "33": {
        "name": "(anonymous_33)",
        "decl": { "start": { "line": 37, "column": 2 }, "end": { "line": 37, "column": 18 } },
        "loc": { "start": { "line": 37, "column": 2 }, "end": { "line": 37, "column": null } }
      },
      "34": {
        "name": "(anonymous_34)",
        "decl": { "start": { "line": 38, "column": 2 }, "end": { "line": 38, "column": 20 } },
        "loc": { "start": { "line": 38, "column": 2 }, "end": { "line": 38, "column": null } }
      },
      "35": {
        "name": "(anonymous_35)",
        "decl": { "start": { "line": 39, "column": 2 }, "end": { "line": 39, "column": 11 } },
        "loc": { "start": { "line": 39, "column": 2 }, "end": { "line": 39, "column": null } }
      },
      "36": {
        "name": "(anonymous_36)",
        "decl": { "start": { "line": 40, "column": 2 }, "end": { "line": 40, "column": 20 } },
        "loc": { "start": { "line": 40, "column": 2 }, "end": { "line": 40, "column": null } }
      },
      "37": {
        "name": "(anonymous_37)",
        "decl": { "start": { "line": 41, "column": 2 }, "end": { "line": 41, "column": 20 } },
        "loc": { "start": { "line": 41, "column": 2 }, "end": { "line": 41, "column": null } }
      },
      "38": {
        "name": "(anonymous_38)",
        "decl": { "start": { "line": 42, "column": 2 }, "end": { "line": 42, "column": 15 } },
        "loc": { "start": { "line": 42, "column": 2 }, "end": { "line": 42, "column": null } }
      },
      "39": {
        "name": "(anonymous_39)",
        "decl": { "start": { "line": 43, "column": 2 }, "end": { "line": 43, "column": 20 } },
        "loc": { "start": { "line": 43, "column": 2 }, "end": { "line": 43, "column": null } }
      },
      "40": {
        "name": "(anonymous_40)",
        "decl": { "start": { "line": 44, "column": 2 }, "end": { "line": 44, "column": 23 } },
        "loc": { "start": { "line": 44, "column": 2 }, "end": { "line": 44, "column": null } }
      },
      "41": {
        "name": "(anonymous_41)",
        "decl": { "start": { "line": 45, "column": 2 }, "end": { "line": 45, "column": 13 } },
        "loc": { "start": { "line": 45, "column": 2 }, "end": { "line": 45, "column": null } }
      },
      "42": {
        "name": "(anonymous_42)",
        "decl": { "start": { "line": 46, "column": 2 }, "end": { "line": 46, "column": 16 } },
        "loc": { "start": { "line": 46, "column": 2 }, "end": { "line": 46, "column": null } }
      },
      "43": {
        "name": "(anonymous_43)",
        "decl": { "start": { "line": 47, "column": 2 }, "end": { "line": 47, "column": 17 } },
        "loc": { "start": { "line": 47, "column": 2 }, "end": { "line": 47, "column": null } }
      },
      "44": {
        "name": "(anonymous_44)",
        "decl": { "start": { "line": 48, "column": 2 }, "end": { "line": 48, "column": 5 } },
        "loc": { "start": { "line": 48, "column": 2 }, "end": { "line": 48, "column": null } }
      },
      "45": {
        "name": "(anonymous_45)",
        "decl": { "start": { "line": 49, "column": 2 }, "end": { "line": 49, "column": 14 } },
        "loc": { "start": { "line": 49, "column": 2 }, "end": { "line": 49, "column": null } }
      },
      "46": {
        "name": "(anonymous_46)",
        "decl": { "start": { "line": 50, "column": 2 }, "end": { "line": 50, "column": 19 } },
        "loc": { "start": { "line": 50, "column": 2 }, "end": { "line": 50, "column": null } }
      },
      "47": {
        "name": "(anonymous_47)",
        "decl": { "start": { "line": 51, "column": 2 }, "end": { "line": 51, "column": 15 } },
        "loc": { "start": { "line": 51, "column": 2 }, "end": { "line": 51, "column": null } }
      },
      "48": {
        "name": "(anonymous_48)",
        "decl": { "start": { "line": 52, "column": 2 }, "end": { "line": 52, "column": 25 } },
        "loc": { "start": { "line": 52, "column": 2 }, "end": { "line": 52, "column": null } }
      },
      "49": {
        "name": "(anonymous_49)",
        "decl": { "start": { "line": 53, "column": 2 }, "end": { "line": 53, "column": 17 } },
        "loc": { "start": { "line": 53, "column": 2 }, "end": { "line": 53, "column": null } }
      },
      "50": {
        "name": "(anonymous_50)",
        "decl": { "start": { "line": 54, "column": 2 }, "end": { "line": 54, "column": 26 } },
        "loc": { "start": { "line": 54, "column": 2 }, "end": { "line": 54, "column": null } }
      },
      "51": {
        "name": "(anonymous_51)",
        "decl": { "start": { "line": 55, "column": 2 }, "end": { "line": 55, "column": 18 } },
        "loc": { "start": { "line": 55, "column": 2 }, "end": { "line": 55, "column": null } }
      },
      "52": {
        "name": "(anonymous_52)",
        "decl": { "start": { "line": 56, "column": 2 }, "end": { "line": 56, "column": 17 } },
        "loc": { "start": { "line": 56, "column": 2 }, "end": { "line": 56, "column": null } }
      },
      "53": {
        "name": "(anonymous_53)",
        "decl": { "start": { "line": 57, "column": 2 }, "end": { "line": 57, "column": 16 } },
        "loc": { "start": { "line": 57, "column": 2 }, "end": { "line": 57, "column": null } }
      },
      "54": {
        "name": "(anonymous_54)",
        "decl": { "start": { "line": 58, "column": 2 }, "end": { "line": 58, "column": 6 } },
        "loc": { "start": { "line": 58, "column": 2 }, "end": { "line": 58, "column": null } }
      },
      "55": {
        "name": "(anonymous_55)",
        "decl": { "start": { "line": 59, "column": 2 }, "end": { "line": 59, "column": 22 } },
        "loc": { "start": { "line": 59, "column": 2 }, "end": { "line": 59, "column": null } }
      },
      "56": {
        "name": "(anonymous_56)",
        "decl": { "start": { "line": 60, "column": 2 }, "end": { "line": 60, "column": 11 } },
        "loc": { "start": { "line": 60, "column": 2 }, "end": { "line": 60, "column": null } }
      },
      "57": {
        "name": "(anonymous_57)",
        "decl": { "start": { "line": 61, "column": 2 }, "end": { "line": 61, "column": 22 } },
        "loc": { "start": { "line": 61, "column": 2 }, "end": { "line": 61, "column": null } }
      },
      "58": {
        "name": "(anonymous_58)",
        "decl": { "start": { "line": 62, "column": 2 }, "end": { "line": 62, "column": 20 } },
        "loc": { "start": { "line": 62, "column": 2 }, "end": { "line": 62, "column": null } }
      },
      "59": {
        "name": "(anonymous_59)",
        "decl": { "start": { "line": 63, "column": 2 }, "end": { "line": 63, "column": 9 } },
        "loc": { "start": { "line": 63, "column": 2 }, "end": { "line": 63, "column": null } }
      },
      "60": {
        "name": "(anonymous_60)",
        "decl": { "start": { "line": 64, "column": 2 }, "end": { "line": 64, "column": 12 } },
        "loc": { "start": { "line": 64, "column": 2 }, "end": { "line": 64, "column": null } }
      },
      "61": {
        "name": "(anonymous_61)",
        "decl": { "start": { "line": 65, "column": 2 }, "end": { "line": 65, "column": 17 } },
        "loc": { "start": { "line": 65, "column": 2 }, "end": { "line": 65, "column": null } }
      },
      "62": {
        "name": "(anonymous_62)",
        "decl": { "start": { "line": 66, "column": 2 }, "end": { "line": 66, "column": 16 } },
        "loc": { "start": { "line": 66, "column": 2 }, "end": { "line": 66, "column": null } }
      },
      "63": {
        "name": "(anonymous_63)",
        "decl": { "start": { "line": 67, "column": 2 }, "end": { "line": 67, "column": 8 } },
        "loc": { "start": { "line": 67, "column": 2 }, "end": { "line": 67, "column": null } }
      },
      "64": {
        "name": "(anonymous_64)",
        "decl": { "start": { "line": 68, "column": 2 }, "end": { "line": 68, "column": 13 } },
        "loc": { "start": { "line": 68, "column": 2 }, "end": { "line": 68, "column": null } }
      },
      "65": {
        "name": "(anonymous_65)",
        "decl": { "start": { "line": 69, "column": 2 }, "end": { "line": 69, "column": 26 } },
        "loc": { "start": { "line": 69, "column": 2 }, "end": { "line": 69, "column": null } }
      },
      "66": {
        "name": "(anonymous_66)",
        "decl": { "start": { "line": 70, "column": 2 }, "end": { "line": 70, "column": 13 } },
        "loc": { "start": { "line": 70, "column": 2 }, "end": { "line": 70, "column": null } }
      },
      "67": {
        "name": "(anonymous_67)",
        "decl": { "start": { "line": 71, "column": 2 }, "end": { "line": 71, "column": 21 } },
        "loc": { "start": { "line": 71, "column": 2 }, "end": { "line": 71, "column": null } }
      },
      "68": {
        "name": "(anonymous_68)",
        "decl": { "start": { "line": 72, "column": 2 }, "end": { "line": 72, "column": 19 } },
        "loc": { "start": { "line": 72, "column": 2 }, "end": { "line": 72, "column": null } }
      },
      "69": {
        "name": "(anonymous_69)",
        "decl": { "start": { "line": 73, "column": 2 }, "end": { "line": 73, "column": 18 } },
        "loc": { "start": { "line": 73, "column": 2 }, "end": { "line": 73, "column": null } }
      },
      "70": {
        "name": "(anonymous_70)",
        "decl": { "start": { "line": 74, "column": 2 }, "end": { "line": 74, "column": 36 } },
        "loc": { "start": { "line": 74, "column": 2 }, "end": { "line": 74, "column": null } }
      },
      "71": {
        "name": "(anonymous_71)",
        "decl": { "start": { "line": 75, "column": 2 }, "end": { "line": 75, "column": 25 } },
        "loc": { "start": { "line": 75, "column": 2 }, "end": { "line": 75, "column": null } }
      },
      "72": {
        "name": "(anonymous_72)",
        "decl": { "start": { "line": 76, "column": 2 }, "end": { "line": 76, "column": 7 } },
        "loc": { "start": { "line": 76, "column": 2 }, "end": { "line": 76, "column": null } }
      },
      "73": {
        "name": "(anonymous_73)",
        "decl": { "start": { "line": 77, "column": 2 }, "end": { "line": 77, "column": 13 } },
        "loc": { "start": { "line": 77, "column": 2 }, "end": { "line": 77, "column": null } }
      },
      "74": {
        "name": "(anonymous_74)",
        "decl": { "start": { "line": 78, "column": 2 }, "end": { "line": 78, "column": 13 } },
        "loc": { "start": { "line": 78, "column": 2 }, "end": { "line": 78, "column": null } }
      },
      "75": {
        "name": "(anonymous_75)",
        "decl": { "start": { "line": 79, "column": 2 }, "end": { "line": 79, "column": 18 } },
        "loc": { "start": { "line": 79, "column": 2 }, "end": { "line": 79, "column": null } }
      },
      "76": {
        "name": "(anonymous_76)",
        "decl": { "start": { "line": 80, "column": 2 }, "end": { "line": 80, "column": 17 } },
        "loc": { "start": { "line": 80, "column": 2 }, "end": { "line": 80, "column": null } }
      },
      "77": {
        "name": "(anonymous_77)",
        "decl": { "start": { "line": 81, "column": 2 }, "end": { "line": 81, "column": 23 } },
        "loc": { "start": { "line": 81, "column": 2 }, "end": { "line": 81, "column": null } }
      },
      "78": {
        "name": "(anonymous_78)",
        "decl": { "start": { "line": 82, "column": 2 }, "end": { "line": 82, "column": 16 } },
        "loc": { "start": { "line": 82, "column": 2 }, "end": { "line": 82, "column": null } }
      },
      "79": {
        "name": "(anonymous_79)",
        "decl": { "start": { "line": 83, "column": 2 }, "end": { "line": 83, "column": 16 } },
        "loc": { "start": { "line": 83, "column": 2 }, "end": { "line": 83, "column": null } }
      },
      "80": {
        "name": "(anonymous_80)",
        "decl": { "start": { "line": 84, "column": 2 }, "end": { "line": 84, "column": 11 } },
        "loc": { "start": { "line": 84, "column": 2 }, "end": { "line": 84, "column": null } }
      },
      "81": {
        "name": "(anonymous_81)",
        "decl": { "start": { "line": 85, "column": 2 }, "end": { "line": 85, "column": 20 } },
        "loc": { "start": { "line": 85, "column": 2 }, "end": { "line": 85, "column": null } }
      },
      "82": {
        "name": "(anonymous_82)",
        "decl": { "start": { "line": 86, "column": 2 }, "end": { "line": 86, "column": 22 } },
        "loc": { "start": { "line": 86, "column": 2 }, "end": { "line": 86, "column": null } }
      },
      "83": {
        "name": "(anonymous_83)",
        "decl": { "start": { "line": 87, "column": 2 }, "end": { "line": 87, "column": 8 } },
        "loc": { "start": { "line": 87, "column": 2 }, "end": { "line": 87, "column": null } }
      },
      "84": {
        "name": "(anonymous_84)",
        "decl": { "start": { "line": 88, "column": 2 }, "end": { "line": 88, "column": 19 } },
        "loc": { "start": { "line": 88, "column": 2 }, "end": { "line": 88, "column": null } }
      },
      "85": {
        "name": "(anonymous_85)",
        "decl": { "start": { "line": 89, "column": 2 }, "end": { "line": 89, "column": 9 } },
        "loc": { "start": { "line": 89, "column": 2 }, "end": { "line": 89, "column": null } }
      },
      "86": {
        "name": "(anonymous_86)",
        "decl": { "start": { "line": 91, "column": 2 }, "end": { "line": 91, "column": 16 } },
        "loc": { "start": { "line": 91, "column": 2 }, "end": { "line": 91, "column": null } }
      },
      "87": {
        "name": "(anonymous_87)",
        "decl": { "start": { "line": 92, "column": 2 }, "end": { "line": 92, "column": 19 } },
        "loc": { "start": { "line": 92, "column": 2 }, "end": { "line": 92, "column": null } }
      },
      "88": {
        "name": "(anonymous_88)",
        "decl": { "start": { "line": 93, "column": 2 }, "end": { "line": 93, "column": 18 } },
        "loc": { "start": { "line": 93, "column": 2 }, "end": { "line": 93, "column": null } }
      },
      "89": {
        "name": "(anonymous_89)",
        "decl": { "start": { "line": 94, "column": 2 }, "end": { "line": 94, "column": 11 } },
        "loc": { "start": { "line": 94, "column": 2 }, "end": { "line": 94, "column": null } }
      },
      "90": {
        "name": "(anonymous_90)",
        "decl": { "start": { "line": 95, "column": 2 }, "end": { "line": 95, "column": 23 } },
        "loc": { "start": { "line": 95, "column": 2 }, "end": { "line": 95, "column": null } }
      },
      "91": {
        "name": "(anonymous_91)",
        "decl": { "start": { "line": 96, "column": 2 }, "end": { "line": 96, "column": 13 } },
        "loc": { "start": { "line": 96, "column": 2 }, "end": { "line": 96, "column": null } }
      },
      "92": {
        "name": "(anonymous_92)",
        "decl": { "start": { "line": 97, "column": 2 }, "end": { "line": 97, "column": 21 } },
        "loc": { "start": { "line": 97, "column": 2 }, "end": { "line": 97, "column": null } }
      },
      "93": {
        "name": "(anonymous_93)",
        "decl": { "start": { "line": 98, "column": 2 }, "end": { "line": 98, "column": 14 } },
        "loc": { "start": { "line": 98, "column": 2 }, "end": { "line": 98, "column": null } }
      },
      "94": {
        "name": "(anonymous_94)",
        "decl": { "start": { "line": 99, "column": 2 }, "end": { "line": 99, "column": 14 } },
        "loc": { "start": { "line": 99, "column": 2 }, "end": { "line": 99, "column": null } }
      },
      "95": {
        "name": "(anonymous_95)",
        "decl": { "start": { "line": 100, "column": 2 }, "end": { "line": 100, "column": 23 } },
        "loc": { "start": { "line": 100, "column": 2 }, "end": { "line": 100, "column": null } }
      },
      "96": {
        "name": "(anonymous_96)",
        "decl": { "start": { "line": 101, "column": 2 }, "end": { "line": 101, "column": 18 } },
        "loc": { "start": { "line": 101, "column": 2 }, "end": { "line": 101, "column": null } }
      },
      "97": {
        "name": "(anonymous_97)",
        "decl": { "start": { "line": 103, "column": 2 }, "end": { "line": 103, "column": 17 } },
        "loc": { "start": { "line": 103, "column": 2 }, "end": { "line": 103, "column": null } }
      },
      "98": {
        "name": "(anonymous_98)",
        "decl": { "start": { "line": 104, "column": 2 }, "end": { "line": 104, "column": 15 } },
        "loc": { "start": { "line": 104, "column": 2 }, "end": { "line": 104, "column": null } }
      },
      "99": {
        "name": "(anonymous_99)",
        "decl": { "start": { "line": 105, "column": 2 }, "end": { "line": 105, "column": 24 } },
        "loc": { "start": { "line": 105, "column": 2 }, "end": { "line": 105, "column": null } }
      },
      "100": {
        "name": "(anonymous_100)",
        "decl": { "start": { "line": 107, "column": 2 }, "end": { "line": 107, "column": 22 } },
        "loc": { "start": { "line": 107, "column": 2 }, "end": { "line": 107, "column": null } }
      },
      "101": {
        "name": "(anonymous_101)",
        "decl": { "start": { "line": 108, "column": 2 }, "end": { "line": 108, "column": 17 } },
        "loc": { "start": { "line": 108, "column": 2 }, "end": { "line": 108, "column": null } }
      },
      "102": {
        "name": "(anonymous_102)",
        "decl": { "start": { "line": 109, "column": 2 }, "end": { "line": 109, "column": 14 } },
        "loc": { "start": { "line": 109, "column": 2 }, "end": { "line": 109, "column": null } }
      },
      "103": {
        "name": "(anonymous_103)",
        "decl": { "start": { "line": 110, "column": 2 }, "end": { "line": 110, "column": 22 } },
        "loc": { "start": { "line": 110, "column": 2 }, "end": { "line": 110, "column": null } }
      },
      "104": {
        "name": "(anonymous_104)",
        "decl": { "start": { "line": 111, "column": 2 }, "end": { "line": 111, "column": 23 } },
        "loc": { "start": { "line": 111, "column": 2 }, "end": { "line": 111, "column": null } }
      },
      "105": {
        "name": "(anonymous_105)",
        "decl": { "start": { "line": 112, "column": 2 }, "end": { "line": 112, "column": 20 } },
        "loc": { "start": { "line": 112, "column": 2 }, "end": { "line": 112, "column": null } }
      },
      "106": {
        "name": "(anonymous_106)",
        "decl": { "start": { "line": 113, "column": 2 }, "end": { "line": 113, "column": 19 } },
        "loc": { "start": { "line": 113, "column": 2 }, "end": { "line": 113, "column": null } }
      },
      "107": {
        "name": "(anonymous_107)",
        "decl": { "start": { "line": 114, "column": 2 }, "end": { "line": 114, "column": 18 } },
        "loc": { "start": { "line": 114, "column": 2 }, "end": { "line": 114, "column": null } }
      },
      "108": {
        "name": "(anonymous_108)",
        "decl": { "start": { "line": 115, "column": 2 }, "end": { "line": 115, "column": 30 } },
        "loc": { "start": { "line": 115, "column": 2 }, "end": { "line": 115, "column": null } }
      },
      "109": {
        "name": "(anonymous_109)",
        "decl": { "start": { "line": 116, "column": 2 }, "end": { "line": 116, "column": 8 } },
        "loc": { "start": { "line": 116, "column": 2 }, "end": { "line": 116, "column": null } }
      },
      "110": {
        "name": "(anonymous_110)",
        "decl": { "start": { "line": 117, "column": 2 }, "end": { "line": 117, "column": 7 } },
        "loc": { "start": { "line": 117, "column": 2 }, "end": { "line": 117, "column": null } }
      },
      "111": {
        "name": "(anonymous_111)",
        "decl": { "start": { "line": 118, "column": 2 }, "end": { "line": 118, "column": 7 } },
        "loc": { "start": { "line": 118, "column": 2 }, "end": { "line": 118, "column": null } }
      },
      "112": {
        "name": "(anonymous_112)",
        "decl": { "start": { "line": 119, "column": 2 }, "end": { "line": 119, "column": 18 } },
        "loc": { "start": { "line": 119, "column": 2 }, "end": { "line": 119, "column": null } }
      },
      "113": {
        "name": "(anonymous_113)",
        "decl": { "start": { "line": 120, "column": 2 }, "end": { "line": 120, "column": 17 } },
        "loc": { "start": { "line": 120, "column": 2 }, "end": { "line": 120, "column": null } }
      },
      "114": {
        "name": "(anonymous_114)",
        "decl": { "start": { "line": 121, "column": 2 }, "end": { "line": 121, "column": 14 } },
        "loc": { "start": { "line": 121, "column": 2 }, "end": { "line": 121, "column": null } }
      },
      "115": {
        "name": "(anonymous_115)",
        "decl": { "start": { "line": 122, "column": 2 }, "end": { "line": 122, "column": 15 } },
        "loc": { "start": { "line": 122, "column": 2 }, "end": { "line": 122, "column": null } }
      },
      "116": {
        "name": "(anonymous_116)",
        "decl": { "start": { "line": 123, "column": 2 }, "end": { "line": 123, "column": 9 } },
        "loc": { "start": { "line": 123, "column": 2 }, "end": { "line": 123, "column": null } }
      },
      "117": {
        "name": "(anonymous_117)",
        "decl": { "start": { "line": 124, "column": 2 }, "end": { "line": 124, "column": 17 } },
        "loc": { "start": { "line": 124, "column": 2 }, "end": { "line": 124, "column": null } }
      },
      "118": {
        "name": "(anonymous_118)",
        "decl": { "start": { "line": 125, "column": 2 }, "end": { "line": 125, "column": 7 } },
        "loc": { "start": { "line": 125, "column": 2 }, "end": { "line": 125, "column": null } }
      },
      "119": {
        "name": "(anonymous_119)",
        "decl": { "start": { "line": 126, "column": 2 }, "end": { "line": 126, "column": 26 } },
        "loc": { "start": { "line": 126, "column": 2 }, "end": { "line": 126, "column": null } }
      },
      "120": {
        "name": "(anonymous_120)",
        "decl": { "start": { "line": 127, "column": 2 }, "end": { "line": 127, "column": 21 } },
        "loc": { "start": { "line": 127, "column": 2 }, "end": { "line": 127, "column": null } }
      },
      "121": {
        "name": "(anonymous_121)",
        "decl": { "start": { "line": 128, "column": 2 }, "end": { "line": 128, "column": 21 } },
        "loc": { "start": { "line": 128, "column": 2 }, "end": { "line": 128, "column": null } }
      },
      "122": {
        "name": "(anonymous_122)",
        "decl": { "start": { "line": 129, "column": 2 }, "end": { "line": 129, "column": 15 } },
        "loc": { "start": { "line": 129, "column": 2 }, "end": { "line": 129, "column": null } }
      },
      "123": {
        "name": "(anonymous_123)",
        "decl": { "start": { "line": 130, "column": 2 }, "end": { "line": 130, "column": 10 } },
        "loc": { "start": { "line": 130, "column": 2 }, "end": { "line": 130, "column": null } }
      },
      "124": {
        "name": "(anonymous_124)",
        "decl": { "start": { "line": 131, "column": 2 }, "end": { "line": 131, "column": 12 } },
        "loc": { "start": { "line": 131, "column": 2 }, "end": { "line": 131, "column": null } }
      },
      "125": {
        "name": "(anonymous_125)",
        "decl": { "start": { "line": 132, "column": 2 }, "end": { "line": 132, "column": 14 } },
        "loc": { "start": { "line": 132, "column": 2 }, "end": { "line": 132, "column": null } }
      },
      "126": {
        "name": "(anonymous_126)",
        "decl": { "start": { "line": 133, "column": 2 }, "end": { "line": 133, "column": 6 } },
        "loc": { "start": { "line": 133, "column": 2 }, "end": { "line": 133, "column": null } }
      },
      "127": {
        "name": "(anonymous_127)",
        "decl": { "start": { "line": 134, "column": 2 }, "end": { "line": 134, "column": 4 } },
        "loc": { "start": { "line": 134, "column": 2 }, "end": { "line": 134, "column": null } }
      },
      "128": {
        "name": "(anonymous_128)",
        "decl": { "start": { "line": 135, "column": 2 }, "end": { "line": 135, "column": 18 } },
        "loc": { "start": { "line": 135, "column": 2 }, "end": { "line": 135, "column": null } }
      },
      "129": {
        "name": "(anonymous_129)",
        "decl": { "start": { "line": 136, "column": 2 }, "end": { "line": 136, "column": 23 } },
        "loc": { "start": { "line": 136, "column": 2 }, "end": { "line": 136, "column": null } }
      },
      "130": {
        "name": "(anonymous_130)",
        "decl": { "start": { "line": 137, "column": 2 }, "end": { "line": 137, "column": 16 } },
        "loc": { "start": { "line": 137, "column": 2 }, "end": { "line": 137, "column": null } }
      },
      "131": {
        "name": "(anonymous_131)",
        "decl": { "start": { "line": 139, "column": 2 }, "end": { "line": 139, "column": 12 } },
        "loc": { "start": { "line": 139, "column": 2 }, "end": { "line": 139, "column": null } }
      },
      "132": {
        "name": "(anonymous_132)",
        "decl": { "start": { "line": 140, "column": 2 }, "end": { "line": 140, "column": 13 } },
        "loc": { "start": { "line": 140, "column": 2 }, "end": { "line": 140, "column": null } }
      },
      "133": {
        "name": "(anonymous_133)",
        "decl": { "start": { "line": 141, "column": 2 }, "end": { "line": 141, "column": 16 } },
        "loc": { "start": { "line": 141, "column": 2 }, "end": { "line": 141, "column": null } }
      },
      "134": {
        "name": "(anonymous_134)",
        "decl": { "start": { "line": 142, "column": 2 }, "end": { "line": 142, "column": 25 } },
        "loc": { "start": { "line": 142, "column": 2 }, "end": { "line": 142, "column": null } }
      },
      "135": {
        "name": "(anonymous_135)",
        "decl": { "start": { "line": 143, "column": 2 }, "end": { "line": 143, "column": 10 } },
        "loc": { "start": { "line": 143, "column": 2 }, "end": { "line": 143, "column": null } }
      },
      "136": {
        "name": "(anonymous_136)",
        "decl": { "start": { "line": 144, "column": 2 }, "end": { "line": 144, "column": 19 } },
        "loc": { "start": { "line": 144, "column": 2 }, "end": { "line": 144, "column": null } }
      },
      "137": {
        "name": "(anonymous_137)",
        "decl": { "start": { "line": 145, "column": 2 }, "end": { "line": 145, "column": 27 } },
        "loc": { "start": { "line": 145, "column": 2 }, "end": { "line": 145, "column": null } }
      },
      "138": {
        "name": "(anonymous_138)",
        "decl": { "start": { "line": 146, "column": 2 }, "end": { "line": 146, "column": 16 } },
        "loc": { "start": { "line": 146, "column": 2 }, "end": { "line": 146, "column": null } }
      },
      "139": {
        "name": "(anonymous_139)",
        "decl": { "start": { "line": 147, "column": 2 }, "end": { "line": 147, "column": 18 } },
        "loc": { "start": { "line": 147, "column": 2 }, "end": { "line": 147, "column": null } }
      },
      "140": {
        "name": "(anonymous_140)",
        "decl": { "start": { "line": 149, "column": 2 }, "end": { "line": 149, "column": 12 } },
        "loc": { "start": { "line": 149, "column": 2 }, "end": { "line": 149, "column": null } }
      },
      "141": {
        "name": "(anonymous_141)",
        "decl": { "start": { "line": 150, "column": 2 }, "end": { "line": 150, "column": 20 } },
        "loc": { "start": { "line": 150, "column": 2 }, "end": { "line": 150, "column": null } }
      },
      "142": {
        "name": "(anonymous_142)",
        "decl": { "start": { "line": 152, "column": 2 }, "end": { "line": 152, "column": 13 } },
        "loc": { "start": { "line": 152, "column": 2 }, "end": { "line": 152, "column": null } }
      },
      "143": {
        "name": "(anonymous_143)",
        "decl": { "start": { "line": 153, "column": 2 }, "end": { "line": 153, "column": 19 } },
        "loc": { "start": { "line": 153, "column": 2 }, "end": { "line": 153, "column": null } }
      },
      "144": {
        "name": "(anonymous_144)",
        "decl": { "start": { "line": 154, "column": 2 }, "end": { "line": 154, "column": 20 } },
        "loc": { "start": { "line": 154, "column": 2 }, "end": { "line": 154, "column": null } }
      },
      "145": {
        "name": "(anonymous_145)",
        "decl": { "start": { "line": 155, "column": 2 }, "end": { "line": 155, "column": 8 } },
        "loc": { "start": { "line": 155, "column": 2 }, "end": { "line": 155, "column": null } }
      },
      "146": {
        "name": "(anonymous_146)",
        "decl": { "start": { "line": 157, "column": 2 }, "end": { "line": 157, "column": 8 } },
        "loc": { "start": { "line": 157, "column": 2 }, "end": { "line": 157, "column": null } }
      },
      "147": {
        "name": "(anonymous_147)",
        "decl": { "start": { "line": 158, "column": 2 }, "end": { "line": 158, "column": 18 } },
        "loc": { "start": { "line": 158, "column": 2 }, "end": { "line": 158, "column": null } }
      },
      "148": {
        "name": "(anonymous_148)",
        "decl": { "start": { "line": 159, "column": 2 }, "end": { "line": 159, "column": 20 } },
        "loc": { "start": { "line": 159, "column": 2 }, "end": { "line": 159, "column": null } }
      },
      "149": {
        "name": "(anonymous_149)",
        "decl": { "start": { "line": 160, "column": 2 }, "end": { "line": 160, "column": 16 } },
        "loc": { "start": { "line": 160, "column": 2 }, "end": { "line": 160, "column": null } }
      },
      "150": {
        "name": "(anonymous_150)",
        "decl": { "start": { "line": 161, "column": 2 }, "end": { "line": 161, "column": 17 } },
        "loc": { "start": { "line": 161, "column": 2 }, "end": { "line": 161, "column": null } }
      },
      "151": {
        "name": "(anonymous_151)",
        "decl": { "start": { "line": 162, "column": 2 }, "end": { "line": 162, "column": 8 } },
        "loc": { "start": { "line": 162, "column": 2 }, "end": { "line": 162, "column": null } }
      },
      "152": {
        "name": "(anonymous_152)",
        "decl": { "start": { "line": 163, "column": 2 }, "end": { "line": 163, "column": 17 } },
        "loc": { "start": { "line": 163, "column": 2 }, "end": { "line": 163, "column": null } }
      },
      "153": {
        "name": "(anonymous_153)",
        "decl": { "start": { "line": 164, "column": 2 }, "end": { "line": 164, "column": 14 } },
        "loc": { "start": { "line": 164, "column": 2 }, "end": { "line": 164, "column": null } }
      },
      "154": {
        "name": "(anonymous_154)",
        "decl": { "start": { "line": 165, "column": 2 }, "end": { "line": 165, "column": 20 } },
        "loc": { "start": { "line": 165, "column": 2 }, "end": { "line": 165, "column": null } }
      },
      "155": {
        "name": "(anonymous_155)",
        "decl": { "start": { "line": 166, "column": 2 }, "end": { "line": 166, "column": 14 } },
        "loc": { "start": { "line": 166, "column": 2 }, "end": { "line": 166, "column": null } }
      },
      "156": {
        "name": "(anonymous_156)",
        "decl": { "start": { "line": 167, "column": 2 }, "end": { "line": 167, "column": 10 } },
        "loc": { "start": { "line": 167, "column": 2 }, "end": { "line": 167, "column": null } }
      },
      "157": {
        "name": "(anonymous_157)",
        "decl": { "start": { "line": 168, "column": 2 }, "end": { "line": 168, "column": 14 } },
        "loc": { "start": { "line": 168, "column": 2 }, "end": { "line": 168, "column": null } }
      },
      "158": {
        "name": "(anonymous_158)",
        "decl": { "start": { "line": 169, "column": 2 }, "end": { "line": 169, "column": 16 } },
        "loc": { "start": { "line": 169, "column": 2 }, "end": { "line": 169, "column": null } }
      },
      "159": {
        "name": "(anonymous_159)",
        "decl": { "start": { "line": 170, "column": 2 }, "end": { "line": 170, "column": 26 } },
        "loc": { "start": { "line": 170, "column": 2 }, "end": { "line": 170, "column": null } }
      },
      "160": {
        "name": "(anonymous_160)",
        "decl": { "start": { "line": 171, "column": 2 }, "end": { "line": 171, "column": 15 } },
        "loc": { "start": { "line": 171, "column": 2 }, "end": { "line": 171, "column": null } }
      },
      "161": {
        "name": "(anonymous_161)",
        "decl": { "start": { "line": 172, "column": 2 }, "end": { "line": 172, "column": 8 } },
        "loc": { "start": { "line": 172, "column": 2 }, "end": { "line": 172, "column": null } }
      },
      "162": {
        "name": "(anonymous_162)",
        "decl": { "start": { "line": 173, "column": 2 }, "end": { "line": 173, "column": 17 } },
        "loc": { "start": { "line": 173, "column": 2 }, "end": { "line": 173, "column": null } }
      },
      "163": {
        "name": "(anonymous_163)",
        "decl": { "start": { "line": 174, "column": 2 }, "end": { "line": 174, "column": 6 } },
        "loc": { "start": { "line": 174, "column": 2 }, "end": { "line": 174, "column": null } }
      },
      "164": {
        "name": "(anonymous_164)",
        "decl": { "start": { "line": 175, "column": 2 }, "end": { "line": 175, "column": 32 } },
        "loc": { "start": { "line": 175, "column": 2 }, "end": { "line": 175, "column": null } }
      },
      "165": {
        "name": "(anonymous_165)",
        "decl": { "start": { "line": 176, "column": 2 }, "end": { "line": 176, "column": 21 } },
        "loc": { "start": { "line": 176, "column": 2 }, "end": { "line": 176, "column": null } }
      },
      "166": {
        "name": "(anonymous_166)",
        "decl": { "start": { "line": 177, "column": 2 }, "end": { "line": 177, "column": 18 } },
        "loc": { "start": { "line": 177, "column": 2 }, "end": { "line": 177, "column": null } }
      },
      "167": {
        "name": "(anonymous_167)",
        "decl": { "start": { "line": 178, "column": 2 }, "end": { "line": 178, "column": 23 } },
        "loc": { "start": { "line": 178, "column": 2 }, "end": { "line": 178, "column": null } }
      }
    },
    "branchMap": {},
    "s": {
      "0": 1,
      "1": 1,
      "2": 1,
      "3": 1,
      "4": 1,
      "5": 1,
      "6": 1,
      "7": 1,
      "8": 1,
      "9": 1,
      "10": 1,
      "11": 1,
      "12": 1,
      "13": 1,
      "14": 1,
      "15": 1,
      "16": 1,
      "17": 1,
      "18": 1,
      "19": 1,
      "20": 1,
      "21": 1,
      "22": 1,
      "23": 1,
      "24": 1,
      "25": 1,
      "26": 1,
      "27": 1,
      "28": 1,
      "29": 1,
      "30": 1,
      "31": 1,
      "32": 1,
      "33": 1,
      "34": 1,
      "35": 1,
      "36": 1,
      "37": 1,
      "38": 1,
      "39": 1,
      "40": 1,
      "41": 1,
      "42": 1,
      "43": 1,
      "44": 1,
      "45": 1,
      "46": 1,
      "47": 1,
      "48": 1,
      "49": 1,
      "50": 1,
      "51": 1,
      "52": 1,
      "53": 1,
      "54": 1,
      "55": 1,
      "56": 1,
      "57": 1,
      "58": 1,
      "59": 1,
      "60": 1,
      "61": 1,
      "62": 1,
      "63": 1,
      "64": 1,
      "65": 1,
      "66": 1,
      "67": 1,
      "68": 1,
      "69": 1,
      "70": 1,
      "71": 1,
      "72": 1,
      "73": 1,
      "74": 1,
      "75": 1,
      "76": 1,
      "77": 1,
      "78": 1,
      "79": 1,
      "80": 1,
      "81": 1,
      "82": 1,
      "83": 1,
      "84": 1,
      "85": 1,
      "86": 1,
      "87": 1,
      "88": 1,
      "89": 1,
      "90": 1,
      "91": 1,
      "92": 1,
      "93": 1,
      "94": 1,
      "95": 1,
      "96": 1,
      "97": 1,
      "98": 1,
      "99": 1,
      "100": 1,
      "101": 1,
      "102": 1,
      "103": 1,
      "104": 1,
      "105": 1,
      "106": 1,
      "107": 1,
      "108": 1,
      "109": 1,
      "110": 1,
      "111": 1,
      "112": 1,
      "113": 1,
      "114": 1,
      "115": 1,
      "116": 1,
      "117": 1,
      "118": 1,
      "119": 1,
      "120": 1,
      "121": 1,
      "122": 1,
      "123": 1,
      "124": 1,
      "125": 1,
      "126": 1,
      "127": 1,
      "128": 1,
      "129": 1,
      "130": 1,
      "131": 1,
      "132": 1,
      "133": 1,
      "134": 1,
      "135": 1,
      "136": 1,
      "137": 1,
      "138": 1,
      "139": 1,
      "140": 1,
      "141": 1,
      "142": 1,
      "143": 1,
      "144": 1,
      "145": 1,
      "146": 1,
      "147": 1,
      "148": 1,
      "149": 1,
      "150": 1,
      "151": 1,
      "152": 2,
      "153": 1,
      "154": 1,
      "155": 1,
      "156": 1,
      "157": 1,
      "158": 1,
      "159": 1,
      "160": 1,
      "161": 1,
      "162": 1,
      "163": 1,
      "164": 1,
      "165": 1,
      "166": 1,
      "167": 1,
      "168": 1
    },
    "f": {
      "0": 0,
      "1": 0,
      "2": 0,
      "3": 0,
      "4": 0,
      "5": 0,
      "6": 0,
      "7": 0,
      "8": 0,
      "9": 0,
      "10": 0,
      "11": 0,
      "12": 0,
      "13": 0,
      "14": 0,
      "15": 0,
      "16": 0,
      "17": 0,
      "18": 0,
      "19": 0,
      "20": 0,
      "21": 0,
      "22": 0,
      "23": 0,
      "24": 0,
      "25": 0,
      "26": 0,
      "27": 0,
      "28": 0,
      "29": 0,
      "30": 0,
      "31": 0,
      "32": 0,
      "33": 0,
      "34": 0,
      "35": 0,
      "36": 0,
      "37": 0,
      "38": 0,
      "39": 0,
      "40": 0,
      "41": 0,
      "42": 0,
      "43": 0,
      "44": 0,
      "45": 0,
      "46": 0,
      "47": 0,
      "48": 0,
      "49": 0,
      "50": 0,
      "51": 0,
      "52": 0,
      "53": 0,
      "54": 0,
      "55": 0,
      "56": 0,
      "57": 0,
      "58": 0,
      "59": 0,
      "60": 0,
      "61": 0,
      "62": 0,
      "63": 0,
      "64": 0,
      "65": 0,
      "66": 0,
      "67": 0,
      "68": 0,
      "69": 0,
      "70": 0,
      "71": 0,
      "72": 0,
      "73": 0,
      "74": 0,
      "75": 0,
      "76": 0,
      "77": 0,
      "78": 0,
      "79": 0,
      "80": 0,
      "81": 0,
      "82": 0,
      "83": 0,
      "84": 0,
      "85": 0,
      "86": 0,
      "87": 0,
      "88": 0,
      "89": 0,
      "90": 0,
      "91": 0,
      "92": 0,
      "93": 0,
      "94": 0,
      "95": 0,
      "96": 0,
      "97": 0,
      "98": 0,
      "99": 0,
      "100": 0,
      "101": 0,
      "102": 0,
      "103": 0,
      "104": 0,
      "105": 0,
      "106": 0,
      "107": 0,
      "108": 0,
      "109": 0,
      "110": 0,
      "111": 0,
      "112": 0,
      "113": 0,
      "114": 0,
      "115": 0,
      "116": 0,
      "117": 0,
      "118": 0,
      "119": 0,
      "120": 0,
      "121": 0,
      "122": 0,
      "123": 0,
      "124": 0,
      "125": 0,
      "126": 0,
      "127": 0,
      "128": 0,
      "129": 0,
      "130": 0,
      "131": 0,
      "132": 0,
      "133": 0,
      "134": 0,
      "135": 0,
      "136": 0,
      "137": 0,
      "138": 0,
      "139": 0,
      "140": 0,
      "141": 0,
      "142": 0,
      "143": 0,
      "144": 0,
      "145": 0,
      "146": 0,
      "147": 0,
      "148": 0,
      "149": 0,
      "150": 0,
      "151": 1,
      "152": 0,
      "153": 0,
      "154": 0,
      "155": 0,
      "156": 0,
      "157": 0,
      "158": 0,
      "159": 0,
      "160": 0,
      "161": 0,
      "162": 0,
      "163": 0,
      "164": 0,
      "165": 0,
      "166": 0,
      "167": 0
    },
    "b": {}
  },
  "D:\\fluentui\\packages\\react-charting\\src\\index.ts": {
    "path": "D:\\fluentui\\packages\\react-charting\\src\\index.ts",
    "statementMap": {
      "0": { "start": { "line": 1, "column": 0 }, "end": { "line": 1, "column": 37 } },
      "1": { "start": { "line": 2, "column": 0 }, "end": { "line": 2, "column": 29 } },
      "2": { "start": { "line": 3, "column": 0 }, "end": { "line": 3, "column": 26 } },
      "3": { "start": { "line": 4, "column": 0 }, "end": { "line": 4, "column": 28 } },
      "4": { "start": { "line": 5, "column": 0 }, "end": { "line": 5, "column": 28 } },
      "5": { "start": { "line": 6, "column": 0 }, "end": { "line": 6, "column": 27 } },
      "6": { "start": { "line": 7, "column": 0 }, "end": { "line": 7, "column": 34 } },
      "7": { "start": { "line": 8, "column": 0 }, "end": { "line": 8, "column": 35 } },
      "8": { "start": { "line": 9, "column": 0 }, "end": { "line": 9, "column": 42 } },
      "9": { "start": { "line": 10, "column": 0 }, "end": { "line": 10, "column": 42 } },
      "10": { "start": { "line": 11, "column": 0 }, "end": { "line": 11, "column": 33 } },
      "11": { "start": { "line": 12, "column": 0 }, "end": { "line": 12, "column": 30 } },
      "12": { "start": { "line": 13, "column": 0 }, "end": { "line": 13, "column": 49 } },
      "13": { "start": { "line": 14, "column": 0 }, "end": { "line": 14, "column": 31 } },
      "14": { "start": { "line": 15, "column": 0 }, "end": { "line": 15, "column": 30 } },
      "15": { "start": { "line": 16, "column": 0 }, "end": { "line": 16, "column": 28 } },
      "16": { "start": { "line": 17, "column": 0 }, "end": { "line": 17, "column": 28 } },
      "17": { "start": { "line": 19, "column": 0 }, "end": { "line": 19, "column": 19 } }
    },
    "fnMap": {},
    "branchMap": {},
    "s": {
      "0": 1,
      "1": 0,
      "2": 0,
      "3": 0,
      "4": 0,
      "5": 0,
      "6": 0,
      "7": 0,
      "8": 0,
      "9": 0,
      "10": 0,
      "11": 0,
      "12": 0,
      "13": 0,
      "14": 0,
      "15": 0,
      "16": 0,
      "17": 0
    },
    "f": {},
    "b": {}
  },
  "D:\\fluentui\\packages\\react-charting\\src\\components\\HorizontalBarChart\\HorizontalBarChart.base.tsx": {
    "path": "D:\\fluentui\\packages\\react-charting\\src\\components\\HorizontalBarChart\\HorizontalBarChart.base.tsx",
    "statementMap": {
      "0": { "start": { "line": 1, "column": 0 }, "end": { "line": 1, "column": 31 } },
      "1": { "start": { "line": 2, "column": 0 }, "end": { "line": 2, "column": 80 } },
      "2": { "start": { "line": 13, "column": 0 }, "end": { "line": 13, "column": 71 } },
      "3": { "start": { "line": 14, "column": 0 }, "end": { "line": 14, "column": 103 } },
      "4": { "start": { "line": 15, "column": 0 }, "end": { "line": 15, "column": 70 } },
      "5": { "start": { "line": 16, "column": 0 }, "end": { "line": 16, "column": 67 } },
      "6": { "start": { "line": 18, "column": 22 }, "end": { "line": 18, "column": 100 } },
      "7": { "start": { "line": 33, "column": 0 }, "end": { "line": 33, "column": 111 } },
      "8": { "start": { "line": 33, "column": 44 }, "end": { "line": 33, "column": 49 } },
      "9": { "start": { "line": 42, "column": 4 }, "end": { "line": 42, "column": null } },
      "10": { "start": { "line": 195, "column": 10 }, "end": { "line": 206, "column": 4 } },
      "11": { "start": { "line": 196, "column": 4 }, "end": { "line": 196, "column": 36 } },
      "12": { "start": { "line": 197, "column": 4 }, "end": { "line": 205, "column": null } },
      "13": { "start": { "line": 198, "column": 6 }, "end": { "line": 204, "column": 9 } },
      "14": { "start": { "line": 208, "column": 10 }, "end": { "line": 217, "column": 4 } },
      "15": { "start": { "line": 209, "column": 4 }, "end": { "line": 209, "column": 49 } },
      "16": { "start": { "line": 210, "column": 4 }, "end": { "line": 216, "column": 7 } },
      "17": { "start": { "line": 219, "column": 10 }, "end": { "line": 227, "column": 4 } },
      "18": { "start": { "line": 220, "column": 4 }, "end": { "line": 226, "column": 6 } },
      "19": { "start": { "line": 345, "column": 10 }, "end": { "line": 349, "column": 4 } },
      "20": { "start": { "line": 346, "column": 4 }, "end": { "line": 348, "column": 7 } },
      "21": { "start": { "line": 351, "column": 10 }, "end": { "line": 357, "column": 4 } },
      "22": { "start": { "line": 352, "column": 19 }, "end": { "line": 352, "column": 57 } },
      "23": { "start": { "line": 354, "column": 6 }, "end": { "line": 355, "column": 112 } },
      "24": { "start": { "line": 356, "column": 4 }, "end": { "line": 356, "column": 101 } },
      "25": { "start": { "line": 43, "column": 4 }, "end": { "line": 53, "column": 6 } },
      "26": { "start": { "line": 54, "column": 4 }, "end": { "line": 54, "column": 24 } },
      "27": { "start": { "line": 55, "column": 4 }, "end": { "line": 55, "column": 86 } },
      "28": { "start": { "line": 56, "column": 4 }, "end": { "line": 56, "column": 47 } },
      "29": { "start": { "line": 57, "column": 4 }, "end": { "line": 57, "column": 39 } },
      "30": { "start": { "line": 60, "column": 9 }, "end": { "line": 164, "column": null } },
      "31": { "start": { "line": 60, "column": 2 }, "end": { "line": 60, "column": 9 } },
      "32": { "start": { "line": 61, "column": 28 }, "end": { "line": 61, "column": 38 } },
      "33": { "start": { "line": 61, "column": 16 }, "end": { "line": 61, "column": 18 } },
      "34": { "start": { "line": 61, "column": 23 }, "end": { "line": 61, "column": 28 } },
      "35": { "start": { "line": 62, "column": 4 }, "end": { "line": 62, "column": 24 } },
      "36": { "start": { "line": 63, "column": 24 }, "end": { "line": 63, "column": 31 } },
      "37": { "start": { "line": 64, "column": 40 }, "end": { "line": 64, "column": 41 } },
      "38": { "start": { "line": 65, "column": 4 }, "end": { "line": 163, "column": 6 } },
      "39": { "start": { "line": 68, "column": 10 }, "end": { "line": 72, "column": null } },
      "40": { "start": { "line": 69, "column": 12 }, "end": { "line": 69, "column": 71 } },
      "41": { "start": { "line": 71, "column": 12 }, "end": { "line": 71, "column": 26 } },
      "42": { "start": { "line": 73, "column": 10 }, "end": { "line": 80, "column": 12 } },
      "43": { "start": { "line": 82, "column": 32 }, "end": { "line": 82, "column": 63 } },
      "44": { "start": { "line": 83, "column": 23 }, "end": { "line": 83, "column": 57 } },
      "45": { "start": { "line": 84, "column": 25 }, "end": { "line": 84, "column": 57 } },
      "46": { "start": { "line": 85, "column": 29 }, "end": { "line": 89, "column": 12 } },
      "47": { "start": { "line": 91, "column": 10 }, "end": { "line": 134, "column": 12 } },
      "48": { "start": { "line": 117, "column": 24 }, "end": { "line": 117, "column": 75 } },
      "49": { "start": { "line": 121, "column": 34 }, "end": { "line": 121, "column": 55 } },
      "50": { "start": { "line": 122, "column": 24 }, "end": { "line": 124, "column": null } },
      "51": { "start": { "line": 123, "column": 26 }, "end": { "line": 123, "column": 38 } },
      "52": { "start": { "line": 166, "column": 10 }, "end": { "line": 168, "column": null } },
      "53": { "start": { "line": 167, "column": 4 }, "end": { "line": 167, "column": 69 } },
      "54": { "start": { "line": 170, "column": 10 }, "end": { "line": 189, "column": null } },
      "55": { "start": { "line": 171, "column": 4 }, "end": { "line": 188, "column": null } },
      "56": { "start": { "line": 172, "column": 36 }, "end": { "line": 174, "column": null } },
      "57": { "start": { "line": 174, "column": 43 }, "end": { "line": 174, "column": null } },
      "58": { "start": { "line": 176, "column": 6 }, "end": { "line": 176, "column": 39 } },
      "59": { "start": { "line": 177, "column": 6 }, "end": { "line": 187, "column": 9 } },
      "60": { "start": { "line": 191, "column": 10 }, "end": { "line": 193, "column": null } },
      "61": { "start": { "line": 229, "column": 10 }, "end": { "line": 261, "column": null } },
      "62": { "start": { "line": 230, "column": 24 }, "end": { "line": 230, "column": 35 } },
      "63": { "start": { "line": 231, "column": 26 }, "end": { "line": 231, "column": 63 } },
      "64": { "start": { "line": 232, "column": 39 }, "end": { "line": 232, "column": 58 } },
      "65": { "start": { "line": 233, "column": 14 }, "end": { "line": 233, "column": 49 } },
      "66": { "start": { "line": 234, "column": 14 }, "end": { "line": 234, "column": 49 } },
      "67": { "start": { "line": 236, "column": 30 }, "end": { "line": 236, "column": 87 } },
      "68": { "start": { "line": 237, "column": 4 }, "end": { "line": 260, "column": null } },
      "69": { "start": { "line": 239, "column": 8 }, "end": { "line": 243, "column": 10 } },
      "70": { "start": { "line": 245, "column": 8 }, "end": { "line": 252, "column": 10 } },
      "71": { "start": { "line": 254, "column": 39 }, "end": { "line": 254, "column": 99 } },
      "72": { "start": { "line": 255, "column": 8 }, "end": { "line": 259, "column": 10 } },
      "73": { "start": { "line": 263, "column": 10 }, "end": { "line": 277, "column": null } },
      "74": { "start": { "line": 264, "column": 22 }, "end": { "line": 264, "column": 66 } },
      "75": { "start": { "line": 265, "column": 26 }, "end": { "line": 265, "column": 49 } },
      "76": { "start": { "line": 266, "column": 27 }, "end": { "line": 266, "column": 94 } },
      "77": { "start": { "line": 268, "column": 28 }, "end": { "line": 270, "column": 6 } },
      "78": { "start": { "line": 272, "column": 4 }, "end": { "line": 276, "column": 6 } },
      "79": { "start": { "line": 279, "column": 10 }, "end": { "line": 343, "column": null } },
      "80": { "start": { "line": 279, "column": 2 }, "end": { "line": 279, "column": 10 } },
      "81": { "start": { "line": 280, "column": 37 }, "end": { "line": 280, "column": 115 } },
      "82": { "start": { "line": 282, "column": 36 }, "end": { "line": 282, "column": 38 } },
      "83": { "start": { "line": 283, "column": 18 }, "end": { "line": 286, "column": null } },
      "84": { "start": { "line": 285, "column": 8 }, "end": { "line": 285, "column": null } },
      "85": { "start": { "line": 288, "column": 23 }, "end": { "line": 288, "column": 24 } },
      "86": { "start": { "line": 289, "column": 16 }, "end": { "line": 289, "column": 17 } },
      "87": { "start": { "line": 291, "column": 23 }, "end": { "line": 291, "column": 24 } },
      "88": { "start": { "line": 292, "column": 4 }, "end": { "line": 303, "column": 7 } },
      "89": { "start": { "line": 293, "column": 24 }, "end": { "line": 293, "column": 93 } },
      "90": { "start": { "line": 294, "column": 6 }, "end": { "line": 294, "column": 40 } },
      "91": { "start": { "line": 295, "column": 6 }, "end": { "line": 299, "column": null } },
      "92": { "start": { "line": 296, "column": 8 }, "end": { "line": 296, "column": 18 } },
      "93": { "start": { "line": 297, "column": 13 }, "end": { "line": 299, "column": null } },
      "94": { "start": { "line": 298, "column": 8 }, "end": { "line": 298, "column": 18 } },
      "95": { "start": { "line": 300, "column": 6 }, "end": { "line": 300, "column": 28 } },
      "96": { "start": { "line": 302, "column": 6 }, "end": { "line": 302, "column": 26 } },
      "97": { "start": { "line": 305, "column": 25 }, "end": { "line": 305, "column": 68 } },
      "98": { "start": { "line": 307, "column": 17 }, "end": { "line": 341, "column": 6 } },
      "99": { "start": { "line": 308, "column": 28 }, "end": { "line": 308, "column": 105 } },
      "100": { "start": { "line": 309, "column": 24 }, "end": { "line": 309, "column": 93 } },
      "101": { "start": { "line": 310, "column": 6 }, "end": { "line": 312, "column": null } },
      "102": { "start": { "line": 311, "column": 8 }, "end": { "line": 311, "column": 30 } },
      "103": { "start": { "line": 313, "column": 6 }, "end": { "line": 313, "column": 40 } },
      "104": { "start": { "line": 314, "column": 6 }, "end": { "line": 320, "column": null } },
      "105": { "start": { "line": 315, "column": 8 }, "end": { "line": 315, "column": 18 } },
      "106": { "start": { "line": 316, "column": 13 }, "end": { "line": 320, "column": null } },
      "107": { "start": { "line": 317, "column": 8 }, "end": { "line": 317, "column": 33 } },
      "108": { "start": { "line": 319, "column": 8 }, "end": { "line": 319, "column": 37 } },
      "109": { "start": { "line": 321, "column": 6 }, "end": { "line": 321, "column": 39 } },
      "110": { "start": { "line": 323, "column": 21 }, "end": { "line": 323, "column": 52 } },
      "111": { "start": { "line": 324, "column": 6 }, "end": { "line": 340, "column": 8 } },
      "112": { "start": { "line": 342, "column": 4 }, "end": { "line": 342, "column": 16 } },
      "113": { "start": { "line": 358, "column": 0 }, "end": { "line": 358, "column": null } },
      "114": { "start": { "line": 33, "column": 13 }, "end": { "line": 33, "column": 35 } }
    },
    "fnMap": {
      "0": {
        "name": "(anonymous_0)",
        "decl": { "start": { "line": 33, "column": 0 }, "end": { "line": 33, "column": 13 } },
        "loc": { "start": { "line": 33, "column": 0 }, "end": { "line": 358, "column": null } }
      },
      "1": {
        "name": "HorizontalBarChartBase",
        "decl": { "start": { "line": 41, "column": 2 }, "end": { "line": 41, "column": 14 } },
        "loc": { "start": { "line": 41, "column": 45 }, "end": { "line": 58, "column": 3 } }
      },
      "2": {
        "name": "(anonymous_2)",
        "decl": { "start": { "line": 195, "column": 35 }, "end": { "line": 195, "column": null } },
        "loc": { "start": { "line": 195, "column": 35 }, "end": { "line": 206, "column": 3 } }
      },
      "3": {
        "name": "(anonymous_3)",
        "decl": { "start": { "line": 208, "column": 25 }, "end": { "line": 208, "column": null } },
        "loc": { "start": { "line": 208, "column": 25 }, "end": { "line": 217, "column": 3 } }
      },
      "4": {
        "name": "(anonymous_4)",
        "decl": { "start": { "line": 219, "column": 30 }, "end": { "line": 219, "column": 31 } },
        "loc": { "start": { "line": 219, "column": 48 }, "end": { "line": 227, "column": 3 } }
      },
      "5": {
        "name": "(anonymous_5)",
        "decl": { "start": { "line": 345, "column": 26 }, "end": { "line": 345, "column": null } },
        "loc": { "start": { "line": 345, "column": 26 }, "end": { "line": 349, "column": 3 } }
      },
      "6": {
        "name": "(anonymous_6)",
        "decl": { "start": { "line": 351, "column": 26 }, "end": { "line": 351, "column": 27 } },
        "loc": { "start": { "line": 351, "column": 49 }, "end": { "line": 357, "column": 3 } }
      },
      "7": {
        "name": "(anonymous_7)",
        "decl": { "start": { "line": 60, "column": 2 }, "end": { "line": 60, "column": 9 } },
        "loc": { "start": { "line": 60, "column": 2 }, "end": { "line": 164, "column": 3 } }
      },
      "8": {
        "name": "(anonymous_8)",
        "decl": { "start": { "line": 67, "column": 19 }, "end": { "line": 67, "column": 20 } },
        "loc": { "start": { "line": 67, "column": 54 }, "end": { "line": 135, "column": 9 } }
      },
      "9": {
        "name": "(anonymous_9)",
        "decl": { "start": { "line": 116, "column": 27 }, "end": { "line": 116, "column": 28 } },
        "loc": { "start": { "line": 116, "column": 42 }, "end": { "line": 118, "column": 23 } }
      },
      "10": {
        "name": "(anonymous_10)",
        "decl": { "start": { "line": 120, "column": 31 }, "end": { "line": 120, "column": null } },
        "loc": { "start": { "line": 120, "column": 31 }, "end": { "line": 125, "column": 23 } }
      },
      "11": {
        "name": "(anonymous_11)",
        "decl": { "start": { "line": 166, "column": 2 }, "end": { "line": 166, "column": 10 } },
        "loc": { "start": { "line": 166, "column": 76 }, "end": { "line": 168, "column": 3 } }
      },
      "12": {
        "name": "(anonymous_12)",
        "decl": { "start": { "line": 170, "column": 2 }, "end": { "line": 170, "column": 10 } },
        "loc": { "start": { "line": 170, "column": 84 }, "end": { "line": 189, "column": 3 } }
      },
      "13": {
        "name": "(anonymous_13)",
[...]
        ]
      },
      "123": {
        "loc": { "start": { "line": 1203, "column": 8 }, "end": { "line": 1212, "column": null } },
        "type": "if",
        "locations": [
          { "start": { "line": 1203, "column": 8 }, "end": { "line": 1212, "column": null } },
          { "start": { "line": 1203, "column": 8 }, "end": { "line": 1212, "column": null } }
        ]
      },
      "124": {
        "loc": { "start": { "line": 1203, "column": 12 }, "end": { "line": 1203, "column": 58 } },
        "type": "binary-expr",
        "locations": [
          { "start": { "line": 1203, "column": 12 }, "end": { "line": 1203, "column": 32 } },
          { "start": { "line": 1203, "column": 36 }, "end": { "line": 1203, "column": 58 } }
        ]
      },
      "125": {
        "loc": { "start": { "line": 1224, "column": 9 }, "end": { "line": 1224, "column": 74 } },
        "type": "binary-expr",
        "locations": [
          { "start": { "line": 1224, "column": 9 }, "end": { "line": 1224, "column": 27 } },
          { "start": { "line": 1224, "column": 31 }, "end": { "line": 1224, "column": 46 } },
          { "start": { "line": 1224, "column": 50 }, "end": { "line": 1224, "column": 74 } }
        ]
      }
    },
    "s": {
      "0": 1,
      "1": 1,
      "2": 1,
      "3": 0,
      "4": 0,
      "5": 0,
      "6": 0,
      "7": 0,
      "8": 0,
      "9": 0,
      "10": 0,
      "11": 0,
      "12": 0,
      "13": 0,
      "14": 0,
      "15": 0,
      "16": 0,
      "17": 0,
      "18": 0,
      "19": 0,
      "20": 0,
      "21": 0,
      "22": 0,
      "23": 0,
      "24": 0,
      "25": 0,
      "26": 0,
      "27": 0,
      "28": 0,
      "29": 0,
      "30": 0,
      "31": 0,
      "32": 0,
      "33": 0,
      "34": 0,
      "35": 0,
      "36": 0,
      "37": 0,
      "38": 0,
      "39": 0,
      "40": 0,
      "41": 0,
      "42": 0,
      "43": 0,
      "44": 0,
      "45": 0,
      "46": 0,
      "47": 0,
      "48": 0,
      "49": 0,
      "50": 0,
      "51": 0,
      "52": 0,
      "53": 0,
      "54": 0,
      "55": 0,
      "56": 0,
      "57": 0,
      "58": 0,
      "59": 0,
      "60": 0,
      "61": 0,
      "62": 0,
      "63": 0,
      "64": 0,
      "65": 0,
      "66": 0,
      "67": 0,
      "68": 0,
      "69": 0,
      "70": 0,
      "71": 0,
      "72": 0,
      "73": 0,
      "74": 0,
      "75": 0,
      "76": 0,
      "77": 0,
      "78": 0,
      "79": 0,
      "80": 0,
      "81": 0,
      "82": 0,
      "83": 0,
      "84": 0,
      "85": 0,
      "86": 0,
      "87": 0,
      "88": 0,
      "89": 0,
      "90": 0,
      "91": 0,
      "92": 0,
      "93": 0,
      "94": 0,
      "95": 0,
      "96": 0,
      "97": 0,
      "98": 0,
      "99": 0,
      "100": 0,
      "101": 0,
      "102": 0,
      "103": 0,
      "104": 0,
      "105": 0,
      "106": 0,
      "107": 0,
      "108": 0,
      "109": 0,
      "110": 0,
      "111": 0,
      "112": 0,
      "113": 0,
      "114": 0,
      "115": 0,
      "116": 0,
      "117": 0,
      "118": 0,
      "119": 0,
      "120": 0,
      "121": 0,
      "122": 0,
      "123": 0,
      "124": 0,
      "125": 0,
      "126": 0,
      "127": 0,
      "128": 0,
      "129": 0,
      "130": 0,
      "131": 0,
      "132": 0,
      "133": 0,
      "134": 0,
      "135": 0,
      "136": 0,
      "137": 0,
      "138": 0,
      "139": 0,
      "140": 0,
      "141": 0,
      "142": 0,
      "143": 0,
      "144": 0,
      "145": 0,
      "146": 0,
      "147": 0,
      "148": 0,
      "149": 0,
      "150": 0,
      "151": 0,
      "152": 0,
      "153": 0,
      "154": 0,
      "155": 0,
      "156": 0,
      "157": 0,
      "158": 0,
      "159": 0,
      "160": 0,
      "161": 0,
      "162": 0,
      "163": 0,
      "164": 0,
      "165": 0,
      "166": 0,
      "167": 0,
      "168": 0,
      "169": 0,
      "170": 0,
      "171": 0,
      "172": 0,
      "173": 0,
      "174": 0,
      "175": 0,
      "176": 0,
      "177": 0,
      "178": 0,
      "179": 0,
      "180": 0,
      "181": 0,
      "182": 0,
      "183": 0,
      "184": 0,
      "185": 0,
      "186": 0,
      "187": 0,
      "188": 0,
      "189": 0,
      "190": 0,
      "191": 0,
      "192": 0,
      "193": 0,
      "194": 0,
      "195": 0,
      "196": 0,
      "197": 0,
      "198": 0,
      "199": 0,
      "200": 0,
      "201": 0,
      "202": 0,
      "203": 0,
      "204": 0,
      "205": 0,
      "206": 0,
      "207": 0,
      "208": 0,
      "209": 0,
      "210": 0,
      "211": 0,
      "212": 0,
      "213": 0,
      "214": 0,
      "215": 0,
      "216": 0,
      "217": 0,
      "218": 0,
      "219": 0,
      "220": 0,
      "221": 0,
      "222": 0,
      "223": 0,
      "224": 0,
      "225": 0,
      "226": 0,
      "227": 0,
      "228": 0,
      "229": 0,
      "230": 0,
      "231": 0,
      "232": 0,
      "233": 0,
      "234": 0,
      "235": 0,
      "236": 0,
      "237": 0,
      "238": 0,
      "239": 0,
      "240": 0,
      "241": 0,
      "242": 0,
      "243": 0,
      "244": 0,
      "245": 0,
      "246": 0,
      "247": 0,
      "248": 0,
      "249": 0,
      "250": 0,
      "251": 0,
      "252": 0,
      "253": 0,
      "254": 0,
      "255": 0,
      "256": 0,
      "257": 0,
      "258": 0,
      "259": 0,
      "260": 0,
      "261": 0,
      "262": 0,
      "263": 0,
      "264": 0,
      "265": 0,
      "266": 0,
      "267": 0,
      "268": 0,
      "269": 0,
      "270": 0,
      "271": 0,
      "272": 0,
      "273": 0,
      "274": 0,
      "275": 0,
      "276": 0,
      "277": 0,
      "278": 0,
      "279": 0,
      "280": 0,
      "281": 0,
      "282": 0,
      "283": 0,
      "284": 0,
      "285": 0,
      "286": 0,
      "287": 0,
      "288": 0,
      "289": 0,
      "290": 0,
      "291": 0,
      "292": 0,
      "293": 0,
      "294": 0,
      "295": 0,
      "296": 0,
      "297": 0,
      "298": 0,
      "299": 0,
      "300": 0,
      "301": 0,
      "302": 0,
      "303": 0,
      "304": 0,
      "305": 0,
      "306": 0,
      "307": 0,
      "308": 0,
      "309": 0,
      "310": 0,
      "311": 0,
      "312": 0,
      "313": 0,
      "314": 0,
      "315": 0,
      "316": 0,
      "317": 0,
      "318": 0,
      "319": 0,
      "320": 0,
      "321": 0,
      "322": 0,
      "323": 0,
      "324": 0,
      "325": 0,
      "326": 0,
      "327": 0,
      "328": 0,
      "329": 0,
      "330": 0,
      "331": 0,
      "332": 0,
      "333": 0,
      "334": 0,
      "335": 0,
      "336": 0,
      "337": 0,
      "338": 0,
      "339": 0,
      "340": 0,
      "341": 0,
      "342": 0,
      "343": 0,
      "344": 0,
      "345": 0,
      "346": 0,
      "347": 0,
      "348": 0,
      "349": 0,
      "350": 0,
      "351": 0,
      "352": 0,
      "353": 0,
      "354": 0,
      "355": 0,
      "356": 0,
      "357": 0,
      "358": 0,
      "359": 0,
      "360": 0,
      "361": 0,
      "362": 0,
      "363": 0,
      "364": 0,
      "365": 0,
      "366": 0,
      "367": 0,
      "368": 0,
      "369": 0,
      "370": 0,
      "371": 0,
      "372": 0,
      "373": 0,
      "374": 0,
      "375": 0,
      "376": 0,
      "377": 0,
      "378": 0,
      "379": 0,
      "380": 0,
      "381": 0,
      "382": 0,
      "383": 0,
      "384": 0,
      "385": 0,
      "386": 0,
      "387": 0,
      "388": 0,
      "389": 0,
      "390": 0,
      "391": 0,
      "392": 0,
      "393": 0,
      "394": 0,
      "395": 0,
      "396": 0,
      "397": 0,
      "398": 0,
      "399": 0,
      "400": 0,
      "401": 0,
      "402": 0,
      "403": 0,
      "404": 0,
      "405": 0,
      "406": 0,
      "407": 0,
      "408": 0,
      "409": 0,
      "410": 0,
      "411": 0,
      "412": 0,
      "413": 0,
      "414": 0,
      "415": 0,
      "416": 0,
      "417": 0,
      "418": 0,
      "419": 0,
      "420": 0,
      "421": 0,
      "422": 0,
      "423": 0,
      "424": 0,
      "425": 0,
      "426": 0,
      "427": 0,
      "428": 0,
      "429": 0,
      "430": 0,
      "431": 0,
      "432": 0,
      "433": 0,
      "434": 0,
      "435": 0,
      "436": 0,
      "437": 0,
      "438": 0,
      "439": 0,
      "440": 0,
      "441": 0,
      "442": 0,
      "443": 0,
      "444": 0,
      "445": 0,
      "446": 0,
      "447": 0,
      "448": 0,
      "449": 0,
      "450": 0,
      "451": 0,
      "452": 0,
      "453": 0,
      "454": 0,
      "455": 0,
      "456": 0,
      "457": 0,
      "458": 0,
      "459": 0
    },
    "f": {
      "0": 0,
      "1": 0,
      "2": 0,
      "3": 0,
      "4": 0,
      "5": 0,
      "6": 0,
      "7": 0,
      "8": 0,
      "9": 0,
      "10": 0,
      "11": 0,
      "12": 0,
      "13": 0,
      "14": 0,
      "15": 0,
      "16": 0,
      "17": 0,
      "18": 0,
      "19": 0,
      "20": 0,
      "21": 0,
      "22": 0,
      "23": 0,
      "24": 0,
      "25": 0,
      "26": 0,
      "27": 0,
      "28": 0,
      "29": 0,
      "30": 0,
      "31": 0,
      "32": 0,
      "33": 0,
      "34": 0,
      "35": 0,
      "36": 0,
      "37": 0,
      "38": 0,
      "39": 0,
      "40": 0,
      "41": 0,
      "42": 0,
      "43": 0,
      "44": 0,
      "45": 0,
      "46": 0,
      "47": 0,
      "48": 0,
      "49": 0,
      "50": 0,
      "51": 0,
      "52": 0,
      "53": 0,
      "54": 0,
      "55": 0,
      "56": 0,
      "57": 0,
      "58": 0,
      "59": 0,
      "60": 0,
      "61": 0,
      "62": 0,
      "63": 0,
      "64": 0,
      "65": 0,
      "66": 0,
      "67": 0,
      "68": 0,
      "69": 0,
      "70": 0,
      "71": 0,
      "72": 0,
      "73": 0,
      "74": 0,
      "75": 0
    },
    "b": {
      "0": [0, 0],
      "1": [0, 0],
      "2": [0, 0],
      "3": [0, 0],
      "4": [0, 0],
      "5": [0, 0],
      "6": [0, 0],
      "7": [0, 0],
      "8": [0, 0],
      "9": [0, 0],
      "10": [0, 0],
      "11": [0, 0],
      "12": [0, 0],
      "13": [0, 0],
      "14": [0, 0],
      "15": [0, 0],
      "16": [0, 0],
      "17": [0, 0],
      "18": [0, 0],
      "19": [0, 0],
      "20": [0, 0],
      "21": [0, 0],
      "22": [0, 0],
      "23": [0, 0],
      "24": [0, 0],
      "25": [0, 0],
      "26": [0, 0],
      "27": [0, 0],
      "28": [0, 0],
      "29": [0, 0],
      "30": [0, 0],
      "31": [0, 0],
      "32": [0, 0],
      "33": [0, 0],
      "34": [0, 0],
      "35": [0, 0],
      "36": [0, 0],
      "37": [0, 0],
      "38": [0, 0],
      "39": [0, 0],
      "40": [0, 0],
      "41": [0, 0],
      "42": [0, 0],
      "43": [0, 0],
      "44": [0, 0],
      "45": [0, 0],
      "46": [0, 0],
      "47": [0, 0],
      "48": [0, 0],
      "49": [0, 0],
      "50": [0, 0],
      "51": [0, 0],
      "52": [0, 0],
      "53": [0, 0],
      "54": [0, 0],
      "55": [0, 0],
      "56": [0, 0],
      "57": [0, 0],
      "58": [0, 0],
      "59": [0, 0],
      "60": [0, 0],
      "61": [0, 0],
      "62": [0, 0],
      "63": [0, 0],
      "64": [0, 0],
      "65": [0, 0],
      "66": [0, 0],
      "67": [0, 0],
      "68": [0, 0],
      "69": [0, 0],
      "70": [0, 0],
      "71": [0, 0],
      "72": [0, 0],
      "73": [0, 0],
      "74": [0, 0],
      "75": [0, 0],
      "76": [0, 0],
      "77": [0, 0],
      "78": [0, 0],
      "79": [0, 0],
      "80": [0, 0],
      "81": [0, 0],
      "82": [0, 0],
      "83": [0, 0],
      "84": [0, 0],
      "85": [0, 0],
      "86": [0, 0],
      "87": [0, 0, 0, 0, 0],
      "88": [0, 0],
      "89": [0, 0, 0],
      "90": [0, 0, 0, 0, 0],
      "91": [0, 0, 0, 0, 0],
      "92": [0, 0],
      "93": [0, 0, 0],
      "94": [0, 0, 0],
      "95": [0, 0],
      "96": [0, 0],
      "97": [0, 0],
      "98": [0, 0],
      "99": [0, 0],
      "100": [0, 0],
      "101": [0, 0],
      "102": [0, 0],
      "103": [0, 0],
      "104": [0, 0],
      "105": [0, 0],
      "106": [0, 0],
      "107": [0, 0],
      "108": [0, 0],
      "109": [0, 0],
      "110": [0, 0],
      "111": [0, 0],
      "112": [0, 0],
      "113": [0, 0],
      "114": [0, 0],
      "115": [0, 0],
      "116": [0, 0],
      "117": [0, 0],
      "118": [0, 0],
      "119": [0, 0],
      "120": [0, 0],
      "121": [0, 0],
      "122": [0, 0],
      "123": [0, 0],
      "124": [0, 0],
      "125": [0, 0, 0]
    }
  },
  "D:\\fluentui\\packages\\react-charting\\src\\utilities\\ChartHoverCard\\ChartHoverCard.base.tsx": {
    "path": "D:\\fluentui\\packages\\react-charting\\src\\utilities\\ChartHoverCard\\ChartHoverCard.base.tsx",
    "statementMap": {
      "0": { "start": { "line": 1, "column": 0 }, "end": { "line": 1, "column": 31 } },
      "1": { "start": { "line": 3, "column": 0 }, "end": { "line": 3, "column": 73 } },
      "2": { "start": { "line": 4, "column": 0 }, "end": { "line": 4, "column": 49 } },
      "3": { "start": { "line": 6, "column": 22 }, "end": { "line": 6, "column": 92 } },
      "4": { "start": { "line": 7, "column": 0 }, "end": { "line": 7, "column": 81 } },
      "5": { "start": { "line": 7, "column": 40 }, "end": { "line": 7, "column": 45 } },
      "6": { "start": { "line": 9, "column": 9 }, "end": { "line": 41, "column": null } },
      "7": { "start": { "line": 10, "column": 97 }, "end": { "line": 10, "column": 107 } },
      "8": { "start": { "line": 10, "column": 17 }, "end": { "line": 10, "column": 19 } },
      "9": { "start": { "line": 10, "column": 25 }, "end": { "line": 10, "column": 27 } },
      "10": { "start": { "line": 10, "column": 33 }, "end": { "line": 10, "column": 35 } },
      "11": { "start": { "line": 10, "column": 41 }, "end": { "line": 10, "column": 43 } },
      "12": { "start": { "line": 10, "column": 49 }, "end": { "line": 10, "column": 51 } },
      "13": { "start": { "line": 10, "column": 56 }, "end": { "line": 10, "column": 58 } },
      "14": { "start": { "line": 10, "column": 63 }, "end": { "line": 10, "column": 65 } },
      "15": { "start": { "line": 10, "column": 83 }, "end": { "line": 10, "column": 85 } },
      "16": { "start": { "line": 10, "column": 92 }, "end": { "line": 10, "column": 97 } },
      "17": { "start": { "line": 11, "column": 4 }, "end": { "line": 16, "column": 7 } },
      "18": { "start": { "line": 17, "column": 4 }, "end": { "line": 40, "column": 6 } },
      "19": { "start": { "line": 42, "column": 0 }, "end": { "line": 42, "column": null } },
      "20": { "start": { "line": 7, "column": 13 }, "end": { "line": 7, "column": 31 } }
    },
    "fnMap": {
      "0": {
        "name": "(anonymous_0)",
        "decl": { "start": { "line": 7, "column": 0 }, "end": { "line": 7, "column": 13 } },
        "loc": { "start": { "line": 7, "column": 0 }, "end": { "line": 42, "column": null } }
      },
      "1": {
        "name": "(anonymous_2)",
        "decl": { "start": { "line": 9, "column": 2 }, "end": { "line": 9, "column": 9 } },
        "loc": { "start": { "line": 9, "column": 2 }, "end": { "line": 41, "column": 3 } }
      }
    },
    "branchMap": {
      "0": {
        "loc": { "start": { "line": 29, "column": 11 }, "end": { "line": 35, "column": null } },
        "type": "binary-expr",
        "locations": [
          { "start": { "line": 29, "column": 11 }, "end": { "line": 29, "column": 18 } },
          { "start": { "line": 30, "column": 12 }, "end": { "line": 34, "column": null } }
        ]
      },
      "1": {
        "loc": { "start": { "line": 38, "column": 9 }, "end": { "line": 38, "column": 112 } },
        "type": "binary-expr",
        "locations": [
          { "start": { "line": 38, "column": 9 }, "end": { "line": 38, "column": 29 } },
          { "start": { "line": 38, "column": 33 }, "end": { "line": 38, "column": 112 } }
        ]
      }
    },
    "s": {
      "0": 1,
      "1": 1,
      "2": 1,
      "3": 1,
      "4": 1,
      "5": 1,
      "6": 1,
      "7": 0,
      "8": 0,
      "9": 0,
      "10": 0,
      "11": 0,
      "12": 0,
      "13": 0,
      "14": 0,
      "15": 0,
      "16": 0,
      "17": 0,
      "18": 0,
      "19": 1,
      "20": 1
    },
    "f": { "0": 1, "1": 0 },
    "b": { "0": [0, 0], "1": [0, 0] }
  },
  "D:\\fluentui\\packages\\react-charting\\src\\utilities\\ChartHoverCard\\ChartHoverCard.styles.ts": {
    "path": "D:\\fluentui\\packages\\react-charting\\src\\utilities\\ChartHoverCard\\ChartHoverCard.styles.ts",
    "statementMap": {
      "0": { "start": { "line": 2, "column": 0 }, "end": { "line": 2, "column": 58 } },
      "1": { "start": { "line": 4, "column": 39 }, "end": { "line": 83, "column": 1 } },
      "2": { "start": { "line": 5, "column": 59 }, "end": { "line": 5, "column": 65 } },
      "3": { "start": { "line": 5, "column": 46 }, "end": { "line": 5, "column": 59 } },
      "4": { "start": { "line": 6, "column": 2 }, "end": { "line": 82, "column": 4 } },
      "5": { "start": { "line": 4, "column": 13 }, "end": { "line": 4, "column": 39 } }
    },
    "fnMap": {
      "0": {
        "name": "(anonymous_0)",
        "decl": { "start": { "line": 4, "column": 39 }, "end": { "line": 4, "column": 40 } },
        "loc": { "start": { "line": 4, "column": 72 }, "end": { "line": 83, "column": 1 } }
      }
    },
    "branchMap": {
      "0": {
        "loc": { "start": { "line": 5, "column": 46 }, "end": { "line": 5, "column": 59 } },
        "type": "cond-expr",
        "locations": [
          { "start": { "line": 5, "column": 49 }, "end": { "line": 5, "column": 54 } },
          { "start": { "line": 5, "column": 54 }, "end": { "line": 5, "column": 59 } }
        ]
      },
      "1": {
        "loc": { "start": { "line": 32, "column": 19 }, "end": { "line": 32, "column": 44 } },
        "type": "cond-expr",
        "locations": [
          { "start": { "line": 32, "column": 28 }, "end": { "line": 32, "column": 34 } },
          { "start": { "line": 32, "column": 37 }, "end": { "line": 32, "column": 44 } }
        ]
      },
      "2": {
        "loc": { "start": { "line": 49, "column": 15 }, "end": { "line": 49, "column": 60 } },
        "type": "cond-expr",
        "locations": [
          { "start": { "line": 49, "column": 23 }, "end": { "line": 49, "column": 28 } },
          { "start": { "line": 49, "column": 31 }, "end": { "line": 49, "column": 60 } }
        ]
      },
      "3": {
        "loc": { "start": { "line": 55, "column": 6 }, "end": { "line": 58, "column": null } },
        "type": "binary-expr",
        "locations": [
          { "start": { "line": 55, "column": 6 }, "end": { "line": 55, "column": 20 } },
          { "start": { "line": 55, "column": 24 }, "end": { "line": 58, "column": null } }
        ]
      }
    },
    "s": { "0": 1, "1": 1, "2": 0, "3": 0, "4": 0, "5": 1 },
    "f": { "0": 0 },
    "b": { "0": [0, 0], "1": [0, 0], "2": [0, 0], "3": [0, 0] }
  },
  "D:\\fluentui\\packages\\react-charting\\src\\utilities\\ChartHoverCard\\ChartHoverCard.tsx": {
    "path": "D:\\fluentui\\packages\\react-charting\\src\\utilities\\ChartHoverCard\\ChartHoverCard.tsx",
    "statementMap": {
      "0": { "start": { "line": 1, "column": 0 }, "end": { "line": 1, "column": 41 } },
      "1": { "start": { "line": 3, "column": 0 }, "end": { "line": 3, "column": 59 } },
      "2": { "start": { "line": 4, "column": 0 }, "end": { "line": 4, "column": 66 } },
      "3": { "start": { "line": 8, "column": 13 }, "end": { "line": 12, "column": 47 } }
    },
    "fnMap": {},
    "branchMap": {},
    "s": { "0": 1, "1": 1, "2": 1, "3": 1 },
    "f": {},
    "b": {}
  },
  "D:\\fluentui\\packages\\react-charting\\src\\utilities\\ChartHoverCard\\index.ts": {
    "path": "D:\\fluentui\\packages\\react-charting\\src\\utilities\\ChartHoverCard\\index.ts",
    "statementMap": {
      "0": { "start": { "line": 1, "column": 0 }, "end": { "line": 1, "column": 33 } },
      "1": { "start": { "line": 2, "column": 0 }, "end": { "line": 2, "column": 40 } },
      "2": { "start": { "line": 3, "column": 0 }, "end": { "line": 3, "column": 39 } }
    },
    "fnMap": {},
    "branchMap": {},
    "s": { "0": 1, "1": 1, "2": 1 },
    "f": {},
    "b": {}
  }
}
